ERROR - 2022-04-02 22:17:53 --> Error connecting to the database: Access denied for user '****'@'localhost' (using password: YES)
CRITICAL - 2022-04-02 22:17:53 --> Unable to connect to the database.
Main connection [MySQLi]: Access denied for user '****'@'localhost' (using password: YES)
#0 C:\Users\jesus\Documents\GitHub\vet\system\Database\BaseConnection.php(577): CodeIgniter\Database\BaseConnection->initialize()
#1 C:\Users\jesus\Documents\GitHub\vet\system\Database\BaseBuilder.php(1455): CodeIgniter\Database\BaseConnection->query('SELECT *\nFROM `...', Array, false)
#2 C:\Users\jesus\Documents\GitHub\vet\system\Model.php(183): CodeIgniter\Database\BaseBuilder->get()
#3 C:\Users\jesus\Documents\GitHub\vet\system\BaseModel.php(584): CodeIgniter\Model->doFindAll(0, 0)
#4 C:\Users\jesus\Documents\GitHub\vet\app\Controllers\Usuario.php(14): CodeIgniter\BaseModel->findAll()
#5 C:\Users\jesus\Documents\GitHub\vet\system\CodeIgniter.php(832): App\Controllers\Usuario->index()
#6 C:\Users\jesus\Documents\GitHub\vet\system\CodeIgniter.php(419): CodeIgniter\CodeIgniter->runController(Object(App\Controllers\Usuario))
#7 C:\Users\jesus\Documents\GitHub\vet\system\CodeIgniter.php(326): CodeIgniter\CodeIgniter->handleRequest(NULL, Object(Config\Cache), false)
#8 C:\Users\jesus\Documents\GitHub\vet\public\index.php(37): CodeIgniter\CodeIgniter->run()
#9 {main}
ERROR - 2022-04-02 22:18:14 --> Error connecting to the database: Access denied for user '****'@'localhost' (using password: YES)
CRITICAL - 2022-04-02 22:18:14 --> Unable to connect to the database.
Main connection [MySQLi]: Access denied for user '****'@'localhost' (using password: YES)
#0 C:\Users\jesus\Documents\GitHub\vet\system\Database\BaseConnection.php(577): CodeIgniter\Database\BaseConnection->initialize()
#1 C:\Users\jesus\Documents\GitHub\vet\system\Database\BaseBuilder.php(1455): CodeIgniter\Database\BaseConnection->query('SELECT *\nFROM `...', Array, false)
#2 C:\Users\jesus\Documents\GitHub\vet\system\Model.php(183): CodeIgniter\Database\BaseBuilder->get()
#3 C:\Users\jesus\Documents\GitHub\vet\system\BaseModel.php(584): CodeIgniter\Model->doFindAll(0, 0)
#4 C:\Users\jesus\Documents\GitHub\vet\app\Controllers\Usuario.php(14): CodeIgniter\BaseModel->findAll()
#5 C:\Users\jesus\Documents\GitHub\vet\system\CodeIgniter.php(832): App\Controllers\Usuario->index()
#6 C:\Users\jesus\Documents\GitHub\vet\system\CodeIgniter.php(419): CodeIgniter\CodeIgniter->runController(Object(App\Controllers\Usuario))
#7 C:\Users\jesus\Documents\GitHub\vet\system\CodeIgniter.php(326): CodeIgniter\CodeIgniter->handleRequest(NULL, Object(Config\Cache), false)
#8 C:\Users\jesus\Documents\GitHub\vet\public\index.php(37): CodeIgniter\CodeIgniter->run()
#9 {main}
CRITICAL - 2022-04-02 23:57:41 --> include(application/views/plantilla/head.php): failed to open stream: No such file or directory
#0 C:\Users\jesus\Documents\GitHub\vet\app\Views\usuario\index.php(5): CodeIgniter\Debug\Exceptions->errorHandler(2, 'include(applica...', 'C:\\Users\\jesus\\...', 5, Array)
#1 C:\Users\jesus\Documents\GitHub\vet\app\Views\usuario\index.php(5): include()
#2 C:\Users\jesus\Documents\GitHub\vet\system\View\View.php(210): include('C:\\Users\\jesus\\...')
#3 C:\Users\jesus\Documents\GitHub\vet\system\View\View.php(213): CodeIgniter\View\View->CodeIgniter\View\{closure}()
#4 C:\Users\jesus\Documents\GitHub\vet\system\Common.php(1089): CodeIgniter\View\View->render('usuario/index', Array, true)
#5 C:\Users\jesus\Documents\GitHub\vet\app\Controllers\Usuario.php(15): view('usuario/index')
#6 C:\Users\jesus\Documents\GitHub\vet\system\CodeIgniter.php(832): App\Controllers\Usuario->index()
#7 C:\Users\jesus\Documents\GitHub\vet\system\CodeIgniter.php(419): CodeIgniter\CodeIgniter->runController(Object(App\Controllers\Usuario))
#8 C:\Users\jesus\Documents\GitHub\vet\system\CodeIgniter.php(326): CodeIgniter\CodeIgniter->handleRequest(NULL, Object(Config\Cache), false)
#9 C:\Users\jesus\Documents\GitHub\vet\public\index.php(37): CodeIgniter\CodeIgniter->run()
#10 {main}
CRITICAL - 2022-04-02 23:58:48 --> include(application/views/plantilla/head.php): failed to open stream: No such file or directory
#0 C:\Users\jesus\Documents\GitHub\vet\app\Views\usuario\index.php(5): CodeIgniter\Debug\Exceptions->errorHandler(2, 'include(applica...', 'C:\\Users\\jesus\\...', 5, Array)
#1 C:\Users\jesus\Documents\GitHub\vet\app\Views\usuario\index.php(5): include()
#2 C:\Users\jesus\Documents\GitHub\vet\system\View\View.php(210): include('C:\\Users\\jesus\\...')
#3 C:\Users\jesus\Documents\GitHub\vet\system\View\View.php(213): CodeIgniter\View\View->CodeIgniter\View\{closure}()
#4 C:\Users\jesus\Documents\GitHub\vet\system\Common.php(1089): CodeIgniter\View\View->render('usuario/index', Array, true)
#5 C:\Users\jesus\Documents\GitHub\vet\app\Controllers\Usuario.php(15): view('usuario/index')
#6 C:\Users\jesus\Documents\GitHub\vet\system\CodeIgniter.php(832): App\Controllers\Usuario->index()
#7 C:\Users\jesus\Documents\GitHub\vet\system\CodeIgniter.php(419): CodeIgniter\CodeIgniter->runController(Object(App\Controllers\Usuario))
#8 C:\Users\jesus\Documents\GitHub\vet\system\CodeIgniter.php(326): CodeIgniter\CodeIgniter->handleRequest(NULL, Object(Config\Cache), false)
#9 C:\Users\jesus\Documents\GitHub\vet\public\index.php(37): CodeIgniter\CodeIgniter->run()
#10 {main}
