CRITICAL - 2022-04-03 00:00:42 --> include(application/views/plantilla/head.php): failed to open stream: No such file or directory
#0 C:\Users\jesus\Documents\GitHub\vet\app\Views\usuario\index.php(5): CodeIgniter\Debug\Exceptions->errorHandler(2, 'include(applica...', 'C:\\Users\\jesus\\...', 5, Array)
#1 C:\Users\jesus\Documents\GitHub\vet\app\Views\usuario\index.php(5): include()
#2 C:\Users\jesus\Documents\GitHub\vet\system\View\View.php(210): include('C:\\Users\\jesus\\...')
#3 C:\Users\jesus\Documents\GitHub\vet\system\View\View.php(213): CodeIgniter\View\View->CodeIgniter\View\{closure}()
#4 C:\Users\jesus\Documents\GitHub\vet\system\Common.php(1089): CodeIgniter\View\View->render('usuario/index', Array, true)
#5 C:\Users\jesus\Documents\GitHub\vet\app\Controllers\Usuario.php(15): view('usuario/index')
#6 C:\Users\jesus\Documents\GitHub\vet\system\CodeIgniter.php(832): App\Controllers\Usuario->index()
#7 C:\Users\jesus\Documents\GitHub\vet\system\CodeIgniter.php(419): CodeIgniter\CodeIgniter->runController(Object(App\Controllers\Usuario))
#8 C:\Users\jesus\Documents\GitHub\vet\system\CodeIgniter.php(326): CodeIgniter\CodeIgniter->handleRequest(NULL, Object(Config\Cache), false)
#9 C:\Users\jesus\Documents\GitHub\vet\public\index.php(37): CodeIgniter\CodeIgniter->run()
#10 {main}
CRITICAL - 2022-04-03 00:01:24 --> include(application/views/plantilla/head.php): failed to open stream: No such file or directory
#0 C:\Users\jesus\Documents\GitHub\vet\app\Views\usuario\index.php(5): CodeIgniter\Debug\Exceptions->errorHandler(2, 'include(applica...', 'C:\\Users\\jesus\\...', 5, Array)
#1 C:\Users\jesus\Documents\GitHub\vet\app\Views\usuario\index.php(5): include()
#2 C:\Users\jesus\Documents\GitHub\vet\system\View\View.php(210): include('C:\\Users\\jesus\\...')
#3 C:\Users\jesus\Documents\GitHub\vet\system\View\View.php(213): CodeIgniter\View\View->CodeIgniter\View\{closure}()
#4 C:\Users\jesus\Documents\GitHub\vet\system\Common.php(1089): CodeIgniter\View\View->render('usuario/index', Array, true)
#5 C:\Users\jesus\Documents\GitHub\vet\app\Controllers\Usuario.php(15): view('usuario/index')
#6 C:\Users\jesus\Documents\GitHub\vet\system\CodeIgniter.php(832): App\Controllers\Usuario->index()
#7 C:\Users\jesus\Documents\GitHub\vet\system\CodeIgniter.php(419): CodeIgniter\CodeIgniter->runController(Object(App\Controllers\Usuario))
#8 C:\Users\jesus\Documents\GitHub\vet\system\CodeIgniter.php(326): CodeIgniter\CodeIgniter->handleRequest(NULL, Object(Config\Cache), false)
#9 C:\Users\jesus\Documents\GitHub\vet\public\index.php(37): CodeIgniter\CodeIgniter->run()
#10 {main}
CRITICAL - 2022-04-03 00:04:19 --> Invalid argument supplied for foreach()
#0 C:\Users\jesus\Documents\GitHub\vet\app\Views\usuario\index.php(74): CodeIgniter\Debug\Exceptions->errorHandler(2, 'Invalid argumen...', 'C:\\Users\\jesus\\...', 74, Array)
#1 C:\Users\jesus\Documents\GitHub\vet\system\View\View.php(210): include('C:\\Users\\jesus\\...')
#2 C:\Users\jesus\Documents\GitHub\vet\system\View\View.php(213): CodeIgniter\View\View->CodeIgniter\View\{closure}()
#3 C:\Users\jesus\Documents\GitHub\vet\system\Common.php(1089): CodeIgniter\View\View->render('usuario/index', Array, true)
#4 C:\Users\jesus\Documents\GitHub\vet\app\Controllers\Usuario.php(15): view('usuario/index')
#5 C:\Users\jesus\Documents\GitHub\vet\system\CodeIgniter.php(832): App\Controllers\Usuario->index()
#6 C:\Users\jesus\Documents\GitHub\vet\system\CodeIgniter.php(419): CodeIgniter\CodeIgniter->runController(Object(App\Controllers\Usuario))
#7 C:\Users\jesus\Documents\GitHub\vet\system\CodeIgniter.php(326): CodeIgniter\CodeIgniter->handleRequest(NULL, Object(Config\Cache), false)
#8 C:\Users\jesus\Documents\GitHub\vet\public\index.php(37): CodeIgniter\CodeIgniter->run()
#9 {main}
CRITICAL - 2022-04-03 00:18:28 --> Invalid file: Plantilla/Plantilla.php
#0 C:\Users\jesus\Documents\GitHub\vet\system\View\View.php(198): CodeIgniter\Exceptions\FrameworkException::forInvalidFile('Plantilla/Plant...')
#1 C:\Users\jesus\Documents\GitHub\vet\system\Common.php(1089): CodeIgniter\View\View->render('Plantilla/Plant...', Array, true)
#2 C:\Users\jesus\Documents\GitHub\vet\app\Controllers\Usuario.php(15): view('Plantilla/Plant...')
#3 C:\Users\jesus\Documents\GitHub\vet\system\CodeIgniter.php(832): App\Controllers\Usuario->index()
#4 C:\Users\jesus\Documents\GitHub\vet\system\CodeIgniter.php(419): CodeIgniter\CodeIgniter->runController(Object(App\Controllers\Usuario))
#5 C:\Users\jesus\Documents\GitHub\vet\system\CodeIgniter.php(326): CodeIgniter\CodeIgniter->handleRequest(NULL, Object(Config\Cache), false)
#6 C:\Users\jesus\Documents\GitHub\vet\public\index.php(37): CodeIgniter\CodeIgniter->run()
#7 {main}
CRITICAL - 2022-04-03 00:19:09 --> include(application/views/plantilla/head.php): failed to open stream: No such file or directory
#0 C:\Users\jesus\Documents\GitHub\vet\app\Views\usuario\index.php(5): CodeIgniter\Debug\Exceptions->errorHandler(2, 'include(applica...', 'C:\\Users\\jesus\\...', 5, Array)
#1 C:\Users\jesus\Documents\GitHub\vet\app\Views\usuario\index.php(5): include()
#2 C:\Users\jesus\Documents\GitHub\vet\system\View\View.php(210): include('C:\\Users\\jesus\\...')
#3 C:\Users\jesus\Documents\GitHub\vet\system\View\View.php(213): CodeIgniter\View\View->CodeIgniter\View\{closure}()
#4 C:\Users\jesus\Documents\GitHub\vet\system\Common.php(1089): CodeIgniter\View\View->render('usuario/index', Array, true)
#5 C:\Users\jesus\Documents\GitHub\vet\app\Controllers\Usuario.php(15): view('usuario/index')
#6 C:\Users\jesus\Documents\GitHub\vet\system\CodeIgniter.php(832): App\Controllers\Usuario->index()
#7 C:\Users\jesus\Documents\GitHub\vet\system\CodeIgniter.php(419): CodeIgniter\CodeIgniter->runController(Object(App\Controllers\Usuario))
#8 C:\Users\jesus\Documents\GitHub\vet\system\CodeIgniter.php(326): CodeIgniter\CodeIgniter->handleRequest(NULL, Object(Config\Cache), false)
#9 C:\Users\jesus\Documents\GitHub\vet\public\index.php(37): CodeIgniter\CodeIgniter->run()
#10 {main}
CRITICAL - 2022-04-03 00:19:25 --> include(application/views/plantilla/head.php): failed to open stream: No such file or directory
#0 C:\Users\jesus\Documents\GitHub\vet\app\Views\usuario\index.php(5): CodeIgniter\Debug\Exceptions->errorHandler(2, 'include(applica...', 'C:\\Users\\jesus\\...', 5, Array)
#1 C:\Users\jesus\Documents\GitHub\vet\app\Views\usuario\index.php(5): include()
#2 C:\Users\jesus\Documents\GitHub\vet\system\View\View.php(210): include('C:\\Users\\jesus\\...')
#3 C:\Users\jesus\Documents\GitHub\vet\system\View\View.php(213): CodeIgniter\View\View->CodeIgniter\View\{closure}()
#4 C:\Users\jesus\Documents\GitHub\vet\system\Common.php(1089): CodeIgniter\View\View->render('usuario/index', Array, true)
#5 C:\Users\jesus\Documents\GitHub\vet\app\Controllers\Usuario.php(15): view('usuario/index')
#6 C:\Users\jesus\Documents\GitHub\vet\system\CodeIgniter.php(832): App\Controllers\Usuario->index()
#7 C:\Users\jesus\Documents\GitHub\vet\system\CodeIgniter.php(419): CodeIgniter\CodeIgniter->runController(Object(App\Controllers\Usuario))
#8 C:\Users\jesus\Documents\GitHub\vet\system\CodeIgniter.php(326): CodeIgniter\CodeIgniter->handleRequest(NULL, Object(Config\Cache), false)
#9 C:\Users\jesus\Documents\GitHub\vet\public\index.php(37): CodeIgniter\CodeIgniter->run()
#10 {main}
CRITICAL - 2022-04-03 00:20:03 --> include(application/views/plantilla/head.php): failed to open stream: No such file or directory
#0 C:\Users\jesus\Documents\GitHub\vet\app\Views\usuario\index.php(5): CodeIgniter\Debug\Exceptions->errorHandler(2, 'include(applica...', 'C:\\Users\\jesus\\...', 5, Array)
#1 C:\Users\jesus\Documents\GitHub\vet\app\Views\usuario\index.php(5): include()
#2 C:\Users\jesus\Documents\GitHub\vet\system\View\View.php(210): include('C:\\Users\\jesus\\...')
#3 C:\Users\jesus\Documents\GitHub\vet\system\View\View.php(213): CodeIgniter\View\View->CodeIgniter\View\{closure}()
#4 C:\Users\jesus\Documents\GitHub\vet\system\Common.php(1089): CodeIgniter\View\View->render('usuario/index', Array, true)
#5 C:\Users\jesus\Documents\GitHub\vet\app\Controllers\Usuario.php(15): view('usuario/index')
#6 C:\Users\jesus\Documents\GitHub\vet\system\CodeIgniter.php(832): App\Controllers\Usuario->index()
#7 C:\Users\jesus\Documents\GitHub\vet\system\CodeIgniter.php(419): CodeIgniter\CodeIgniter->runController(Object(App\Controllers\Usuario))
#8 C:\Users\jesus\Documents\GitHub\vet\system\CodeIgniter.php(326): CodeIgniter\CodeIgniter->handleRequest(NULL, Object(Config\Cache), false)
#9 C:\Users\jesus\Documents\GitHub\vet\public\index.php(37): CodeIgniter\CodeIgniter->run()
#10 {main}
CRITICAL - 2022-04-03 00:20:52 --> include(application/views/plantilla/head.php): failed to open stream: No such file or directory
#0 C:\Users\jesus\Documents\GitHub\vet\app\Views\usuario\index.php(5): CodeIgniter\Debug\Exceptions->errorHandler(2, 'include(applica...', 'C:\\Users\\jesus\\...', 5, Array)
#1 C:\Users\jesus\Documents\GitHub\vet\app\Views\usuario\index.php(5): include()
#2 C:\Users\jesus\Documents\GitHub\vet\system\View\View.php(210): include('C:\\Users\\jesus\\...')
#3 C:\Users\jesus\Documents\GitHub\vet\system\View\View.php(213): CodeIgniter\View\View->CodeIgniter\View\{closure}()
#4 C:\Users\jesus\Documents\GitHub\vet\system\Common.php(1089): CodeIgniter\View\View->render('usuario/index', Array, true)
#5 C:\Users\jesus\Documents\GitHub\vet\app\Controllers\Usuario.php(15): view('usuario/index')
#6 C:\Users\jesus\Documents\GitHub\vet\system\CodeIgniter.php(832): App\Controllers\Usuario->index()
#7 C:\Users\jesus\Documents\GitHub\vet\system\CodeIgniter.php(419): CodeIgniter\CodeIgniter->runController(Object(App\Controllers\Usuario))
#8 C:\Users\jesus\Documents\GitHub\vet\system\CodeIgniter.php(326): CodeIgniter\CodeIgniter->handleRequest(NULL, Object(Config\Cache), false)
#9 C:\Users\jesus\Documents\GitHub\vet\public\index.php(37): CodeIgniter\CodeIgniter->run()
#10 {main}
ERROR - 2022-04-03 00:21:46 --> Error connecting to the database: Access denied for user '****'@'localhost' (using password: YES)
CRITICAL - 2022-04-03 00:21:46 --> Unable to connect to the database.
Main connection [MySQLi]: Access denied for user '****'@'localhost' (using password: YES)
#0 C:\Users\jesus\Documents\GitHub\vet\system\Database\BaseConnection.php(577): CodeIgniter\Database\BaseConnection->initialize()
#1 C:\Users\jesus\Documents\GitHub\vet\system\Database\BaseBuilder.php(1455): CodeIgniter\Database\BaseConnection->query('SELECT *\nFROM `...', Array, false)
#2 C:\Users\jesus\Documents\GitHub\vet\system\Model.php(183): CodeIgniter\Database\BaseBuilder->get()
#3 C:\Users\jesus\Documents\GitHub\vet\system\BaseModel.php(584): CodeIgniter\Model->doFindAll(0, 0)
#4 C:\Users\jesus\Documents\GitHub\vet\app\Controllers\Usuario.php(23): CodeIgniter\BaseModel->findAll()
#5 C:\Users\jesus\Documents\GitHub\vet\system\CodeIgniter.php(832): App\Controllers\Usuario->showAll()
#6 C:\Users\jesus\Documents\GitHub\vet\system\CodeIgniter.php(419): CodeIgniter\CodeIgniter->runController(Object(App\Controllers\Usuario))
#7 C:\Users\jesus\Documents\GitHub\vet\system\CodeIgniter.php(326): CodeIgniter\CodeIgniter->handleRequest(NULL, Object(Config\Cache), false)
#8 C:\Users\jesus\Documents\GitHub\vet\public\index.php(37): CodeIgniter\CodeIgniter->run()
#9 {main}
ERROR - 2022-04-03 00:22:13 --> Error connecting to the database: Access denied for user '****'@'localhost' (using password: YES)
CRITICAL - 2022-04-03 00:22:13 --> Unable to connect to the database.
Main connection [MySQLi]: Access denied for user '****'@'localhost' (using password: YES)
#0 C:\Users\jesus\Documents\GitHub\vet\system\Database\BaseConnection.php(577): CodeIgniter\Database\BaseConnection->initialize()
#1 C:\Users\jesus\Documents\GitHub\vet\system\Database\BaseBuilder.php(1455): CodeIgniter\Database\BaseConnection->query('SELECT *\nFROM `...', Array, false)
#2 C:\Users\jesus\Documents\GitHub\vet\system\Model.php(145): CodeIgniter\Database\BaseBuilder->get()
#3 C:\Users\jesus\Documents\GitHub\vet\system\BaseModel.php(523): CodeIgniter\Model->doFind(false, NULL)
#4 C:\Users\jesus\Documents\GitHub\vet\app\Controllers\Usuario.php(33): CodeIgniter\BaseModel->find(NULL)
#5 C:\Users\jesus\Documents\GitHub\vet\system\CodeIgniter.php(832): App\Controllers\Usuario->show()
#6 C:\Users\jesus\Documents\GitHub\vet\system\CodeIgniter.php(419): CodeIgniter\CodeIgniter->runController(Object(App\Controllers\Usuario))
#7 C:\Users\jesus\Documents\GitHub\vet\system\CodeIgniter.php(326): CodeIgniter\CodeIgniter->handleRequest(NULL, Object(Config\Cache), false)
#8 C:\Users\jesus\Documents\GitHub\vet\public\index.php(37): CodeIgniter\CodeIgniter->run()
#9 {main}
ERROR - 2022-04-03 00:23:11 --> Error connecting to the database: Access denied for user '****'@'localhost' (using password: YES)
CRITICAL - 2022-04-03 00:23:11 --> Unable to connect to the database.
Main connection [MySQLi]: Access denied for user '****'@'localhost' (using password: YES)
#0 C:\Users\jesus\Documents\GitHub\vet\system\Database\BaseConnection.php(577): CodeIgniter\Database\BaseConnection->initialize()
#1 C:\Users\jesus\Documents\GitHub\vet\system\Database\BaseBuilder.php(1455): CodeIgniter\Database\BaseConnection->query('SELECT *\nFROM `...', Array, false)
#2 C:\Users\jesus\Documents\GitHub\vet\system\Model.php(183): CodeIgniter\Database\BaseBuilder->get()
#3 C:\Users\jesus\Documents\GitHub\vet\system\BaseModel.php(584): CodeIgniter\Model->doFindAll(0, 0)
#4 C:\Users\jesus\Documents\GitHub\vet\app\Controllers\Usuario.php(15): CodeIgniter\BaseModel->findAll()
#5 C:\Users\jesus\Documents\GitHub\vet\system\CodeIgniter.php(832): App\Controllers\Usuario->index()
#6 C:\Users\jesus\Documents\GitHub\vet\system\CodeIgniter.php(419): CodeIgniter\CodeIgniter->runController(Object(App\Controllers\Usuario))
#7 C:\Users\jesus\Documents\GitHub\vet\system\CodeIgniter.php(326): CodeIgniter\CodeIgniter->handleRequest(NULL, Object(Config\Cache), false)
#8 C:\Users\jesus\Documents\GitHub\vet\public\index.php(37): CodeIgniter\CodeIgniter->run()
#9 {main}
ERROR - 2022-04-03 00:23:24 --> Error connecting to the database: Access denied for user '****'@'localhost' (using password: YES)
CRITICAL - 2022-04-03 00:23:24 --> Unable to connect to the database.
Main connection [MySQLi]: Access denied for user '****'@'localhost' (using password: YES)
#0 C:\Users\jesus\Documents\GitHub\vet\system\Database\BaseConnection.php(577): CodeIgniter\Database\BaseConnection->initialize()
#1 C:\Users\jesus\Documents\GitHub\vet\system\Database\BaseBuilder.php(1455): CodeIgniter\Database\BaseConnection->query('SELECT *\nFROM `...', Array, false)
#2 C:\Users\jesus\Documents\GitHub\vet\system\Model.php(183): CodeIgniter\Database\BaseBuilder->get()
#3 C:\Users\jesus\Documents\GitHub\vet\system\BaseModel.php(584): CodeIgniter\Model->doFindAll(0, 0)
#4 C:\Users\jesus\Documents\GitHub\vet\app\Controllers\Usuario.php(15): CodeIgniter\BaseModel->findAll()
#5 C:\Users\jesus\Documents\GitHub\vet\system\CodeIgniter.php(832): App\Controllers\Usuario->index()
#6 C:\Users\jesus\Documents\GitHub\vet\system\CodeIgniter.php(419): CodeIgniter\CodeIgniter->runController(Object(App\Controllers\Usuario))
#7 C:\Users\jesus\Documents\GitHub\vet\system\CodeIgniter.php(326): CodeIgniter\CodeIgniter->handleRequest(NULL, Object(Config\Cache), false)
#8 C:\Users\jesus\Documents\GitHub\vet\public\index.php(37): CodeIgniter\CodeIgniter->run()
#9 {main}
ERROR - 2022-04-03 00:23:27 --> Error connecting to the database: Access denied for user '****'@'localhost' (using password: YES)
CRITICAL - 2022-04-03 00:23:27 --> Unable to connect to the database.
Main connection [MySQLi]: Access denied for user '****'@'localhost' (using password: YES)
#0 C:\Users\jesus\Documents\GitHub\vet\system\Database\BaseConnection.php(577): CodeIgniter\Database\BaseConnection->initialize()
#1 C:\Users\jesus\Documents\GitHub\vet\system\Database\BaseBuilder.php(1455): CodeIgniter\Database\BaseConnection->query('SELECT *\nFROM `...', Array, false)
#2 C:\Users\jesus\Documents\GitHub\vet\system\Model.php(183): CodeIgniter\Database\BaseBuilder->get()
#3 C:\Users\jesus\Documents\GitHub\vet\system\BaseModel.php(584): CodeIgniter\Model->doFindAll(0, 0)
#4 C:\Users\jesus\Documents\GitHub\vet\app\Controllers\Usuario.php(15): CodeIgniter\BaseModel->findAll()
#5 C:\Users\jesus\Documents\GitHub\vet\system\CodeIgniter.php(832): App\Controllers\Usuario->index()
#6 C:\Users\jesus\Documents\GitHub\vet\system\CodeIgniter.php(419): CodeIgniter\CodeIgniter->runController(Object(App\Controllers\Usuario))
#7 C:\Users\jesus\Documents\GitHub\vet\system\CodeIgniter.php(326): CodeIgniter\CodeIgniter->handleRequest(NULL, Object(Config\Cache), false)
#8 C:\Users\jesus\Documents\GitHub\vet\public\index.php(37): CodeIgniter\CodeIgniter->run()
#9 {main}
ERROR - 2022-04-03 00:24:01 --> Error connecting to the database: Access denied for user '****'@'localhost' (using password: YES)
CRITICAL - 2022-04-03 00:24:01 --> Unable to connect to the database.
Main connection [MySQLi]: Access denied for user '****'@'localhost' (using password: YES)
#0 C:\Users\jesus\Documents\GitHub\vet\system\Database\BaseConnection.php(577): CodeIgniter\Database\BaseConnection->initialize()
#1 C:\Users\jesus\Documents\GitHub\vet\system\Database\BaseBuilder.php(1455): CodeIgniter\Database\BaseConnection->query('SELECT *\nFROM `...', Array, false)
#2 C:\Users\jesus\Documents\GitHub\vet\system\Model.php(183): CodeIgniter\Database\BaseBuilder->get()
#3 C:\Users\jesus\Documents\GitHub\vet\system\BaseModel.php(584): CodeIgniter\Model->doFindAll(0, 0)
#4 C:\Users\jesus\Documents\GitHub\vet\app\Controllers\Usuario.php(15): CodeIgniter\BaseModel->findAll()
#5 C:\Users\jesus\Documents\GitHub\vet\system\CodeIgniter.php(832): App\Controllers\Usuario->index()
#6 C:\Users\jesus\Documents\GitHub\vet\system\CodeIgniter.php(419): CodeIgniter\CodeIgniter->runController(Object(App\Controllers\Usuario))
#7 C:\Users\jesus\Documents\GitHub\vet\system\CodeIgniter.php(326): CodeIgniter\CodeIgniter->handleRequest(NULL, Object(Config\Cache), false)
#8 C:\Users\jesus\Documents\GitHub\vet\public\index.php(37): CodeIgniter\CodeIgniter->run()
#9 {main}
CRITICAL - 2022-04-03 00:26:42 --> syntax error, unexpected '(', expecting variable (T_VARIABLE)
#0 C:\Users\jesus\Documents\GitHub\vet\system\Router\Router.php(175): CodeIgniter\Router\Router->autoRoute('usuario')
#1 C:\Users\jesus\Documents\GitHub\vet\system\CodeIgniter.php(726): CodeIgniter\Router\Router->handle('usuario')
#2 C:\Users\jesus\Documents\GitHub\vet\system\CodeIgniter.php(368): CodeIgniter\CodeIgniter->tryToRouteIt(Object(CodeIgniter\Router\RouteCollection))
#3 C:\Users\jesus\Documents\GitHub\vet\system\CodeIgniter.php(326): CodeIgniter\CodeIgniter->handleRequest(NULL, Object(Config\Cache), false)
#4 C:\Users\jesus\Documents\GitHub\vet\public\index.php(37): CodeIgniter\CodeIgniter->run()
#5 {main}
CRITICAL - 2022-04-03 00:27:16 --> syntax error, unexpected '(', expecting variable (T_VARIABLE)
#0 C:\Users\jesus\Documents\GitHub\vet\system\Router\Router.php(175): CodeIgniter\Router\Router->autoRoute('usuario')
#1 C:\Users\jesus\Documents\GitHub\vet\system\CodeIgniter.php(726): CodeIgniter\Router\Router->handle('usuario')
#2 C:\Users\jesus\Documents\GitHub\vet\system\CodeIgniter.php(368): CodeIgniter\CodeIgniter->tryToRouteIt(Object(CodeIgniter\Router\RouteCollection))
#3 C:\Users\jesus\Documents\GitHub\vet\system\CodeIgniter.php(326): CodeIgniter\CodeIgniter->handleRequest(NULL, Object(Config\Cache), false)
#4 C:\Users\jesus\Documents\GitHub\vet\public\index.php(37): CodeIgniter\CodeIgniter->run()
#5 {main}
CRITICAL - 2022-04-03 00:27:30 --> syntax error, unexpected '(', expecting variable (T_VARIABLE)
#0 C:\Users\jesus\Documents\GitHub\vet\system\Router\Router.php(175): CodeIgniter\Router\Router->autoRoute('usuario')
#1 C:\Users\jesus\Documents\GitHub\vet\system\CodeIgniter.php(726): CodeIgniter\Router\Router->handle('usuario')
#2 C:\Users\jesus\Documents\GitHub\vet\system\CodeIgniter.php(368): CodeIgniter\CodeIgniter->tryToRouteIt(Object(CodeIgniter\Router\RouteCollection))
#3 C:\Users\jesus\Documents\GitHub\vet\system\CodeIgniter.php(326): CodeIgniter\CodeIgniter->handleRequest(NULL, Object(Config\Cache), false)
#4 C:\Users\jesus\Documents\GitHub\vet\public\index.php(37): CodeIgniter\CodeIgniter->run()
#5 {main}
CRITICAL - 2022-04-03 00:27:44 --> syntax error, unexpected '(', expecting variable (T_VARIABLE)
#0 C:\Users\jesus\Documents\GitHub\vet\system\Router\Router.php(175): CodeIgniter\Router\Router->autoRoute('usuario')
#1 C:\Users\jesus\Documents\GitHub\vet\system\CodeIgniter.php(726): CodeIgniter\Router\Router->handle('usuario')
#2 C:\Users\jesus\Documents\GitHub\vet\system\CodeIgniter.php(368): CodeIgniter\CodeIgniter->tryToRouteIt(Object(CodeIgniter\Router\RouteCollection))
#3 C:\Users\jesus\Documents\GitHub\vet\system\CodeIgniter.php(326): CodeIgniter\CodeIgniter->handleRequest(NULL, Object(Config\Cache), false)
#4 C:\Users\jesus\Documents\GitHub\vet\public\index.php(37): CodeIgniter\CodeIgniter->run()
#5 {main}
CRITICAL - 2022-04-03 00:28:05 --> syntax error, unexpected '(', expecting variable (T_VARIABLE)
#0 C:\Users\jesus\Documents\GitHub\vet\system\Router\Router.php(175): CodeIgniter\Router\Router->autoRoute('usuario')
#1 C:\Users\jesus\Documents\GitHub\vet\system\CodeIgniter.php(726): CodeIgniter\Router\Router->handle('usuario')
#2 C:\Users\jesus\Documents\GitHub\vet\system\CodeIgniter.php(368): CodeIgniter\CodeIgniter->tryToRouteIt(Object(CodeIgniter\Router\RouteCollection))
#3 C:\Users\jesus\Documents\GitHub\vet\system\CodeIgniter.php(326): CodeIgniter\CodeIgniter->handleRequest(NULL, Object(Config\Cache), false)
#4 C:\Users\jesus\Documents\GitHub\vet\public\index.php(37): CodeIgniter\CodeIgniter->run()
#5 {main}
CRITICAL - 2022-04-03 00:28:35 --> syntax error, unexpected '(', expecting variable (T_VARIABLE)
#0 C:\Users\jesus\Documents\GitHub\vet\system\Router\Router.php(175): CodeIgniter\Router\Router->autoRoute('usuario')
#1 C:\Users\jesus\Documents\GitHub\vet\system\CodeIgniter.php(726): CodeIgniter\Router\Router->handle('usuario')
#2 C:\Users\jesus\Documents\GitHub\vet\system\CodeIgniter.php(368): CodeIgniter\CodeIgniter->tryToRouteIt(Object(CodeIgniter\Router\RouteCollection))
#3 C:\Users\jesus\Documents\GitHub\vet\system\CodeIgniter.php(326): CodeIgniter\CodeIgniter->handleRequest(NULL, Object(Config\Cache), false)
#4 C:\Users\jesus\Documents\GitHub\vet\public\index.php(37): CodeIgniter\CodeIgniter->run()
#5 {main}
CRITICAL - 2022-04-03 00:29:06 --> syntax error, unexpected '(', expecting variable (T_VARIABLE)
#0 C:\Users\jesus\Documents\GitHub\vet\system\Router\Router.php(175): CodeIgniter\Router\Router->autoRoute('usuario')
#1 C:\Users\jesus\Documents\GitHub\vet\system\CodeIgniter.php(726): CodeIgniter\Router\Router->handle('usuario')
#2 C:\Users\jesus\Documents\GitHub\vet\system\CodeIgniter.php(368): CodeIgniter\CodeIgniter->tryToRouteIt(Object(CodeIgniter\Router\RouteCollection))
#3 C:\Users\jesus\Documents\GitHub\vet\system\CodeIgniter.php(326): CodeIgniter\CodeIgniter->handleRequest(NULL, Object(Config\Cache), false)
#4 C:\Users\jesus\Documents\GitHub\vet\public\index.php(37): CodeIgniter\CodeIgniter->run()
#5 {main}
CRITICAL - 2022-04-03 00:45:40 --> Use of undefined constant Content - assumed 'Content' (this will throw an Error in a future version of PHP)
#0 C:\Users\jesus\Documents\GitHub\vet\app\Views\usuario\index.php(16): CodeIgniter\Debug\Exceptions->errorHandler(2, 'Use of undefine...', 'C:\\Users\\jesus\\...', 16, Array)
#1 C:\Users\jesus\Documents\GitHub\vet\system\View\View.php(210): include('C:\\Users\\jesus\\...')
#2 C:\Users\jesus\Documents\GitHub\vet\system\View\View.php(213): CodeIgniter\View\View->CodeIgniter\View\{closure}()
#3 C:\Users\jesus\Documents\GitHub\vet\system\Common.php(1089): CodeIgniter\View\View->render('usuario/index', Array, true)
#4 C:\Users\jesus\Documents\GitHub\vet\app\Controllers\Usuario.php(15): view('usuario/index')
#5 C:\Users\jesus\Documents\GitHub\vet\system\CodeIgniter.php(832): App\Controllers\Usuario->index()
#6 C:\Users\jesus\Documents\GitHub\vet\system\CodeIgniter.php(419): CodeIgniter\CodeIgniter->runController(Object(App\Controllers\Usuario))
#7 C:\Users\jesus\Documents\GitHub\vet\system\CodeIgniter.php(326): CodeIgniter\CodeIgniter->handleRequest(NULL, Object(Config\Cache), false)
#8 C:\Users\jesus\Documents\GitHub\vet\public\index.php(37): CodeIgniter\CodeIgniter->run()
#9 {main}
CRITICAL - 2022-04-03 12:51:25 --> include(app/Views/plantilla/head.php): failed to open stream: No such file or directory
#0 C:\Users\jesus\Documents\GitHub\vet\app\Views\usuario\index.php(6): CodeIgniter\Debug\Exceptions->errorHandler(2, 'include(app/Vie...', 'C:\\Users\\jesus\\...', 6, Array)
#1 C:\Users\jesus\Documents\GitHub\vet\app\Views\usuario\index.php(6): include()
#2 C:\Users\jesus\Documents\GitHub\vet\system\View\View.php(210): include('C:\\Users\\jesus\\...')
#3 C:\Users\jesus\Documents\GitHub\vet\system\View\View.php(213): CodeIgniter\View\View->CodeIgniter\View\{closure}()
#4 C:\Users\jesus\Documents\GitHub\vet\system\Common.php(1089): CodeIgniter\View\View->render('usuario/index', Array, true)
#5 C:\Users\jesus\Documents\GitHub\vet\app\Controllers\Usuario.php(15): view('usuario/index')
#6 C:\Users\jesus\Documents\GitHub\vet\system\CodeIgniter.php(832): App\Controllers\Usuario->index()
#7 C:\Users\jesus\Documents\GitHub\vet\system\CodeIgniter.php(419): CodeIgniter\CodeIgniter->runController(Object(App\Controllers\Usuario))
#8 C:\Users\jesus\Documents\GitHub\vet\system\CodeIgniter.php(326): CodeIgniter\CodeIgniter->handleRequest(NULL, Object(Config\Cache), false)
#9 C:\Users\jesus\Documents\GitHub\vet\public\index.php(37): CodeIgniter\CodeIgniter->run()
#10 {main}
CRITICAL - 2022-04-03 12:51:39 --> include(app/views/plantilla/head.php): failed to open stream: No such file or directory
#0 C:\Users\jesus\Documents\GitHub\vet\app\Views\usuario\index.php(6): CodeIgniter\Debug\Exceptions->errorHandler(2, 'include(app/vie...', 'C:\\Users\\jesus\\...', 6, Array)
#1 C:\Users\jesus\Documents\GitHub\vet\app\Views\usuario\index.php(6): include()
#2 C:\Users\jesus\Documents\GitHub\vet\system\View\View.php(210): include('C:\\Users\\jesus\\...')
#3 C:\Users\jesus\Documents\GitHub\vet\system\View\View.php(213): CodeIgniter\View\View->CodeIgniter\View\{closure}()
#4 C:\Users\jesus\Documents\GitHub\vet\system\Common.php(1089): CodeIgniter\View\View->render('usuario/index', Array, true)
#5 C:\Users\jesus\Documents\GitHub\vet\app\Controllers\Usuario.php(15): view('usuario/index')
#6 C:\Users\jesus\Documents\GitHub\vet\system\CodeIgniter.php(832): App\Controllers\Usuario->index()
#7 C:\Users\jesus\Documents\GitHub\vet\system\CodeIgniter.php(419): CodeIgniter\CodeIgniter->runController(Object(App\Controllers\Usuario))
#8 C:\Users\jesus\Documents\GitHub\vet\system\CodeIgniter.php(326): CodeIgniter\CodeIgniter->handleRequest(NULL, Object(Config\Cache), false)
#9 C:\Users\jesus\Documents\GitHub\vet\public\index.php(37): CodeIgniter\CodeIgniter->run()
#10 {main}
CRITICAL - 2022-04-03 12:51:40 --> include(app/views/plantilla/head.php): failed to open stream: No such file or directory
#0 C:\Users\jesus\Documents\GitHub\vet\app\Views\usuario\index.php(6): CodeIgniter\Debug\Exceptions->errorHandler(2, 'include(app/vie...', 'C:\\Users\\jesus\\...', 6, Array)
#1 C:\Users\jesus\Documents\GitHub\vet\app\Views\usuario\index.php(6): include()
#2 C:\Users\jesus\Documents\GitHub\vet\system\View\View.php(210): include('C:\\Users\\jesus\\...')
#3 C:\Users\jesus\Documents\GitHub\vet\system\View\View.php(213): CodeIgniter\View\View->CodeIgniter\View\{closure}()
#4 C:\Users\jesus\Documents\GitHub\vet\system\Common.php(1089): CodeIgniter\View\View->render('usuario/index', Array, true)
#5 C:\Users\jesus\Documents\GitHub\vet\app\Controllers\Usuario.php(15): view('usuario/index')
#6 C:\Users\jesus\Documents\GitHub\vet\system\CodeIgniter.php(832): App\Controllers\Usuario->index()
#7 C:\Users\jesus\Documents\GitHub\vet\system\CodeIgniter.php(419): CodeIgniter\CodeIgniter->runController(Object(App\Controllers\Usuario))
#8 C:\Users\jesus\Documents\GitHub\vet\system\CodeIgniter.php(326): CodeIgniter\CodeIgniter->handleRequest(NULL, Object(Config\Cache), false)
#9 C:\Users\jesus\Documents\GitHub\vet\public\index.php(37): CodeIgniter\CodeIgniter->run()
#10 {main}
CRITICAL - 2022-04-03 12:51:49 --> include(app/views/plantilla/head): failed to open stream: No such file or directory
#0 C:\Users\jesus\Documents\GitHub\vet\app\Views\usuario\index.php(6): CodeIgniter\Debug\Exceptions->errorHandler(2, 'include(app/vie...', 'C:\\Users\\jesus\\...', 6, Array)
#1 C:\Users\jesus\Documents\GitHub\vet\app\Views\usuario\index.php(6): include()
#2 C:\Users\jesus\Documents\GitHub\vet\system\View\View.php(210): include('C:\\Users\\jesus\\...')
#3 C:\Users\jesus\Documents\GitHub\vet\system\View\View.php(213): CodeIgniter\View\View->CodeIgniter\View\{closure}()
#4 C:\Users\jesus\Documents\GitHub\vet\system\Common.php(1089): CodeIgniter\View\View->render('usuario/index', Array, true)
#5 C:\Users\jesus\Documents\GitHub\vet\app\Controllers\Usuario.php(15): view('usuario/index')
#6 C:\Users\jesus\Documents\GitHub\vet\system\CodeIgniter.php(832): App\Controllers\Usuario->index()
#7 C:\Users\jesus\Documents\GitHub\vet\system\CodeIgniter.php(419): CodeIgniter\CodeIgniter->runController(Object(App\Controllers\Usuario))
#8 C:\Users\jesus\Documents\GitHub\vet\system\CodeIgniter.php(326): CodeIgniter\CodeIgniter->handleRequest(NULL, Object(Config\Cache), false)
#9 C:\Users\jesus\Documents\GitHub\vet\public\index.php(37): CodeIgniter\CodeIgniter->run()
#10 {main}
CRITICAL - 2022-04-03 12:55:41 --> include(app/views/plantilla/head.php): failed to open stream: No such file or directory
#0 C:\Users\jesus\Documents\GitHub\vet\app\Views\usuario\index.php(6): CodeIgniter\Debug\Exceptions->errorHandler(2, 'include(app/vie...', 'C:\\Users\\jesus\\...', 6, Array)
#1 C:\Users\jesus\Documents\GitHub\vet\app\Views\usuario\index.php(6): include()
#2 C:\Users\jesus\Documents\GitHub\vet\system\View\View.php(210): include('C:\\Users\\jesus\\...')
#3 C:\Users\jesus\Documents\GitHub\vet\system\View\View.php(213): CodeIgniter\View\View->CodeIgniter\View\{closure}()
#4 C:\Users\jesus\Documents\GitHub\vet\system\Common.php(1089): CodeIgniter\View\View->render('usuario/index', Array, true)
#5 C:\Users\jesus\Documents\GitHub\vet\app\Controllers\Usuario.php(15): view('usuario/index')
#6 C:\Users\jesus\Documents\GitHub\vet\system\CodeIgniter.php(832): App\Controllers\Usuario->index()
#7 C:\Users\jesus\Documents\GitHub\vet\system\CodeIgniter.php(419): CodeIgniter\CodeIgniter->runController(Object(App\Controllers\Usuario))
#8 C:\Users\jesus\Documents\GitHub\vet\system\CodeIgniter.php(326): CodeIgniter\CodeIgniter->handleRequest(NULL, Object(Config\Cache), false)
#9 C:\Users\jesus\Documents\GitHub\vet\public\index.php(37): CodeIgniter\CodeIgniter->run()
#10 {main}
CRITICAL - 2022-04-03 12:55:53 --> include(app/views/plantilla/head.php): failed to open stream: No such file or directory
#0 C:\Users\jesus\Documents\GitHub\vet\app\Views\usuario\index.php(6): CodeIgniter\Debug\Exceptions->errorHandler(2, 'include(app/vie...', 'C:\\Users\\jesus\\...', 6, Array)
#1 C:\Users\jesus\Documents\GitHub\vet\app\Views\usuario\index.php(6): include()
#2 C:\Users\jesus\Documents\GitHub\vet\system\View\View.php(210): include('C:\\Users\\jesus\\...')
#3 C:\Users\jesus\Documents\GitHub\vet\system\View\View.php(213): CodeIgniter\View\View->CodeIgniter\View\{closure}()
#4 C:\Users\jesus\Documents\GitHub\vet\system\Common.php(1089): CodeIgniter\View\View->render('usuario/index', Array, true)
#5 C:\Users\jesus\Documents\GitHub\vet\app\Controllers\Usuario.php(15): view('usuario/index')
#6 C:\Users\jesus\Documents\GitHub\vet\system\CodeIgniter.php(832): App\Controllers\Usuario->index()
#7 C:\Users\jesus\Documents\GitHub\vet\system\CodeIgniter.php(419): CodeIgniter\CodeIgniter->runController(Object(App\Controllers\Usuario))
#8 C:\Users\jesus\Documents\GitHub\vet\system\CodeIgniter.php(326): CodeIgniter\CodeIgniter->handleRequest(NULL, Object(Config\Cache), false)
#9 C:\Users\jesus\Documents\GitHub\vet\public\index.php(37): CodeIgniter\CodeIgniter->run()
#10 {main}
CRITICAL - 2022-04-03 12:56:12 --> include(app/views/plantilla/head.php): failed to open stream: No such file or directory
#0 C:\Users\jesus\Documents\GitHub\vet\app\Views\usuario\index.php(9): CodeIgniter\Debug\Exceptions->errorHandler(2, 'include(app/vie...', 'C:\\Users\\jesus\\...', 9, Array)
#1 C:\Users\jesus\Documents\GitHub\vet\app\Views\usuario\index.php(9): include()
#2 C:\Users\jesus\Documents\GitHub\vet\system\View\View.php(210): include('C:\\Users\\jesus\\...')
#3 C:\Users\jesus\Documents\GitHub\vet\system\View\View.php(213): CodeIgniter\View\View->CodeIgniter\View\{closure}()
#4 C:\Users\jesus\Documents\GitHub\vet\system\Common.php(1089): CodeIgniter\View\View->render('usuario/index', Array, true)
#5 C:\Users\jesus\Documents\GitHub\vet\app\Controllers\Usuario.php(15): view('usuario/index')
#6 C:\Users\jesus\Documents\GitHub\vet\system\CodeIgniter.php(832): App\Controllers\Usuario->index()
#7 C:\Users\jesus\Documents\GitHub\vet\system\CodeIgniter.php(419): CodeIgniter\CodeIgniter->runController(Object(App\Controllers\Usuario))
#8 C:\Users\jesus\Documents\GitHub\vet\system\CodeIgniter.php(326): CodeIgniter\CodeIgniter->handleRequest(NULL, Object(Config\Cache), false)
#9 C:\Users\jesus\Documents\GitHub\vet\public\index.php(37): CodeIgniter\CodeIgniter->run()
#10 {main}
CRITICAL - 2022-04-03 12:56:20 --> include(app/views/plantilla/head.php): failed to open stream: No such file or directory
#0 C:\Users\jesus\Documents\GitHub\vet\app\Views\usuario\index.php(6): CodeIgniter\Debug\Exceptions->errorHandler(2, 'include(app/vie...', 'C:\\Users\\jesus\\...', 6, Array)
#1 C:\Users\jesus\Documents\GitHub\vet\app\Views\usuario\index.php(6): include()
#2 C:\Users\jesus\Documents\GitHub\vet\system\View\View.php(210): include('C:\\Users\\jesus\\...')
#3 C:\Users\jesus\Documents\GitHub\vet\system\View\View.php(213): CodeIgniter\View\View->CodeIgniter\View\{closure}()
#4 C:\Users\jesus\Documents\GitHub\vet\system\Common.php(1089): CodeIgniter\View\View->render('usuario/index', Array, true)
#5 C:\Users\jesus\Documents\GitHub\vet\app\Controllers\Usuario.php(15): view('usuario/index')
#6 C:\Users\jesus\Documents\GitHub\vet\system\CodeIgniter.php(832): App\Controllers\Usuario->index()
#7 C:\Users\jesus\Documents\GitHub\vet\system\CodeIgniter.php(419): CodeIgniter\CodeIgniter->runController(Object(App\Controllers\Usuario))
#8 C:\Users\jesus\Documents\GitHub\vet\system\CodeIgniter.php(326): CodeIgniter\CodeIgniter->handleRequest(NULL, Object(Config\Cache), false)
#9 C:\Users\jesus\Documents\GitHub\vet\public\index.php(37): CodeIgniter\CodeIgniter->run()
#10 {main}
CRITICAL - 2022-04-03 12:56:52 --> include(app/views/plantilla/head.php): failed to open stream: No such file or directory
#0 C:\Users\jesus\Documents\GitHub\vet\app\Views\usuario\index.php(6): CodeIgniter\Debug\Exceptions->errorHandler(2, 'include(app/vie...', 'C:\\Users\\jesus\\...', 6, Array)
#1 C:\Users\jesus\Documents\GitHub\vet\app\Views\usuario\index.php(6): include()
#2 C:\Users\jesus\Documents\GitHub\vet\system\View\View.php(210): include('C:\\Users\\jesus\\...')
#3 C:\Users\jesus\Documents\GitHub\vet\system\View\View.php(213): CodeIgniter\View\View->CodeIgniter\View\{closure}()
#4 C:\Users\jesus\Documents\GitHub\vet\system\Common.php(1089): CodeIgniter\View\View->render('usuario/index', Array, true)
#5 C:\Users\jesus\Documents\GitHub\vet\app\Controllers\Usuario.php(15): view('usuario/index')
#6 C:\Users\jesus\Documents\GitHub\vet\system\CodeIgniter.php(832): App\Controllers\Usuario->index()
#7 C:\Users\jesus\Documents\GitHub\vet\system\CodeIgniter.php(419): CodeIgniter\CodeIgniter->runController(Object(App\Controllers\Usuario))
#8 C:\Users\jesus\Documents\GitHub\vet\system\CodeIgniter.php(326): CodeIgniter\CodeIgniter->handleRequest(NULL, Object(Config\Cache), false)
#9 C:\Users\jesus\Documents\GitHub\vet\public\index.php(37): CodeIgniter\CodeIgniter->run()
#10 {main}
CRITICAL - 2022-04-03 12:57:01 --> include(app/views/plantilla/head.php): failed to open stream: No such file or directory
#0 C:\Users\jesus\Documents\GitHub\vet\app\Views\usuario\index.php(6): CodeIgniter\Debug\Exceptions->errorHandler(2, 'include(app/vie...', 'C:\\Users\\jesus\\...', 6, Array)
#1 C:\Users\jesus\Documents\GitHub\vet\app\Views\usuario\index.php(6): include()
#2 C:\Users\jesus\Documents\GitHub\vet\system\View\View.php(210): include('C:\\Users\\jesus\\...')
#3 C:\Users\jesus\Documents\GitHub\vet\system\View\View.php(213): CodeIgniter\View\View->CodeIgniter\View\{closure}()
#4 C:\Users\jesus\Documents\GitHub\vet\system\Common.php(1089): CodeIgniter\View\View->render('usuario/index', Array, true)
#5 C:\Users\jesus\Documents\GitHub\vet\app\Controllers\Usuario.php(15): view('usuario/index')
#6 C:\Users\jesus\Documents\GitHub\vet\system\CodeIgniter.php(832): App\Controllers\Usuario->index()
#7 C:\Users\jesus\Documents\GitHub\vet\system\CodeIgniter.php(419): CodeIgniter\CodeIgniter->runController(Object(App\Controllers\Usuario))
#8 C:\Users\jesus\Documents\GitHub\vet\system\CodeIgniter.php(326): CodeIgniter\CodeIgniter->handleRequest(NULL, Object(Config\Cache), false)
#9 C:\Users\jesus\Documents\GitHub\vet\public\index.php(37): CodeIgniter\CodeIgniter->run()
#10 {main}
CRITICAL - 2022-04-03 12:58:11 --> include(app/Views/plantilla/head.php): failed to open stream: No such file or directory
#0 C:\Users\jesus\Documents\GitHub\vet\app\Views\usuario\index.php(6): CodeIgniter\Debug\Exceptions->errorHandler(2, 'include(app/Vie...', 'C:\\Users\\jesus\\...', 6, Array)
#1 C:\Users\jesus\Documents\GitHub\vet\app\Views\usuario\index.php(6): include()
#2 C:\Users\jesus\Documents\GitHub\vet\system\View\View.php(210): include('C:\\Users\\jesus\\...')
#3 C:\Users\jesus\Documents\GitHub\vet\system\View\View.php(213): CodeIgniter\View\View->CodeIgniter\View\{closure}()
#4 C:\Users\jesus\Documents\GitHub\vet\system\Common.php(1089): CodeIgniter\View\View->render('usuario/index', Array, true)
#5 C:\Users\jesus\Documents\GitHub\vet\app\Controllers\Usuario.php(15): view('usuario/index')
#6 C:\Users\jesus\Documents\GitHub\vet\system\CodeIgniter.php(832): App\Controllers\Usuario->index()
#7 C:\Users\jesus\Documents\GitHub\vet\system\CodeIgniter.php(419): CodeIgniter\CodeIgniter->runController(Object(App\Controllers\Usuario))
#8 C:\Users\jesus\Documents\GitHub\vet\system\CodeIgniter.php(326): CodeIgniter\CodeIgniter->handleRequest(NULL, Object(Config\Cache), false)
#9 C:\Users\jesus\Documents\GitHub\vet\public\index.php(37): CodeIgniter\CodeIgniter->run()
#10 {main}
CRITICAL - 2022-04-03 12:58:11 --> include(app/Views/plantilla/head.php): failed to open stream: No such file or directory
#0 C:\Users\jesus\Documents\GitHub\vet\app\Views\usuario\index.php(6): CodeIgniter\Debug\Exceptions->errorHandler(2, 'include(app/Vie...', 'C:\\Users\\jesus\\...', 6, Array)
#1 C:\Users\jesus\Documents\GitHub\vet\app\Views\usuario\index.php(6): include()
#2 C:\Users\jesus\Documents\GitHub\vet\system\View\View.php(210): include('C:\\Users\\jesus\\...')
#3 C:\Users\jesus\Documents\GitHub\vet\system\View\View.php(213): CodeIgniter\View\View->CodeIgniter\View\{closure}()
#4 C:\Users\jesus\Documents\GitHub\vet\system\Common.php(1089): CodeIgniter\View\View->render('usuario/index', Array, true)
#5 C:\Users\jesus\Documents\GitHub\vet\app\Controllers\Usuario.php(15): view('usuario/index')
#6 C:\Users\jesus\Documents\GitHub\vet\system\CodeIgniter.php(832): App\Controllers\Usuario->index()
#7 C:\Users\jesus\Documents\GitHub\vet\system\CodeIgniter.php(419): CodeIgniter\CodeIgniter->runController(Object(App\Controllers\Usuario))
#8 C:\Users\jesus\Documents\GitHub\vet\system\CodeIgniter.php(326): CodeIgniter\CodeIgniter->handleRequest(NULL, Object(Config\Cache), false)
#9 C:\Users\jesus\Documents\GitHub\vet\public\index.php(37): CodeIgniter\CodeIgniter->run()
#10 {main}
CRITICAL - 2022-04-03 12:58:12 --> include(app/Views/plantilla/head.php): failed to open stream: No such file or directory
#0 C:\Users\jesus\Documents\GitHub\vet\app\Views\usuario\index.php(6): CodeIgniter\Debug\Exceptions->errorHandler(2, 'include(app/Vie...', 'C:\\Users\\jesus\\...', 6, Array)
#1 C:\Users\jesus\Documents\GitHub\vet\app\Views\usuario\index.php(6): include()
#2 C:\Users\jesus\Documents\GitHub\vet\system\View\View.php(210): include('C:\\Users\\jesus\\...')
#3 C:\Users\jesus\Documents\GitHub\vet\system\View\View.php(213): CodeIgniter\View\View->CodeIgniter\View\{closure}()
#4 C:\Users\jesus\Documents\GitHub\vet\system\Common.php(1089): CodeIgniter\View\View->render('usuario/index', Array, true)
#5 C:\Users\jesus\Documents\GitHub\vet\app\Controllers\Usuario.php(15): view('usuario/index')
#6 C:\Users\jesus\Documents\GitHub\vet\system\CodeIgniter.php(832): App\Controllers\Usuario->index()
#7 C:\Users\jesus\Documents\GitHub\vet\system\CodeIgniter.php(419): CodeIgniter\CodeIgniter->runController(Object(App\Controllers\Usuario))
#8 C:\Users\jesus\Documents\GitHub\vet\system\CodeIgniter.php(326): CodeIgniter\CodeIgniter->handleRequest(NULL, Object(Config\Cache), false)
#9 C:\Users\jesus\Documents\GitHub\vet\public\index.php(37): CodeIgniter\CodeIgniter->run()
#10 {main}
CRITICAL - 2022-04-03 12:58:48 --> syntax error, unexpected 'view' (T_STRING)
#0 C:\Users\jesus\Documents\GitHub\vet\system\View\View.php(213): CodeIgniter\View\View->CodeIgniter\View\{closure}()
#1 C:\Users\jesus\Documents\GitHub\vet\system\Common.php(1089): CodeIgniter\View\View->render('usuario/index', Array, true)
#2 C:\Users\jesus\Documents\GitHub\vet\app\Controllers\Usuario.php(15): view('usuario/index')
#3 C:\Users\jesus\Documents\GitHub\vet\system\CodeIgniter.php(832): App\Controllers\Usuario->index()
#4 C:\Users\jesus\Documents\GitHub\vet\system\CodeIgniter.php(419): CodeIgniter\CodeIgniter->runController(Object(App\Controllers\Usuario))
#5 C:\Users\jesus\Documents\GitHub\vet\system\CodeIgniter.php(326): CodeIgniter\CodeIgniter->handleRequest(NULL, Object(Config\Cache), false)
#6 C:\Users\jesus\Documents\GitHub\vet\public\index.php(37): CodeIgniter\CodeIgniter->run()
#7 {main}
CRITICAL - 2022-04-03 13:38:54 -->  route cannot be found while reverse-routing.
#0 C:\Users\jesus\Documents\GitHub\vet\system\HTTP\RedirectResponse.php(56): CodeIgniter\HTTP\Exceptions\HTTPException::forInvalidRedirectRoute('')
#1 C:\Users\jesus\Documents\GitHub\vet\system\Common.php(832): CodeIgniter\HTTP\RedirectResponse->route(false)
#2 C:\Users\jesus\Documents\GitHub\vet\app\Views\welcome_message.php(1): redirect('/login/index')
#3 C:\Users\jesus\Documents\GitHub\vet\system\View\View.php(210): include('C:\\Users\\jesus\\...')
#4 C:\Users\jesus\Documents\GitHub\vet\system\View\View.php(213): CodeIgniter\View\View->CodeIgniter\View\{closure}()
#5 C:\Users\jesus\Documents\GitHub\vet\system\Common.php(1089): CodeIgniter\View\View->render('welcome_message', Array, true)
#6 C:\Users\jesus\Documents\GitHub\vet\app\Controllers\Home.php(9): view('welcome_message')
#7 C:\Users\jesus\Documents\GitHub\vet\system\CodeIgniter.php(832): App\Controllers\Home->index()
#8 C:\Users\jesus\Documents\GitHub\vet\system\CodeIgniter.php(419): CodeIgniter\CodeIgniter->runController(Object(App\Controllers\Home))
#9 C:\Users\jesus\Documents\GitHub\vet\system\CodeIgniter.php(326): CodeIgniter\CodeIgniter->handleRequest(NULL, Object(Config\Cache), false)
#10 C:\Users\jesus\Documents\GitHub\vet\public\index.php(37): CodeIgniter\CodeIgniter->run()
#11 {main}
CRITICAL - 2022-04-03 13:39:16 -->  route cannot be found while reverse-routing.
#0 C:\Users\jesus\Documents\GitHub\vet\system\HTTP\RedirectResponse.php(56): CodeIgniter\HTTP\Exceptions\HTTPException::forInvalidRedirectRoute('')
#1 C:\Users\jesus\Documents\GitHub\vet\system\Common.php(832): CodeIgniter\HTTP\RedirectResponse->route(false)
#2 C:\Users\jesus\Documents\GitHub\vet\app\Views\welcome_message.php(1): redirect('usuario/index')
#3 C:\Users\jesus\Documents\GitHub\vet\system\View\View.php(210): include('C:\\Users\\jesus\\...')
#4 C:\Users\jesus\Documents\GitHub\vet\system\View\View.php(213): CodeIgniter\View\View->CodeIgniter\View\{closure}()
#5 C:\Users\jesus\Documents\GitHub\vet\system\Common.php(1089): CodeIgniter\View\View->render('welcome_message', Array, true)
#6 C:\Users\jesus\Documents\GitHub\vet\app\Controllers\Home.php(9): view('welcome_message')
#7 C:\Users\jesus\Documents\GitHub\vet\system\CodeIgniter.php(832): App\Controllers\Home->index()
#8 C:\Users\jesus\Documents\GitHub\vet\system\CodeIgniter.php(419): CodeIgniter\CodeIgniter->runController(Object(App\Controllers\Home))
#9 C:\Users\jesus\Documents\GitHub\vet\system\CodeIgniter.php(326): CodeIgniter\CodeIgniter->handleRequest(NULL, Object(Config\Cache), false)
#10 C:\Users\jesus\Documents\GitHub\vet\public\index.php(37): CodeIgniter\CodeIgniter->run()
#11 {main}
CRITICAL - 2022-04-03 13:39:21 -->  route cannot be found while reverse-routing.
#0 C:\Users\jesus\Documents\GitHub\vet\system\HTTP\RedirectResponse.php(56): CodeIgniter\HTTP\Exceptions\HTTPException::forInvalidRedirectRoute('')
#1 C:\Users\jesus\Documents\GitHub\vet\system\Common.php(832): CodeIgniter\HTTP\RedirectResponse->route(false)
#2 C:\Users\jesus\Documents\GitHub\vet\app\Views\welcome_message.php(1): redirect('app/usuario/ind...')
#3 C:\Users\jesus\Documents\GitHub\vet\system\View\View.php(210): include('C:\\Users\\jesus\\...')
#4 C:\Users\jesus\Documents\GitHub\vet\system\View\View.php(213): CodeIgniter\View\View->CodeIgniter\View\{closure}()
#5 C:\Users\jesus\Documents\GitHub\vet\system\Common.php(1089): CodeIgniter\View\View->render('welcome_message', Array, true)
#6 C:\Users\jesus\Documents\GitHub\vet\app\Controllers\Home.php(9): view('welcome_message')
#7 C:\Users\jesus\Documents\GitHub\vet\system\CodeIgniter.php(832): App\Controllers\Home->index()
#8 C:\Users\jesus\Documents\GitHub\vet\system\CodeIgniter.php(419): CodeIgniter\CodeIgniter->runController(Object(App\Controllers\Home))
#9 C:\Users\jesus\Documents\GitHub\vet\system\CodeIgniter.php(326): CodeIgniter\CodeIgniter->handleRequest(NULL, Object(Config\Cache), false)
#10 C:\Users\jesus\Documents\GitHub\vet\public\index.php(37): CodeIgniter\CodeIgniter->run()
#11 {main}
CRITICAL - 2022-04-03 13:39:26 -->  route cannot be found while reverse-routing.
#0 C:\Users\jesus\Documents\GitHub\vet\system\HTTP\RedirectResponse.php(56): CodeIgniter\HTTP\Exceptions\HTTPException::forInvalidRedirectRoute('')
#1 C:\Users\jesus\Documents\GitHub\vet\system\Common.php(832): CodeIgniter\HTTP\RedirectResponse->route(false)
#2 C:\Users\jesus\Documents\GitHub\vet\app\Views\welcome_message.php(1): redirect('view/usuario/in...')
#3 C:\Users\jesus\Documents\GitHub\vet\system\View\View.php(210): include('C:\\Users\\jesus\\...')
#4 C:\Users\jesus\Documents\GitHub\vet\system\View\View.php(213): CodeIgniter\View\View->CodeIgniter\View\{closure}()
#5 C:\Users\jesus\Documents\GitHub\vet\system\Common.php(1089): CodeIgniter\View\View->render('welcome_message', Array, true)
#6 C:\Users\jesus\Documents\GitHub\vet\app\Controllers\Home.php(9): view('welcome_message')
#7 C:\Users\jesus\Documents\GitHub\vet\system\CodeIgniter.php(832): App\Controllers\Home->index()
#8 C:\Users\jesus\Documents\GitHub\vet\system\CodeIgniter.php(419): CodeIgniter\CodeIgniter->runController(Object(App\Controllers\Home))
#9 C:\Users\jesus\Documents\GitHub\vet\system\CodeIgniter.php(326): CodeIgniter\CodeIgniter->handleRequest(NULL, Object(Config\Cache), false)
#10 C:\Users\jesus\Documents\GitHub\vet\public\index.php(37): CodeIgniter\CodeIgniter->run()
#11 {main}
CRITICAL - 2022-04-03 13:39:40 -->  route cannot be found while reverse-routing.
#0 C:\Users\jesus\Documents\GitHub\vet\system\HTTP\RedirectResponse.php(56): CodeIgniter\HTTP\Exceptions\HTTPException::forInvalidRedirectRoute('')
#1 C:\Users\jesus\Documents\GitHub\vet\system\Common.php(832): CodeIgniter\HTTP\RedirectResponse->route(false)
#2 C:\Users\jesus\Documents\GitHub\vet\app\Views\welcome_message.php(1): redirect('public/usuario/...')
#3 C:\Users\jesus\Documents\GitHub\vet\system\View\View.php(210): include('C:\\Users\\jesus\\...')
#4 C:\Users\jesus\Documents\GitHub\vet\system\View\View.php(213): CodeIgniter\View\View->CodeIgniter\View\{closure}()
#5 C:\Users\jesus\Documents\GitHub\vet\system\Common.php(1089): CodeIgniter\View\View->render('welcome_message', Array, true)
#6 C:\Users\jesus\Documents\GitHub\vet\app\Controllers\Home.php(9): view('welcome_message')
#7 C:\Users\jesus\Documents\GitHub\vet\system\CodeIgniter.php(832): App\Controllers\Home->index()
#8 C:\Users\jesus\Documents\GitHub\vet\system\CodeIgniter.php(419): CodeIgniter\CodeIgniter->runController(Object(App\Controllers\Home))
#9 C:\Users\jesus\Documents\GitHub\vet\system\CodeIgniter.php(326): CodeIgniter\CodeIgniter->handleRequest(NULL, Object(Config\Cache), false)
#10 C:\Users\jesus\Documents\GitHub\vet\public\index.php(37): CodeIgniter\CodeIgniter->run()
#11 {main}
CRITICAL - 2022-04-03 13:43:06 --> include(application/views/plantilla/head.php): failed to open stream: No such file or directory
#0 C:\Users\jesus\Documents\GitHub\vet\app\Views\main\index.php(5): CodeIgniter\Debug\Exceptions->errorHandler(2, 'include(applica...', 'C:\\Users\\jesus\\...', 5, Array)
#1 C:\Users\jesus\Documents\GitHub\vet\app\Views\main\index.php(5): include()
#2 C:\Users\jesus\Documents\GitHub\vet\system\View\View.php(210): include('C:\\Users\\jesus\\...')
#3 C:\Users\jesus\Documents\GitHub\vet\system\View\View.php(213): CodeIgniter\View\View->CodeIgniter\View\{closure}()
#4 C:\Users\jesus\Documents\GitHub\vet\system\Common.php(1089): CodeIgniter\View\View->render('main/index', Array, true)
#5 C:\Users\jesus\Documents\GitHub\vet\app\Views\welcome_message.php(1): view('main/index')
#6 C:\Users\jesus\Documents\GitHub\vet\system\View\View.php(210): include('C:\\Users\\jesus\\...')
#7 C:\Users\jesus\Documents\GitHub\vet\system\View\View.php(213): CodeIgniter\View\View->CodeIgniter\View\{closure}()
#8 C:\Users\jesus\Documents\GitHub\vet\system\Common.php(1089): CodeIgniter\View\View->render('welcome_message', Array, true)
#9 C:\Users\jesus\Documents\GitHub\vet\app\Controllers\Home.php(9): view('welcome_message')
#10 C:\Users\jesus\Documents\GitHub\vet\system\CodeIgniter.php(832): App\Controllers\Home->index()
#11 C:\Users\jesus\Documents\GitHub\vet\system\CodeIgniter.php(419): CodeIgniter\CodeIgniter->runController(Object(App\Controllers\Home))
#12 C:\Users\jesus\Documents\GitHub\vet\system\CodeIgniter.php(326): CodeIgniter\CodeIgniter->handleRequest(NULL, Object(Config\Cache), false)
#13 C:\Users\jesus\Documents\GitHub\vet\public\index.php(37): CodeIgniter\CodeIgniter->run()
#14 {main}
CRITICAL - 2022-04-03 14:04:53 --> Invalid argument supplied for foreach()
#0 C:\Users\jesus\Documents\GitHub\vet\app\Views\usuario\index.php(61): CodeIgniter\Debug\Exceptions->errorHandler(2, 'Invalid argumen...', 'C:\\Users\\jesus\\...', 61, Array)
#1 C:\Users\jesus\Documents\GitHub\vet\system\View\View.php(210): include('C:\\Users\\jesus\\...')
#2 C:\Users\jesus\Documents\GitHub\vet\system\View\View.php(213): CodeIgniter\View\View->CodeIgniter\View\{closure}()
#3 C:\Users\jesus\Documents\GitHub\vet\system\Common.php(1089): CodeIgniter\View\View->render('usuario/index', Array, true)
#4 C:\Users\jesus\Documents\GitHub\vet\app\Controllers\Usuario.php(15): view('usuario/index')
#5 C:\Users\jesus\Documents\GitHub\vet\system\CodeIgniter.php(832): App\Controllers\Usuario->index()
#6 C:\Users\jesus\Documents\GitHub\vet\system\CodeIgniter.php(419): CodeIgniter\CodeIgniter->runController(Object(App\Controllers\Usuario))
#7 C:\Users\jesus\Documents\GitHub\vet\system\CodeIgniter.php(326): CodeIgniter\CodeIgniter->handleRequest(NULL, Object(Config\Cache), false)
#8 C:\Users\jesus\Documents\GitHub\vet\public\index.php(37): CodeIgniter\CodeIgniter->run()
#9 {main}
CRITICAL - 2022-04-03 14:05:28 --> Invalid argument supplied for foreach()
#0 C:\Users\jesus\Documents\GitHub\vet\app\Views\usuario\index.php(61): CodeIgniter\Debug\Exceptions->errorHandler(2, 'Invalid argumen...', 'C:\\Users\\jesus\\...', 61, Array)
#1 C:\Users\jesus\Documents\GitHub\vet\system\View\View.php(210): include('C:\\Users\\jesus\\...')
#2 C:\Users\jesus\Documents\GitHub\vet\system\View\View.php(213): CodeIgniter\View\View->CodeIgniter\View\{closure}()
#3 C:\Users\jesus\Documents\GitHub\vet\system\Common.php(1089): CodeIgniter\View\View->render('usuario/index', Array, true)
#4 C:\Users\jesus\Documents\GitHub\vet\app\Controllers\Usuario.php(15): view('usuario/index')
#5 C:\Users\jesus\Documents\GitHub\vet\system\CodeIgniter.php(832): App\Controllers\Usuario->index()
#6 C:\Users\jesus\Documents\GitHub\vet\system\CodeIgniter.php(419): CodeIgniter\CodeIgniter->runController(Object(App\Controllers\Usuario))
#7 C:\Users\jesus\Documents\GitHub\vet\system\CodeIgniter.php(326): CodeIgniter\CodeIgniter->handleRequest(NULL, Object(Config\Cache), false)
#8 C:\Users\jesus\Documents\GitHub\vet\public\index.php(37): CodeIgniter\CodeIgniter->run()
#9 {main}
CRITICAL - 2022-04-03 14:08:07 --> Invalid argument supplied for foreach()
#0 C:\Users\jesus\Documents\GitHub\vet\app\Views\usuario\index.php(61): CodeIgniter\Debug\Exceptions->errorHandler(2, 'Invalid argumen...', 'C:\\Users\\jesus\\...', 61, Array)
#1 C:\Users\jesus\Documents\GitHub\vet\system\View\View.php(210): include('C:\\Users\\jesus\\...')
#2 C:\Users\jesus\Documents\GitHub\vet\system\View\View.php(213): CodeIgniter\View\View->CodeIgniter\View\{closure}()
#3 C:\Users\jesus\Documents\GitHub\vet\system\Common.php(1089): CodeIgniter\View\View->render('usuario/index', Array, true)
#4 C:\Users\jesus\Documents\GitHub\vet\app\Controllers\Usuario.php(15): view('usuario/index')
#5 C:\Users\jesus\Documents\GitHub\vet\system\CodeIgniter.php(832): App\Controllers\Usuario->index()
#6 C:\Users\jesus\Documents\GitHub\vet\system\CodeIgniter.php(419): CodeIgniter\CodeIgniter->runController(Object(App\Controllers\Usuario))
#7 C:\Users\jesus\Documents\GitHub\vet\system\CodeIgniter.php(326): CodeIgniter\CodeIgniter->handleRequest(NULL, Object(Config\Cache), false)
#8 C:\Users\jesus\Documents\GitHub\vet\public\index.php(37): CodeIgniter\CodeIgniter->run()
#9 {main}
CRITICAL - 2022-04-03 14:09:11 --> Invalid argument supplied for foreach()
#0 C:\Users\jesus\Documents\GitHub\vet\app\Views\usuario\index.php(61): CodeIgniter\Debug\Exceptions->errorHandler(2, 'Invalid argumen...', 'C:\\Users\\jesus\\...', 61, Array)
#1 C:\Users\jesus\Documents\GitHub\vet\system\View\View.php(210): include('C:\\Users\\jesus\\...')
#2 C:\Users\jesus\Documents\GitHub\vet\system\View\View.php(213): CodeIgniter\View\View->CodeIgniter\View\{closure}()
#3 C:\Users\jesus\Documents\GitHub\vet\system\Common.php(1089): CodeIgniter\View\View->render('usuario/index', Array, true)
#4 C:\Users\jesus\Documents\GitHub\vet\app\Controllers\Usuario.php(15): view('usuario/index')
#5 C:\Users\jesus\Documents\GitHub\vet\system\CodeIgniter.php(832): App\Controllers\Usuario->index()
#6 C:\Users\jesus\Documents\GitHub\vet\system\CodeIgniter.php(419): CodeIgniter\CodeIgniter->runController(Object(App\Controllers\Usuario))
#7 C:\Users\jesus\Documents\GitHub\vet\system\CodeIgniter.php(326): CodeIgniter\CodeIgniter->handleRequest(NULL, Object(Config\Cache), false)
#8 C:\Users\jesus\Documents\GitHub\vet\public\index.php(37): CodeIgniter\CodeIgniter->run()
#9 {main}
CRITICAL - 2022-04-03 14:09:32 --> Invalid argument supplied for foreach()
#0 C:\Users\jesus\Documents\GitHub\vet\app\Views\usuario\index.php(61): CodeIgniter\Debug\Exceptions->errorHandler(2, 'Invalid argumen...', 'C:\\Users\\jesus\\...', 61, Array)
#1 C:\Users\jesus\Documents\GitHub\vet\system\View\View.php(210): include('C:\\Users\\jesus\\...')
#2 C:\Users\jesus\Documents\GitHub\vet\system\View\View.php(213): CodeIgniter\View\View->CodeIgniter\View\{closure}()
#3 C:\Users\jesus\Documents\GitHub\vet\system\Common.php(1089): CodeIgniter\View\View->render('usuario/index', Array, true)
#4 C:\Users\jesus\Documents\GitHub\vet\app\Controllers\Usuario.php(15): view('usuario/index')
#5 C:\Users\jesus\Documents\GitHub\vet\system\CodeIgniter.php(832): App\Controllers\Usuario->index()
#6 C:\Users\jesus\Documents\GitHub\vet\system\CodeIgniter.php(419): CodeIgniter\CodeIgniter->runController(Object(App\Controllers\Usuario))
#7 C:\Users\jesus\Documents\GitHub\vet\system\CodeIgniter.php(326): CodeIgniter\CodeIgniter->handleRequest(NULL, Object(Config\Cache), false)
#8 C:\Users\jesus\Documents\GitHub\vet\public\index.php(37): CodeIgniter\CodeIgniter->run()
#9 {main}
CRITICAL - 2022-04-03 14:10:28 --> Invalid argument supplied for foreach()
#0 C:\Users\jesus\Documents\GitHub\vet\app\Views\usuario\index.php(61): CodeIgniter\Debug\Exceptions->errorHandler(2, 'Invalid argumen...', 'C:\\Users\\jesus\\...', 61, Array)
#1 C:\Users\jesus\Documents\GitHub\vet\system\View\View.php(210): include('C:\\Users\\jesus\\...')
#2 C:\Users\jesus\Documents\GitHub\vet\system\View\View.php(213): CodeIgniter\View\View->CodeIgniter\View\{closure}()
#3 C:\Users\jesus\Documents\GitHub\vet\system\Common.php(1089): CodeIgniter\View\View->render('usuario/index', Array, true)
#4 C:\Users\jesus\Documents\GitHub\vet\app\Controllers\Usuario.php(15): view('usuario/index')
#5 C:\Users\jesus\Documents\GitHub\vet\system\CodeIgniter.php(832): App\Controllers\Usuario->index()
#6 C:\Users\jesus\Documents\GitHub\vet\system\CodeIgniter.php(419): CodeIgniter\CodeIgniter->runController(Object(App\Controllers\Usuario))
#7 C:\Users\jesus\Documents\GitHub\vet\system\CodeIgniter.php(326): CodeIgniter\CodeIgniter->handleRequest(NULL, Object(Config\Cache), false)
#8 C:\Users\jesus\Documents\GitHub\vet\public\index.php(37): CodeIgniter\CodeIgniter->run()
#9 {main}
CRITICAL - 2022-04-03 14:10:52 --> Invalid argument supplied for foreach()
#0 C:\Users\jesus\Documents\GitHub\vet\app\Views\usuario\index.php(61): CodeIgniter\Debug\Exceptions->errorHandler(2, 'Invalid argumen...', 'C:\\Users\\jesus\\...', 61, Array)
#1 C:\Users\jesus\Documents\GitHub\vet\system\View\View.php(210): include('C:\\Users\\jesus\\...')
#2 C:\Users\jesus\Documents\GitHub\vet\system\View\View.php(213): CodeIgniter\View\View->CodeIgniter\View\{closure}()
#3 C:\Users\jesus\Documents\GitHub\vet\system\Common.php(1089): CodeIgniter\View\View->render('usuario/index', Array, true)
#4 C:\Users\jesus\Documents\GitHub\vet\app\Controllers\Usuario.php(15): view('usuario/index')
#5 C:\Users\jesus\Documents\GitHub\vet\system\CodeIgniter.php(832): App\Controllers\Usuario->index()
#6 C:\Users\jesus\Documents\GitHub\vet\system\CodeIgniter.php(419): CodeIgniter\CodeIgniter->runController(Object(App\Controllers\Usuario))
#7 C:\Users\jesus\Documents\GitHub\vet\system\CodeIgniter.php(326): CodeIgniter\CodeIgniter->handleRequest(NULL, Object(Config\Cache), false)
#8 C:\Users\jesus\Documents\GitHub\vet\public\index.php(37): CodeIgniter\CodeIgniter->run()
#9 {main}
