CRITICAL - 2022-04-05 14:25:35 --> syntax error, unexpected 'print_r' (T_STRING)
#0 C:\laragon\www\vet\system\View\View.php(213): CodeIgniter\View\View->CodeIgniter\View\{closure}()
#1 C:\laragon\www\vet\system\Common.php(1089): CodeIgniter\View\View->render('usuario/index', Array, true)
#2 C:\laragon\www\vet\app\Controllers\Usuario.php(18): view('usuario/index', Array)
#3 C:\laragon\www\vet\system\CodeIgniter.php(832): App\Controllers\Usuario->index()
#4 C:\laragon\www\vet\system\CodeIgniter.php(419): CodeIgniter\CodeIgniter->runController(Object(App\Controllers\Usuario))
#5 C:\laragon\www\vet\system\CodeIgniter.php(326): CodeIgniter\CodeIgniter->handleRequest(NULL, Object(Config\Cache), false)
#6 C:\laragon\www\vet\public\index.php(37): CodeIgniter\CodeIgniter->run()
#7 {main}
CRITICAL - 2022-04-05 14:27:55 --> syntax error, unexpected 'echo' (T_ECHO)
#0 C:\laragon\www\vet\system\View\View.php(213): CodeIgniter\View\View->CodeIgniter\View\{closure}()
#1 C:\laragon\www\vet\system\Common.php(1089): CodeIgniter\View\View->render('usuario/index', Array, true)
#2 C:\laragon\www\vet\app\Controllers\Usuario.php(18): view('usuario/index', Array)
#3 C:\laragon\www\vet\system\CodeIgniter.php(832): App\Controllers\Usuario->index()
#4 C:\laragon\www\vet\system\CodeIgniter.php(419): CodeIgniter\CodeIgniter->runController(Object(App\Controllers\Usuario))
#5 C:\laragon\www\vet\system\CodeIgniter.php(326): CodeIgniter\CodeIgniter->handleRequest(NULL, Object(Config\Cache), false)
#6 C:\laragon\www\vet\public\index.php(37): CodeIgniter\CodeIgniter->run()
#7 {main}
CRITICAL - 2022-04-05 14:31:57 --> Invalid argument supplied for foreach()
#0 C:\laragon\www\vet\app\Views\usuario\index.php(67): CodeIgniter\Debug\Exceptions->errorHandler(2, 'Invalid argumen...', 'C:\\laragon\\www\\...', 67, Array)
#1 C:\laragon\www\vet\system\View\View.php(210): include('C:\\laragon\\www\\...')
#2 C:\laragon\www\vet\system\View\View.php(213): CodeIgniter\View\View->CodeIgniter\View\{closure}()
#3 C:\laragon\www\vet\system\Common.php(1089): CodeIgniter\View\View->render('usuario/index', Array, true)
#4 C:\laragon\www\vet\app\Controllers\Usuario.php(18): view('usuario/index')
#5 C:\laragon\www\vet\system\CodeIgniter.php(832): App\Controllers\Usuario->index()
#6 C:\laragon\www\vet\system\CodeIgniter.php(419): CodeIgniter\CodeIgniter->runController(Object(App\Controllers\Usuario))
#7 C:\laragon\www\vet\system\CodeIgniter.php(326): CodeIgniter\CodeIgniter->handleRequest(NULL, Object(Config\Cache), false)
#8 C:\laragon\www\vet\public\index.php(37): CodeIgniter\CodeIgniter->run()
#9 {main}
CRITICAL - 2022-04-05 14:40:18 --> syntax error, unexpected '<', expecting end of file
#0 C:\laragon\www\vet\system\View\View.php(213): CodeIgniter\View\View->CodeIgniter\View\{closure}()
#1 C:\laragon\www\vet\system\Common.php(1089): CodeIgniter\View\View->render('usuario/index', Array, true)
#2 C:\laragon\www\vet\app\Controllers\Usuario.php(18): view('usuario/index', Array)
#3 C:\laragon\www\vet\system\CodeIgniter.php(832): App\Controllers\Usuario->index()
#4 C:\laragon\www\vet\system\CodeIgniter.php(419): CodeIgniter\CodeIgniter->runController(Object(App\Controllers\Usuario))
#5 C:\laragon\www\vet\system\CodeIgniter.php(326): CodeIgniter\CodeIgniter->handleRequest(NULL, Object(Config\Cache), false)
#6 C:\laragon\www\vet\public\index.php(37): CodeIgniter\CodeIgniter->run()
#7 {main}
CRITICAL - 2022-04-05 14:40:29 --> syntax error, unexpected 'print_r' (T_STRING)
#0 C:\laragon\www\vet\system\View\View.php(213): CodeIgniter\View\View->CodeIgniter\View\{closure}()
#1 C:\laragon\www\vet\system\Common.php(1089): CodeIgniter\View\View->render('usuario/index', Array, true)
#2 C:\laragon\www\vet\app\Controllers\Usuario.php(18): view('usuario/index', Array)
#3 C:\laragon\www\vet\system\CodeIgniter.php(832): App\Controllers\Usuario->index()
#4 C:\laragon\www\vet\system\CodeIgniter.php(419): CodeIgniter\CodeIgniter->runController(Object(App\Controllers\Usuario))
#5 C:\laragon\www\vet\system\CodeIgniter.php(326): CodeIgniter\CodeIgniter->handleRequest(NULL, Object(Config\Cache), false)
#6 C:\laragon\www\vet\public\index.php(37): CodeIgniter\CodeIgniter->run()
#7 {main}
CRITICAL - 2022-04-05 14:41:59 --> syntax error, unexpected 'echo' (T_ECHO)
#0 C:\laragon\www\vet\system\View\View.php(213): CodeIgniter\View\View->CodeIgniter\View\{closure}()
#1 C:\laragon\www\vet\system\Common.php(1089): CodeIgniter\View\View->render('usuario/index', Array, true)
#2 C:\laragon\www\vet\app\Controllers\Usuario.php(18): view('usuario/index', Array)
#3 C:\laragon\www\vet\system\CodeIgniter.php(832): App\Controllers\Usuario->index()
#4 C:\laragon\www\vet\system\CodeIgniter.php(419): CodeIgniter\CodeIgniter->runController(Object(App\Controllers\Usuario))
#5 C:\laragon\www\vet\system\CodeIgniter.php(326): CodeIgniter\CodeIgniter->handleRequest(NULL, Object(Config\Cache), false)
#6 C:\laragon\www\vet\public\index.php(37): CodeIgniter\CodeIgniter->run()
#7 {main}
CRITICAL - 2022-04-05 14:44:59 --> syntax error, unexpected '}'
#0 C:\laragon\www\vet\system\View\View.php(213): CodeIgniter\View\View->CodeIgniter\View\{closure}()
#1 C:\laragon\www\vet\system\Common.php(1089): CodeIgniter\View\View->render('usuario/index', Array, true)
#2 C:\laragon\www\vet\app\Controllers\Usuario.php(18): view('usuario/index', Array)
#3 C:\laragon\www\vet\system\CodeIgniter.php(832): App\Controllers\Usuario->index()
#4 C:\laragon\www\vet\system\CodeIgniter.php(419): CodeIgniter\CodeIgniter->runController(Object(App\Controllers\Usuario))
#5 C:\laragon\www\vet\system\CodeIgniter.php(326): CodeIgniter\CodeIgniter->handleRequest(NULL, Object(Config\Cache), false)
#6 C:\laragon\www\vet\public\index.php(37): CodeIgniter\CodeIgniter->run()
#7 {main}
CRITICAL - 2022-04-05 14:45:24 --> syntax error, unexpected '}'
#0 C:\laragon\www\vet\system\View\View.php(213): CodeIgniter\View\View->CodeIgniter\View\{closure}()
#1 C:\laragon\www\vet\system\Common.php(1089): CodeIgniter\View\View->render('usuario/index', Array, true)
#2 C:\laragon\www\vet\app\Controllers\Usuario.php(18): view('usuario/index', Array)
#3 C:\laragon\www\vet\system\CodeIgniter.php(832): App\Controllers\Usuario->index()
#4 C:\laragon\www\vet\system\CodeIgniter.php(419): CodeIgniter\CodeIgniter->runController(Object(App\Controllers\Usuario))
#5 C:\laragon\www\vet\system\CodeIgniter.php(326): CodeIgniter\CodeIgniter->handleRequest(NULL, Object(Config\Cache), false)
#6 C:\laragon\www\vet\public\index.php(37): CodeIgniter\CodeIgniter->run()
#7 {main}
CRITICAL - 2022-04-05 15:10:52 --> syntax error, unexpected end of file
#0 C:\laragon\www\vet\system\View\View.php(213): CodeIgniter\View\View->CodeIgniter\View\{closure}()
#1 C:\laragon\www\vet\system\Common.php(1089): CodeIgniter\View\View->render('usuario/index', Array, true)
#2 C:\laragon\www\vet\app\Controllers\Usuario.php(18): view('usuario/index', Array)
#3 C:\laragon\www\vet\system\CodeIgniter.php(832): App\Controllers\Usuario->index()
#4 C:\laragon\www\vet\system\CodeIgniter.php(419): CodeIgniter\CodeIgniter->runController(Object(App\Controllers\Usuario))
#5 C:\laragon\www\vet\system\CodeIgniter.php(326): CodeIgniter\CodeIgniter->handleRequest(NULL, Object(Config\Cache), false)
#6 C:\laragon\www\vet\public\index.php(37): CodeIgniter\CodeIgniter->run()
#7 {main}
CRITICAL - 2022-04-05 15:12:32 --> syntax error, unexpected ';', expecting ']'
#0 C:\laragon\www\vet\system\Router\Router.php(175): CodeIgniter\Router\Router->autoRoute('usuario')
#1 C:\laragon\www\vet\system\CodeIgniter.php(726): CodeIgniter\Router\Router->handle('usuario')
#2 C:\laragon\www\vet\system\CodeIgniter.php(368): CodeIgniter\CodeIgniter->tryToRouteIt(Object(CodeIgniter\Router\RouteCollection))
#3 C:\laragon\www\vet\system\CodeIgniter.php(326): CodeIgniter\CodeIgniter->handleRequest(NULL, Object(Config\Cache), false)
#4 C:\laragon\www\vet\public\index.php(37): CodeIgniter\CodeIgniter->run()
#5 {main}
CRITICAL - 2022-04-05 15:14:03 --> syntax error, unexpected '=>' (T_DOUBLE_ARROW), expecting ';' or ','
#0 C:\laragon\www\vet\system\View\View.php(213): CodeIgniter\View\View->CodeIgniter\View\{closure}()
#1 C:\laragon\www\vet\system\Common.php(1089): CodeIgniter\View\View->render('usuario/index', Array, true)
#2 C:\laragon\www\vet\app\Controllers\Usuario.php(18): view('usuario/index', Array)
#3 C:\laragon\www\vet\system\CodeIgniter.php(832): App\Controllers\Usuario->index()
#4 C:\laragon\www\vet\system\CodeIgniter.php(419): CodeIgniter\CodeIgniter->runController(Object(App\Controllers\Usuario))
#5 C:\laragon\www\vet\system\CodeIgniter.php(326): CodeIgniter\CodeIgniter->handleRequest(NULL, Object(Config\Cache), false)
#6 C:\laragon\www\vet\public\index.php(37): CodeIgniter\CodeIgniter->run()
#7 {main}
CRITICAL - 2022-04-05 15:22:10 --> json_decode() expects parameter 1 to be string, array given
#0 [internal function]: CodeIgniter\Debug\Exceptions->errorHandler(2, 'json_decode() e...', 'C:\\laragon\\www\\...', 16, Array)
#1 C:\laragon\www\vet\app\Views\usuario\index.php(16): json_decode(Array)
#2 C:\laragon\www\vet\system\View\View.php(210): include('C:\\laragon\\www\\...')
#3 C:\laragon\www\vet\system\View\View.php(213): CodeIgniter\View\View->CodeIgniter\View\{closure}()
#4 C:\laragon\www\vet\system\Common.php(1089): CodeIgniter\View\View->render('usuario/index', Array, true)
#5 C:\laragon\www\vet\app\Controllers\Usuario.php(18): view('usuario/index', Array)
#6 C:\laragon\www\vet\system\CodeIgniter.php(832): App\Controllers\Usuario->index()
#7 C:\laragon\www\vet\system\CodeIgniter.php(419): CodeIgniter\CodeIgniter->runController(Object(App\Controllers\Usuario))
#8 C:\laragon\www\vet\system\CodeIgniter.php(326): CodeIgniter\CodeIgniter->handleRequest(NULL, Object(Config\Cache), false)
#9 C:\laragon\www\vet\public\index.php(37): CodeIgniter\CodeIgniter->run()
#10 {main}
CRITICAL - 2022-04-05 15:26:01 --> syntax error, unexpected 'echo' (T_ECHO)
#0 C:\laragon\www\vet\system\View\View.php(213): CodeIgniter\View\View->CodeIgniter\View\{closure}()
#1 C:\laragon\www\vet\system\Common.php(1089): CodeIgniter\View\View->render('usuario/index', Array, true)
#2 C:\laragon\www\vet\app\Controllers\Usuario.php(18): view('usuario/index', Array)
#3 C:\laragon\www\vet\system\CodeIgniter.php(832): App\Controllers\Usuario->index()
#4 C:\laragon\www\vet\system\CodeIgniter.php(419): CodeIgniter\CodeIgniter->runController(Object(App\Controllers\Usuario))
#5 C:\laragon\www\vet\system\CodeIgniter.php(326): CodeIgniter\CodeIgniter->handleRequest(NULL, Object(Config\Cache), false)
#6 C:\laragon\www\vet\public\index.php(37): CodeIgniter\CodeIgniter->run()
#7 {main}
CRITICAL - 2022-04-05 15:26:45 --> syntax error, unexpected '1' (T_LNUMBER), expecting identifier (T_STRING) or variable (T_VARIABLE) or '{' or '$'
#0 C:\laragon\www\vet\system\View\View.php(213): CodeIgniter\View\View->CodeIgniter\View\{closure}()
#1 C:\laragon\www\vet\system\Common.php(1089): CodeIgniter\View\View->render('usuario/index', Array, true)
#2 C:\laragon\www\vet\app\Controllers\Usuario.php(18): view('usuario/index', Array)
#3 C:\laragon\www\vet\system\CodeIgniter.php(832): App\Controllers\Usuario->index()
#4 C:\laragon\www\vet\system\CodeIgniter.php(419): CodeIgniter\CodeIgniter->runController(Object(App\Controllers\Usuario))
#5 C:\laragon\www\vet\system\CodeIgniter.php(326): CodeIgniter\CodeIgniter->handleRequest(NULL, Object(Config\Cache), false)
#6 C:\laragon\www\vet\public\index.php(37): CodeIgniter\CodeIgniter->run()
#7 {main}
