CRITICAL - 2022-05-02 11:58:56 --> syntax error, unexpected '$data' (T_VARIABLE), expecting function (T_FUNCTION) or const (T_CONST)
#0 C:\Users\jesus\Documents\GitHub\vet\system\Autoloader\Autoloader.php(241): CodeIgniter\Autoloader\Autoloader->includeFile('C:\\Users\\jesus\\...')
#1 C:\Users\jesus\Documents\GitHub\vet\system\Autoloader\Autoloader.php(219): CodeIgniter\Autoloader\Autoloader->loadInNamespace('App\\Controllers...')
#2 [internal function]: CodeIgniter\Autoloader\Autoloader->loadClass('App\\Controllers...')
#3 [internal function]: spl_autoload_call('App\\Controllers...')
#4 C:\Users\jesus\Documents\GitHub\vet\system\CodeIgniter.php(797): class_exists('\\App\\Controller...', true)
#5 C:\Users\jesus\Documents\GitHub\vet\system\CodeIgniter.php(406): CodeIgniter\CodeIgniter->startController()
#6 C:\Users\jesus\Documents\GitHub\vet\system\CodeIgniter.php(326): CodeIgniter\CodeIgniter->handleRequest(NULL, Object(Config\Cache), false)
#7 C:\Users\jesus\Documents\GitHub\vet\public\index.php(37): CodeIgniter\CodeIgniter->run()
#8 {main}
CRITICAL - 2022-05-02 12:04:43 --> Cannot call constructor
#0 C:\Users\jesus\Documents\GitHub\vet\system\CodeIgniter.php(809): App\Controllers\Mascota->__construct()
#1 C:\Users\jesus\Documents\GitHub\vet\system\CodeIgniter.php(410): CodeIgniter\CodeIgniter->createController()
#2 C:\Users\jesus\Documents\GitHub\vet\system\CodeIgniter.php(326): CodeIgniter\CodeIgniter->handleRequest(NULL, Object(Config\Cache), false)
#3 C:\Users\jesus\Documents\GitHub\vet\public\index.php(37): CodeIgniter\CodeIgniter->run()
#4 {main}
CRITICAL - 2022-05-02 12:04:48 --> Cannot call constructor
#0 C:\Users\jesus\Documents\GitHub\vet\system\CodeIgniter.php(809): App\Controllers\Mascota->__construct()
#1 C:\Users\jesus\Documents\GitHub\vet\system\CodeIgniter.php(410): CodeIgniter\CodeIgniter->createController()
#2 C:\Users\jesus\Documents\GitHub\vet\system\CodeIgniter.php(326): CodeIgniter\CodeIgniter->handleRequest(NULL, Object(Config\Cache), false)
#3 C:\Users\jesus\Documents\GitHub\vet\public\index.php(37): CodeIgniter\CodeIgniter->run()
#4 {main}
CRITICAL - 2022-05-02 12:04:59 --> Cannot call constructor
#0 C:\Users\jesus\Documents\GitHub\vet\system\CodeIgniter.php(809): App\Controllers\Mascota->__construct()
#1 C:\Users\jesus\Documents\GitHub\vet\system\CodeIgniter.php(410): CodeIgniter\CodeIgniter->createController()
#2 C:\Users\jesus\Documents\GitHub\vet\system\CodeIgniter.php(326): CodeIgniter\CodeIgniter->handleRequest(NULL, Object(Config\Cache), false)
#3 C:\Users\jesus\Documents\GitHub\vet\public\index.php(37): CodeIgniter\CodeIgniter->run()
#4 {main}
CRITICAL - 2022-05-02 12:05:12 --> Cannot call constructor
#0 C:\Users\jesus\Documents\GitHub\vet\system\CodeIgniter.php(809): App\Controllers\Mascota->__construct()
#1 C:\Users\jesus\Documents\GitHub\vet\system\CodeIgniter.php(410): CodeIgniter\CodeIgniter->createController()
#2 C:\Users\jesus\Documents\GitHub\vet\system\CodeIgniter.php(326): CodeIgniter\CodeIgniter->handleRequest(NULL, Object(Config\Cache), false)
#3 C:\Users\jesus\Documents\GitHub\vet\public\index.php(37): CodeIgniter\CodeIgniter->run()
#4 {main}
CRITICAL - 2022-05-02 12:37:13 --> Call to a member function find() on null
#0 C:\Users\jesus\Documents\GitHub\vet\system\CodeIgniter.php(832): App\Controllers\Mascota->show('index')
#1 C:\Users\jesus\Documents\GitHub\vet\system\CodeIgniter.php(419): CodeIgniter\CodeIgniter->runController(Object(App\Controllers\Mascota))
#2 C:\Users\jesus\Documents\GitHub\vet\system\CodeIgniter.php(326): CodeIgniter\CodeIgniter->handleRequest(NULL, Object(Config\Cache), false)
#3 C:\Users\jesus\Documents\GitHub\vet\public\index.php(37): CodeIgniter\CodeIgniter->run()
#4 {main}
CRITICAL - 2022-05-02 12:37:23 --> Class 'App\Controllers\Controller' not found
#0 C:\Users\jesus\Documents\GitHub\vet\system\Autoloader\Autoloader.php(264): include_once()
#1 C:\Users\jesus\Documents\GitHub\vet\system\Autoloader\Autoloader.php(241): CodeIgniter\Autoloader\Autoloader->includeFile('C:\\Users\\jesus\\...')
#2 C:\Users\jesus\Documents\GitHub\vet\system\Autoloader\Autoloader.php(219): CodeIgniter\Autoloader\Autoloader->loadInNamespace('App\\Controllers...')
#3 [internal function]: CodeIgniter\Autoloader\Autoloader->loadClass('App\\Controllers...')
#4 [internal function]: spl_autoload_call('App\\Controllers...')
#5 C:\Users\jesus\Documents\GitHub\vet\system\CodeIgniter.php(797): class_exists('\\App\\Controller...', true)
#6 C:\Users\jesus\Documents\GitHub\vet\system\CodeIgniter.php(406): CodeIgniter\CodeIgniter->startController()
#7 C:\Users\jesus\Documents\GitHub\vet\system\CodeIgniter.php(326): CodeIgniter\CodeIgniter->handleRequest(NULL, Object(Config\Cache), false)
#8 C:\Users\jesus\Documents\GitHub\vet\public\index.php(37): CodeIgniter\CodeIgniter->run()
#9 {main}
CRITICAL - 2022-05-02 12:37:24 --> Class 'App\Controllers\Controller' not found
#0 C:\Users\jesus\Documents\GitHub\vet\system\Autoloader\Autoloader.php(264): include_once()
#1 C:\Users\jesus\Documents\GitHub\vet\system\Autoloader\Autoloader.php(241): CodeIgniter\Autoloader\Autoloader->includeFile('C:\\Users\\jesus\\...')
#2 C:\Users\jesus\Documents\GitHub\vet\system\Autoloader\Autoloader.php(219): CodeIgniter\Autoloader\Autoloader->loadInNamespace('App\\Controllers...')
#3 [internal function]: CodeIgniter\Autoloader\Autoloader->loadClass('App\\Controllers...')
#4 [internal function]: spl_autoload_call('App\\Controllers...')
#5 C:\Users\jesus\Documents\GitHub\vet\system\CodeIgniter.php(797): class_exists('\\App\\Controller...', true)
#6 C:\Users\jesus\Documents\GitHub\vet\system\CodeIgniter.php(406): CodeIgniter\CodeIgniter->startController()
#7 C:\Users\jesus\Documents\GitHub\vet\system\CodeIgniter.php(326): CodeIgniter\CodeIgniter->handleRequest(NULL, Object(Config\Cache), false)
#8 C:\Users\jesus\Documents\GitHub\vet\public\index.php(37): CodeIgniter\CodeIgniter->run()
#9 {main}
CRITICAL - 2022-05-02 12:37:34 --> Call to a member function find() on null
#0 C:\Users\jesus\Documents\GitHub\vet\system\CodeIgniter.php(832): App\Controllers\Mascota->show('index')
#1 C:\Users\jesus\Documents\GitHub\vet\system\CodeIgniter.php(419): CodeIgniter\CodeIgniter->runController(Object(App\Controllers\Mascota))
#2 C:\Users\jesus\Documents\GitHub\vet\system\CodeIgniter.php(326): CodeIgniter\CodeIgniter->handleRequest(NULL, Object(Config\Cache), false)
#3 C:\Users\jesus\Documents\GitHub\vet\public\index.php(37): CodeIgniter\CodeIgniter->run()
#4 {main}
CRITICAL - 2022-05-02 12:37:39 --> Class 'App\Controllers\CI_Controller' not found
#0 C:\Users\jesus\Documents\GitHub\vet\system\Autoloader\Autoloader.php(264): include_once()
#1 C:\Users\jesus\Documents\GitHub\vet\system\Autoloader\Autoloader.php(241): CodeIgniter\Autoloader\Autoloader->includeFile('C:\\Users\\jesus\\...')
#2 C:\Users\jesus\Documents\GitHub\vet\system\Autoloader\Autoloader.php(219): CodeIgniter\Autoloader\Autoloader->loadInNamespace('App\\Controllers...')
#3 [internal function]: CodeIgniter\Autoloader\Autoloader->loadClass('App\\Controllers...')
#4 [internal function]: spl_autoload_call('App\\Controllers...')
#5 C:\Users\jesus\Documents\GitHub\vet\system\CodeIgniter.php(797): class_exists('\\App\\Controller...', true)
#6 C:\Users\jesus\Documents\GitHub\vet\system\CodeIgniter.php(406): CodeIgniter\CodeIgniter->startController()
#7 C:\Users\jesus\Documents\GitHub\vet\system\CodeIgniter.php(326): CodeIgniter\CodeIgniter->handleRequest(NULL, Object(Config\Cache), false)
#8 C:\Users\jesus\Documents\GitHub\vet\public\index.php(37): CodeIgniter\CodeIgniter->run()
#9 {main}
CRITICAL - 2022-05-02 12:42:20 --> Invalid file: animal/index.php
#0 C:\Users\jesus\Documents\GitHub\vet\system\View\View.php(198): CodeIgniter\Exceptions\FrameworkException::forInvalidFile('animal/index.ph...')
#1 C:\Users\jesus\Documents\GitHub\vet\system\Common.php(1089): CodeIgniter\View\View->render('animal/index', Array, true)
#2 C:\Users\jesus\Documents\GitHub\vet\app\Controllers\Animal.php(17): view('animal/index', Array)
#3 C:\Users\jesus\Documents\GitHub\vet\system\CodeIgniter.php(832): App\Controllers\Animal->index()
#4 C:\Users\jesus\Documents\GitHub\vet\system\CodeIgniter.php(419): CodeIgniter\CodeIgniter->runController(Object(App\Controllers\Animal))
#5 C:\Users\jesus\Documents\GitHub\vet\system\CodeIgniter.php(326): CodeIgniter\CodeIgniter->handleRequest(NULL, Object(Config\Cache), false)
#6 C:\Users\jesus\Documents\GitHub\vet\public\index.php(37): CodeIgniter\CodeIgniter->run()
#7 {main}
