CRITICAL - 2022-05-19 22:19:43 --> Invalid argument supplied for foreach()
#0 C:\Users\jesus\Documents\GitHub\vet\app\Views\usuario\index.php(63): CodeIgniter\Debug\Exceptions->errorHandler(2, 'Invalid argumen...', 'C:\\Users\\jesus\\...', 63, Array)
#1 C:\Users\jesus\Documents\GitHub\vet\system\View\View.php(210): include('C:\\Users\\jesus\\...')
#2 C:\Users\jesus\Documents\GitHub\vet\system\View\View.php(213): CodeIgniter\View\View->CodeIgniter\View\{closure}()
#3 C:\Users\jesus\Documents\GitHub\vet\system\Common.php(1089): CodeIgniter\View\View->render('usuario/index', Array, true)
#4 C:\Users\jesus\Documents\GitHub\vet\app\Controllers\Usuario.php(24): view('usuario/index')
#5 C:\Users\jesus\Documents\GitHub\vet\system\CodeIgniter.php(832): App\Controllers\Usuario->index2()
#6 C:\Users\jesus\Documents\GitHub\vet\system\CodeIgniter.php(419): CodeIgniter\CodeIgniter->runController(Object(App\Controllers\Usuario))
#7 C:\Users\jesus\Documents\GitHub\vet\system\CodeIgniter.php(326): CodeIgniter\CodeIgniter->handleRequest(NULL, Object(Config\Cache), false)
#8 C:\Users\jesus\Documents\GitHub\vet\public\index.php(37): CodeIgniter\CodeIgniter->run()
#9 {main}
CRITICAL - 2022-05-19 22:20:32 --> Invalid argument supplied for foreach()
#0 C:\Users\jesus\Documents\GitHub\vet\app\Views\usuario\index.php(63): CodeIgniter\Debug\Exceptions->errorHandler(2, 'Invalid argumen...', 'C:\\Users\\jesus\\...', 63, Array)
#1 C:\Users\jesus\Documents\GitHub\vet\system\View\View.php(210): include('C:\\Users\\jesus\\...')
#2 C:\Users\jesus\Documents\GitHub\vet\system\View\View.php(213): CodeIgniter\View\View->CodeIgniter\View\{closure}()
#3 C:\Users\jesus\Documents\GitHub\vet\system\Common.php(1089): CodeIgniter\View\View->render('usuario/index', Array, true)
#4 C:\Users\jesus\Documents\GitHub\vet\app\Controllers\Usuario.php(24): view('usuario/index')
#5 C:\Users\jesus\Documents\GitHub\vet\system\CodeIgniter.php(832): App\Controllers\Usuario->index2()
#6 C:\Users\jesus\Documents\GitHub\vet\system\CodeIgniter.php(419): CodeIgniter\CodeIgniter->runController(Object(App\Controllers\Usuario))
#7 C:\Users\jesus\Documents\GitHub\vet\system\CodeIgniter.php(326): CodeIgniter\CodeIgniter->handleRequest(NULL, Object(Config\Cache), false)
#8 C:\Users\jesus\Documents\GitHub\vet\public\index.php(37): CodeIgniter\CodeIgniter->run()
#9 {main}
CRITICAL - 2022-05-19 22:21:08 --> Invalid argument supplied for foreach()
#0 C:\Users\jesus\Documents\GitHub\vet\app\Views\usuario\index.php(63): CodeIgniter\Debug\Exceptions->errorHandler(2, 'Invalid argumen...', 'C:\\Users\\jesus\\...', 63, Array)
#1 C:\Users\jesus\Documents\GitHub\vet\system\View\View.php(210): include('C:\\Users\\jesus\\...')
#2 C:\Users\jesus\Documents\GitHub\vet\system\View\View.php(213): CodeIgniter\View\View->CodeIgniter\View\{closure}()
#3 C:\Users\jesus\Documents\GitHub\vet\system\Common.php(1089): CodeIgniter\View\View->render('usuario/index', Array, true)
#4 C:\Users\jesus\Documents\GitHub\vet\app\Controllers\Usuario.php(24): view('usuario/index')
#5 C:\Users\jesus\Documents\GitHub\vet\system\CodeIgniter.php(832): App\Controllers\Usuario->index2()
#6 C:\Users\jesus\Documents\GitHub\vet\system\CodeIgniter.php(419): CodeIgniter\CodeIgniter->runController(Object(App\Controllers\Usuario))
#7 C:\Users\jesus\Documents\GitHub\vet\system\CodeIgniter.php(326): CodeIgniter\CodeIgniter->handleRequest(NULL, Object(Config\Cache), false)
#8 C:\Users\jesus\Documents\GitHub\vet\public\index.php(37): CodeIgniter\CodeIgniter->run()
#9 {main}
CRITICAL - 2022-05-19 22:21:19 --> Invalid argument supplied for foreach()
#0 C:\Users\jesus\Documents\GitHub\vet\app\Views\usuario\index.php(63): CodeIgniter\Debug\Exceptions->errorHandler(2, 'Invalid argumen...', 'C:\\Users\\jesus\\...', 63, Array)
#1 C:\Users\jesus\Documents\GitHub\vet\system\View\View.php(210): include('C:\\Users\\jesus\\...')
#2 C:\Users\jesus\Documents\GitHub\vet\system\View\View.php(213): CodeIgniter\View\View->CodeIgniter\View\{closure}()
#3 C:\Users\jesus\Documents\GitHub\vet\system\Common.php(1089): CodeIgniter\View\View->render('usuario/index', Array, true)
#4 C:\Users\jesus\Documents\GitHub\vet\app\Controllers\Usuario.php(24): view('usuario/index')
#5 C:\Users\jesus\Documents\GitHub\vet\system\CodeIgniter.php(832): App\Controllers\Usuario->index2()
#6 C:\Users\jesus\Documents\GitHub\vet\system\CodeIgniter.php(419): CodeIgniter\CodeIgniter->runController(Object(App\Controllers\Usuario))
#7 C:\Users\jesus\Documents\GitHub\vet\system\CodeIgniter.php(326): CodeIgniter\CodeIgniter->handleRequest(NULL, Object(Config\Cache), false)
#8 C:\Users\jesus\Documents\GitHub\vet\public\index.php(37): CodeIgniter\CodeIgniter->run()
#9 {main}
CRITICAL - 2022-05-19 22:21:32 --> Invalid argument supplied for foreach()
#0 C:\Users\jesus\Documents\GitHub\vet\app\Views\usuario\index.php(63): CodeIgniter\Debug\Exceptions->errorHandler(2, 'Invalid argumen...', 'C:\\Users\\jesus\\...', 63, Array)
#1 C:\Users\jesus\Documents\GitHub\vet\system\View\View.php(210): include('C:\\Users\\jesus\\...')
#2 C:\Users\jesus\Documents\GitHub\vet\system\View\View.php(213): CodeIgniter\View\View->CodeIgniter\View\{closure}()
#3 C:\Users\jesus\Documents\GitHub\vet\system\Common.php(1089): CodeIgniter\View\View->render('usuario/index', Array, true)
#4 C:\Users\jesus\Documents\GitHub\vet\app\Controllers\Usuario.php(24): view('usuario/index')
#5 C:\Users\jesus\Documents\GitHub\vet\system\CodeIgniter.php(832): App\Controllers\Usuario->index2()
#6 C:\Users\jesus\Documents\GitHub\vet\system\CodeIgniter.php(419): CodeIgniter\CodeIgniter->runController(Object(App\Controllers\Usuario))
#7 C:\Users\jesus\Documents\GitHub\vet\system\CodeIgniter.php(326): CodeIgniter\CodeIgniter->handleRequest(NULL, Object(Config\Cache), false)
#8 C:\Users\jesus\Documents\GitHub\vet\public\index.php(37): CodeIgniter\CodeIgniter->run()
#9 {main}
CRITICAL - 2022-05-19 22:21:42 --> Invalid argument supplied for foreach()
#0 C:\Users\jesus\Documents\GitHub\vet\app\Views\usuario\index.php(63): CodeIgniter\Debug\Exceptions->errorHandler(2, 'Invalid argumen...', 'C:\\Users\\jesus\\...', 63, Array)
#1 C:\Users\jesus\Documents\GitHub\vet\system\View\View.php(210): include('C:\\Users\\jesus\\...')
#2 C:\Users\jesus\Documents\GitHub\vet\system\View\View.php(213): CodeIgniter\View\View->CodeIgniter\View\{closure}()
#3 C:\Users\jesus\Documents\GitHub\vet\system\Common.php(1089): CodeIgniter\View\View->render('usuario/index', Array, true)
#4 C:\Users\jesus\Documents\GitHub\vet\app\Controllers\Usuario.php(24): view('usuario/index')
#5 C:\Users\jesus\Documents\GitHub\vet\system\CodeIgniter.php(832): App\Controllers\Usuario->index2()
#6 C:\Users\jesus\Documents\GitHub\vet\system\CodeIgniter.php(419): CodeIgniter\CodeIgniter->runController(Object(App\Controllers\Usuario))
#7 C:\Users\jesus\Documents\GitHub\vet\system\CodeIgniter.php(326): CodeIgniter\CodeIgniter->handleRequest(NULL, Object(Config\Cache), false)
#8 C:\Users\jesus\Documents\GitHub\vet\public\index.php(37): CodeIgniter\CodeIgniter->run()
#9 {main}
CRITICAL - 2022-05-19 22:22:06 --> Invalid argument supplied for foreach()
#0 C:\Users\jesus\Documents\GitHub\vet\app\Views\usuario\index2.php(63): CodeIgniter\Debug\Exceptions->errorHandler(2, 'Invalid argumen...', 'C:\\Users\\jesus\\...', 63, Array)
#1 C:\Users\jesus\Documents\GitHub\vet\system\View\View.php(210): include('C:\\Users\\jesus\\...')
#2 C:\Users\jesus\Documents\GitHub\vet\system\View\View.php(213): CodeIgniter\View\View->CodeIgniter\View\{closure}()
#3 C:\Users\jesus\Documents\GitHub\vet\system\Common.php(1089): CodeIgniter\View\View->render('usuario/index2', Array, true)
#4 C:\Users\jesus\Documents\GitHub\vet\app\Controllers\Usuario.php(24): view('usuario/index2')
#5 C:\Users\jesus\Documents\GitHub\vet\system\CodeIgniter.php(832): App\Controllers\Usuario->index2()
#6 C:\Users\jesus\Documents\GitHub\vet\system\CodeIgniter.php(419): CodeIgniter\CodeIgniter->runController(Object(App\Controllers\Usuario))
#7 C:\Users\jesus\Documents\GitHub\vet\system\CodeIgniter.php(326): CodeIgniter\CodeIgniter->handleRequest(NULL, Object(Config\Cache), false)
#8 C:\Users\jesus\Documents\GitHub\vet\public\index.php(37): CodeIgniter\CodeIgniter->run()
#9 {main}
