CRITICAL - 2022-05-10 10:03:47 --> syntax error, unexpected '=', expecting ';' or ','
#0 C:\laragon\www\vet\system\View\View.php(213): CodeIgniter\View\View->CodeIgniter\View\{closure}()
#1 C:\laragon\www\vet\system\Common.php(1089): CodeIgniter\View\View->render('mascota/index', Array, true)
#2 C:\laragon\www\vet\app\Controllers\Mascota.php(66): view('mascota/index', Array)
#3 C:\laragon\www\vet\system\CodeIgniter.php(832): App\Controllers\Mascota->index()
#4 C:\laragon\www\vet\system\CodeIgniter.php(419): CodeIgniter\CodeIgniter->runController(Object(App\Controllers\Mascota))
#5 C:\laragon\www\vet\system\CodeIgniter.php(326): CodeIgniter\CodeIgniter->handleRequest(NULL, Object(Config\Cache), false)
#6 C:\laragon\www\vet\public\index.php(37): CodeIgniter\CodeIgniter->run()
#7 {main}
CRITICAL - 2022-05-10 10:03:48 --> syntax error, unexpected '=', expecting ';' or ','
#0 C:\laragon\www\vet\system\View\View.php(213): CodeIgniter\View\View->CodeIgniter\View\{closure}()
#1 C:\laragon\www\vet\system\Common.php(1089): CodeIgniter\View\View->render('mascota/index', Array, true)
#2 C:\laragon\www\vet\app\Controllers\Mascota.php(66): view('mascota/index', Array)
#3 C:\laragon\www\vet\system\CodeIgniter.php(832): App\Controllers\Mascota->index()
#4 C:\laragon\www\vet\system\CodeIgniter.php(419): CodeIgniter\CodeIgniter->runController(Object(App\Controllers\Mascota))
#5 C:\laragon\www\vet\system\CodeIgniter.php(326): CodeIgniter\CodeIgniter->handleRequest(NULL, Object(Config\Cache), false)
#6 C:\laragon\www\vet\public\index.php(37): CodeIgniter\CodeIgniter->run()
#7 {main}
CRITICAL - 2022-05-10 10:08:23 --> Use of undefined constant usuario - assumed 'usuario' (this will throw an Error in a future version of PHP)
#0 C:\laragon\www\vet\app\Views\mascota\index.php(72): CodeIgniter\Debug\Exceptions->errorHandler(2, 'Use of undefine...', 'C:\\laragon\\www\\...', 72, Array)
#1 C:\laragon\www\vet\system\View\View.php(210): include('C:\\laragon\\www\\...')
#2 C:\laragon\www\vet\system\View\View.php(213): CodeIgniter\View\View->CodeIgniter\View\{closure}()
#3 C:\laragon\www\vet\system\Common.php(1089): CodeIgniter\View\View->render('mascota/index', Array, true)
#4 C:\laragon\www\vet\app\Controllers\Mascota.php(66): view('mascota/index', Array)
#5 C:\laragon\www\vet\system\CodeIgniter.php(832): App\Controllers\Mascota->index()
#6 C:\laragon\www\vet\system\CodeIgniter.php(419): CodeIgniter\CodeIgniter->runController(Object(App\Controllers\Mascota))
#7 C:\laragon\www\vet\system\CodeIgniter.php(326): CodeIgniter\CodeIgniter->handleRequest(NULL, Object(Config\Cache), false)
#8 C:\laragon\www\vet\public\index.php(37): CodeIgniter\CodeIgniter->run()
#9 {main}
CRITICAL - 2022-05-10 10:10:54 --> syntax error, unexpected '$usuarios' (T_VARIABLE), expecting ';' or ','
#0 C:\laragon\www\vet\system\View\View.php(213): CodeIgniter\View\View->CodeIgniter\View\{closure}()
#1 C:\laragon\www\vet\system\Common.php(1089): CodeIgniter\View\View->render('mascota/index', Array, true)
#2 C:\laragon\www\vet\app\Controllers\Mascota.php(66): view('mascota/index', Array)
#3 C:\laragon\www\vet\system\CodeIgniter.php(832): App\Controllers\Mascota->index()
#4 C:\laragon\www\vet\system\CodeIgniter.php(419): CodeIgniter\CodeIgniter->runController(Object(App\Controllers\Mascota))
#5 C:\laragon\www\vet\system\CodeIgniter.php(326): CodeIgniter\CodeIgniter->handleRequest(NULL, Object(Config\Cache), false)
#6 C:\laragon\www\vet\public\index.php(37): CodeIgniter\CodeIgniter->run()
#7 {main}
CRITICAL - 2022-05-10 10:11:02 --> syntax error, unexpected '$usuario' (T_VARIABLE), expecting ';' or ','
#0 C:\laragon\www\vet\system\View\View.php(213): CodeIgniter\View\View->CodeIgniter\View\{closure}()
#1 C:\laragon\www\vet\system\Common.php(1089): CodeIgniter\View\View->render('mascota/index', Array, true)
#2 C:\laragon\www\vet\app\Controllers\Mascota.php(66): view('mascota/index', Array)
#3 C:\laragon\www\vet\system\CodeIgniter.php(832): App\Controllers\Mascota->index()
#4 C:\laragon\www\vet\system\CodeIgniter.php(419): CodeIgniter\CodeIgniter->runController(Object(App\Controllers\Mascota))
#5 C:\laragon\www\vet\system\CodeIgniter.php(326): CodeIgniter\CodeIgniter->handleRequest(NULL, Object(Config\Cache), false)
#6 C:\laragon\www\vet\public\index.php(37): CodeIgniter\CodeIgniter->run()
#7 {main}
CRITICAL - 2022-05-10 10:11:03 --> syntax error, unexpected '$usuario' (T_VARIABLE), expecting ';' or ','
#0 C:\laragon\www\vet\system\View\View.php(213): CodeIgniter\View\View->CodeIgniter\View\{closure}()
#1 C:\laragon\www\vet\system\Common.php(1089): CodeIgniter\View\View->render('mascota/index', Array, true)
#2 C:\laragon\www\vet\app\Controllers\Mascota.php(66): view('mascota/index', Array)
#3 C:\laragon\www\vet\system\CodeIgniter.php(832): App\Controllers\Mascota->index()
#4 C:\laragon\www\vet\system\CodeIgniter.php(419): CodeIgniter\CodeIgniter->runController(Object(App\Controllers\Mascota))
#5 C:\laragon\www\vet\system\CodeIgniter.php(326): CodeIgniter\CodeIgniter->handleRequest(NULL, Object(Config\Cache), false)
#6 C:\laragon\www\vet\public\index.php(37): CodeIgniter\CodeIgniter->run()
#7 {main}
CRITICAL - 2022-05-10 10:11:03 --> syntax error, unexpected '$usuario' (T_VARIABLE), expecting ';' or ','
#0 C:\laragon\www\vet\system\View\View.php(213): CodeIgniter\View\View->CodeIgniter\View\{closure}()
#1 C:\laragon\www\vet\system\Common.php(1089): CodeIgniter\View\View->render('mascota/index', Array, true)
#2 C:\laragon\www\vet\app\Controllers\Mascota.php(66): view('mascota/index', Array)
#3 C:\laragon\www\vet\system\CodeIgniter.php(832): App\Controllers\Mascota->index()
#4 C:\laragon\www\vet\system\CodeIgniter.php(419): CodeIgniter\CodeIgniter->runController(Object(App\Controllers\Mascota))
#5 C:\laragon\www\vet\system\CodeIgniter.php(326): CodeIgniter\CodeIgniter->handleRequest(NULL, Object(Config\Cache), false)
#6 C:\laragon\www\vet\public\index.php(37): CodeIgniter\CodeIgniter->run()
#7 {main}
CRITICAL - 2022-05-10 10:11:04 --> syntax error, unexpected '$usuario' (T_VARIABLE), expecting ';' or ','
#0 C:\laragon\www\vet\system\View\View.php(213): CodeIgniter\View\View->CodeIgniter\View\{closure}()
#1 C:\laragon\www\vet\system\Common.php(1089): CodeIgniter\View\View->render('mascota/index', Array, true)
#2 C:\laragon\www\vet\app\Controllers\Mascota.php(66): view('mascota/index', Array)
#3 C:\laragon\www\vet\system\CodeIgniter.php(832): App\Controllers\Mascota->index()
#4 C:\laragon\www\vet\system\CodeIgniter.php(419): CodeIgniter\CodeIgniter->runController(Object(App\Controllers\Mascota))
#5 C:\laragon\www\vet\system\CodeIgniter.php(326): CodeIgniter\CodeIgniter->handleRequest(NULL, Object(Config\Cache), false)
#6 C:\laragon\www\vet\public\index.php(37): CodeIgniter\CodeIgniter->run()
#7 {main}
CRITICAL - 2022-05-10 10:11:16 --> syntax error, unexpected '$usuario' (T_VARIABLE), expecting ';' or ','
#0 C:\laragon\www\vet\system\View\View.php(213): CodeIgniter\View\View->CodeIgniter\View\{closure}()
#1 C:\laragon\www\vet\system\Common.php(1089): CodeIgniter\View\View->render('mascota/index', Array, true)
#2 C:\laragon\www\vet\app\Controllers\Mascota.php(66): view('mascota/index', Array)
#3 C:\laragon\www\vet\system\CodeIgniter.php(832): App\Controllers\Mascota->index()
#4 C:\laragon\www\vet\system\CodeIgniter.php(419): CodeIgniter\CodeIgniter->runController(Object(App\Controllers\Mascota))
#5 C:\laragon\www\vet\system\CodeIgniter.php(326): CodeIgniter\CodeIgniter->handleRequest(NULL, Object(Config\Cache), false)
#6 C:\laragon\www\vet\public\index.php(37): CodeIgniter\CodeIgniter->run()
#7 {main}
CRITICAL - 2022-05-10 10:18:42 --> syntax error, unexpected 'as' (T_AS)
#0 C:\laragon\www\vet\system\View\View.php(213): CodeIgniter\View\View->CodeIgniter\View\{closure}()
#1 C:\laragon\www\vet\system\Common.php(1089): CodeIgniter\View\View->render('mascota/index', Array, true)
#2 C:\laragon\www\vet\app\Controllers\Mascota.php(66): view('mascota/index', Array)
#3 C:\laragon\www\vet\system\CodeIgniter.php(832): App\Controllers\Mascota->index()
#4 C:\laragon\www\vet\system\CodeIgniter.php(419): CodeIgniter\CodeIgniter->runController(Object(App\Controllers\Mascota))
#5 C:\laragon\www\vet\system\CodeIgniter.php(326): CodeIgniter\CodeIgniter->handleRequest(NULL, Object(Config\Cache), false)
#6 C:\laragon\www\vet\public\index.php(37): CodeIgniter\CodeIgniter->run()
#7 {main}
CRITICAL - 2022-05-10 10:27:34 --> Invalid argument supplied for foreach()
#0 C:\laragon\www\vet\app\Views\mascota\index.php(64): CodeIgniter\Debug\Exceptions->errorHandler(2, 'Invalid argumen...', 'C:\\laragon\\www\\...', 64, Array)
#1 C:\laragon\www\vet\system\View\View.php(210): include('C:\\laragon\\www\\...')
#2 C:\laragon\www\vet\system\View\View.php(213): CodeIgniter\View\View->CodeIgniter\View\{closure}()
#3 C:\laragon\www\vet\system\Common.php(1089): CodeIgniter\View\View->render('mascota/index', Array, true)
#4 C:\laragon\www\vet\app\Controllers\Mascota.php(67): view('mascota/index', Array)
#5 C:\laragon\www\vet\system\CodeIgniter.php(832): App\Controllers\Mascota->index()
#6 C:\laragon\www\vet\system\CodeIgniter.php(419): CodeIgniter\CodeIgniter->runController(Object(App\Controllers\Mascota))
#7 C:\laragon\www\vet\system\CodeIgniter.php(326): CodeIgniter\CodeIgniter->handleRequest(NULL, Object(Config\Cache), false)
#8 C:\laragon\www\vet\public\index.php(37): CodeIgniter\CodeIgniter->run()
#9 {main}
CRITICAL - 2022-05-10 10:27:47 --> Invalid argument supplied for foreach()
#0 C:\laragon\www\vet\app\Views\mascota\index.php(64): CodeIgniter\Debug\Exceptions->errorHandler(2, 'Invalid argumen...', 'C:\\laragon\\www\\...', 64, Array)
#1 C:\laragon\www\vet\system\View\View.php(210): include('C:\\laragon\\www\\...')
#2 C:\laragon\www\vet\system\View\View.php(213): CodeIgniter\View\View->CodeIgniter\View\{closure}()
#3 C:\laragon\www\vet\system\Common.php(1089): CodeIgniter\View\View->render('mascota/index', Array, true)
#4 C:\laragon\www\vet\app\Controllers\Mascota.php(67): view('mascota/index', Array)
#5 C:\laragon\www\vet\system\CodeIgniter.php(832): App\Controllers\Mascota->index()
#6 C:\laragon\www\vet\system\CodeIgniter.php(419): CodeIgniter\CodeIgniter->runController(Object(App\Controllers\Mascota))
#7 C:\laragon\www\vet\system\CodeIgniter.php(326): CodeIgniter\CodeIgniter->handleRequest(NULL, Object(Config\Cache), false)
#8 C:\laragon\www\vet\public\index.php(37): CodeIgniter\CodeIgniter->run()
#9 {main}
CRITICAL - 2022-05-10 10:27:48 --> Invalid argument supplied for foreach()
#0 C:\laragon\www\vet\app\Views\mascota\index.php(64): CodeIgniter\Debug\Exceptions->errorHandler(2, 'Invalid argumen...', 'C:\\laragon\\www\\...', 64, Array)
#1 C:\laragon\www\vet\system\View\View.php(210): include('C:\\laragon\\www\\...')
#2 C:\laragon\www\vet\system\View\View.php(213): CodeIgniter\View\View->CodeIgniter\View\{closure}()
#3 C:\laragon\www\vet\system\Common.php(1089): CodeIgniter\View\View->render('mascota/index', Array, true)
#4 C:\laragon\www\vet\app\Controllers\Mascota.php(67): view('mascota/index', Array)
#5 C:\laragon\www\vet\system\CodeIgniter.php(832): App\Controllers\Mascota->index()
#6 C:\laragon\www\vet\system\CodeIgniter.php(419): CodeIgniter\CodeIgniter->runController(Object(App\Controllers\Mascota))
#7 C:\laragon\www\vet\system\CodeIgniter.php(326): CodeIgniter\CodeIgniter->handleRequest(NULL, Object(Config\Cache), false)
#8 C:\laragon\www\vet\public\index.php(37): CodeIgniter\CodeIgniter->run()
#9 {main}
CRITICAL - 2022-05-10 10:28:06 --> Invalid argument supplied for foreach()
#0 C:\laragon\www\vet\app\Views\modals\mascota\crear.php(15): CodeIgniter\Debug\Exceptions->errorHandler(2, 'Invalid argumen...', 'C:\\laragon\\www\\...', 15, Array)
#1 C:\laragon\www\vet\system\View\View.php(210): include('C:\\laragon\\www\\...')
#2 C:\laragon\www\vet\system\View\View.php(213): CodeIgniter\View\View->CodeIgniter\View\{closure}()
#3 C:\laragon\www\vet\system\Common.php(1089): CodeIgniter\View\View->render('modals/mascota/...', Array, true)
#4 C:\laragon\www\vet\app\Views\mascota\index.php(116): view('modals/mascota/...')
#5 C:\laragon\www\vet\system\View\View.php(210): include('C:\\laragon\\www\\...')
#6 C:\laragon\www\vet\system\View\View.php(213): CodeIgniter\View\View->CodeIgniter\View\{closure}()
#7 C:\laragon\www\vet\system\Common.php(1089): CodeIgniter\View\View->render('mascota/index', Array, true)
#8 C:\laragon\www\vet\app\Controllers\Mascota.php(67): view('mascota/index', Array)
#9 C:\laragon\www\vet\system\CodeIgniter.php(832): App\Controllers\Mascota->index()
#10 C:\laragon\www\vet\system\CodeIgniter.php(419): CodeIgniter\CodeIgniter->runController(Object(App\Controllers\Mascota))
#11 C:\laragon\www\vet\system\CodeIgniter.php(326): CodeIgniter\CodeIgniter->handleRequest(NULL, Object(Config\Cache), false)
#12 C:\laragon\www\vet\public\index.php(37): CodeIgniter\CodeIgniter->run()
#13 {main}
CRITICAL - 2022-05-10 10:28:23 --> Invalid argument supplied for foreach()
#0 C:\laragon\www\vet\app\Views\mascota\index.php(64): CodeIgniter\Debug\Exceptions->errorHandler(2, 'Invalid argumen...', 'C:\\laragon\\www\\...', 64, Array)
#1 C:\laragon\www\vet\system\View\View.php(210): include('C:\\laragon\\www\\...')
#2 C:\laragon\www\vet\system\View\View.php(213): CodeIgniter\View\View->CodeIgniter\View\{closure}()
#3 C:\laragon\www\vet\system\Common.php(1089): CodeIgniter\View\View->render('mascota/index', Array, true)
#4 C:\laragon\www\vet\app\Controllers\Mascota.php(67): view('mascota/index', Array)
#5 C:\laragon\www\vet\system\CodeIgniter.php(832): App\Controllers\Mascota->index()
#6 C:\laragon\www\vet\system\CodeIgniter.php(419): CodeIgniter\CodeIgniter->runController(Object(App\Controllers\Mascota))
#7 C:\laragon\www\vet\system\CodeIgniter.php(326): CodeIgniter\CodeIgniter->handleRequest(NULL, Object(Config\Cache), false)
#8 C:\laragon\www\vet\public\index.php(37): CodeIgniter\CodeIgniter->run()
#9 {main}
CRITICAL - 2022-05-10 10:28:57 --> Invalid argument supplied for foreach()
#0 C:\laragon\www\vet\app\Views\mascota\index.php(64): CodeIgniter\Debug\Exceptions->errorHandler(2, 'Invalid argumen...', 'C:\\laragon\\www\\...', 64, Array)
#1 C:\laragon\www\vet\system\View\View.php(210): include('C:\\laragon\\www\\...')
#2 C:\laragon\www\vet\system\View\View.php(213): CodeIgniter\View\View->CodeIgniter\View\{closure}()
#3 C:\laragon\www\vet\system\Common.php(1089): CodeIgniter\View\View->render('mascota/index', Array, true)
#4 C:\laragon\www\vet\app\Controllers\Mascota.php(67): view('mascota/index', Array)
#5 C:\laragon\www\vet\system\CodeIgniter.php(832): App\Controllers\Mascota->index()
#6 C:\laragon\www\vet\system\CodeIgniter.php(419): CodeIgniter\CodeIgniter->runController(Object(App\Controllers\Mascota))
#7 C:\laragon\www\vet\system\CodeIgniter.php(326): CodeIgniter\CodeIgniter->handleRequest(NULL, Object(Config\Cache), false)
#8 C:\laragon\www\vet\public\index.php(37): CodeIgniter\CodeIgniter->run()
#9 {main}
CRITICAL - 2022-05-10 10:28:59 --> Invalid argument supplied for foreach()
#0 C:\laragon\www\vet\app\Views\mascota\index.php(64): CodeIgniter\Debug\Exceptions->errorHandler(2, 'Invalid argumen...', 'C:\\laragon\\www\\...', 64, Array)
#1 C:\laragon\www\vet\system\View\View.php(210): include('C:\\laragon\\www\\...')
#2 C:\laragon\www\vet\system\View\View.php(213): CodeIgniter\View\View->CodeIgniter\View\{closure}()
#3 C:\laragon\www\vet\system\Common.php(1089): CodeIgniter\View\View->render('mascota/index', Array, true)
#4 C:\laragon\www\vet\app\Controllers\Mascota.php(67): view('mascota/index', Array)
#5 C:\laragon\www\vet\system\CodeIgniter.php(832): App\Controllers\Mascota->index()
#6 C:\laragon\www\vet\system\CodeIgniter.php(419): CodeIgniter\CodeIgniter->runController(Object(App\Controllers\Mascota))
#7 C:\laragon\www\vet\system\CodeIgniter.php(326): CodeIgniter\CodeIgniter->handleRequest(NULL, Object(Config\Cache), false)
#8 C:\laragon\www\vet\public\index.php(37): CodeIgniter\CodeIgniter->run()
#9 {main}
CRITICAL - 2022-05-10 10:29:06 --> Invalid argument supplied for foreach()
#0 C:\laragon\www\vet\app\Views\modals\mascota\crear.php(15): CodeIgniter\Debug\Exceptions->errorHandler(2, 'Invalid argumen...', 'C:\\laragon\\www\\...', 15, Array)
#1 C:\laragon\www\vet\system\View\View.php(210): include('C:\\laragon\\www\\...')
#2 C:\laragon\www\vet\system\View\View.php(213): CodeIgniter\View\View->CodeIgniter\View\{closure}()
#3 C:\laragon\www\vet\system\Common.php(1089): CodeIgniter\View\View->render('modals/mascota/...', Array, true)
#4 C:\laragon\www\vet\app\Views\mascota\index.php(116): view('modals/mascota/...')
#5 C:\laragon\www\vet\system\View\View.php(210): include('C:\\laragon\\www\\...')
#6 C:\laragon\www\vet\system\View\View.php(213): CodeIgniter\View\View->CodeIgniter\View\{closure}()
#7 C:\laragon\www\vet\system\Common.php(1089): CodeIgniter\View\View->render('mascota/index', Array, true)
#8 C:\laragon\www\vet\app\Controllers\Mascota.php(67): view('mascota/index', Array)
#9 C:\laragon\www\vet\system\CodeIgniter.php(832): App\Controllers\Mascota->index()
#10 C:\laragon\www\vet\system\CodeIgniter.php(419): CodeIgniter\CodeIgniter->runController(Object(App\Controllers\Mascota))
#11 C:\laragon\www\vet\system\CodeIgniter.php(326): CodeIgniter\CodeIgniter->handleRequest(NULL, Object(Config\Cache), false)
#12 C:\laragon\www\vet\public\index.php(37): CodeIgniter\CodeIgniter->run()
#13 {main}
CRITICAL - 2022-05-10 10:29:21 --> Invalid argument supplied for foreach()
#0 C:\laragon\www\vet\app\Views\mascota\index.php(64): CodeIgniter\Debug\Exceptions->errorHandler(2, 'Invalid argumen...', 'C:\\laragon\\www\\...', 64, Array)
#1 C:\laragon\www\vet\system\View\View.php(210): include('C:\\laragon\\www\\...')
#2 C:\laragon\www\vet\system\View\View.php(213): CodeIgniter\View\View->CodeIgniter\View\{closure}()
#3 C:\laragon\www\vet\system\Common.php(1089): CodeIgniter\View\View->render('mascota/index', Array, true)
#4 C:\laragon\www\vet\app\Controllers\Mascota.php(67): view('mascota/index', Array)
#5 C:\laragon\www\vet\system\CodeIgniter.php(832): App\Controllers\Mascota->index()
#6 C:\laragon\www\vet\system\CodeIgniter.php(419): CodeIgniter\CodeIgniter->runController(Object(App\Controllers\Mascota))
#7 C:\laragon\www\vet\system\CodeIgniter.php(326): CodeIgniter\CodeIgniter->handleRequest(NULL, Object(Config\Cache), false)
#8 C:\laragon\www\vet\public\index.php(37): CodeIgniter\CodeIgniter->run()
#9 {main}
CRITICAL - 2022-05-10 10:30:20 --> Invalid argument supplied for foreach()
#0 C:\laragon\www\vet\app\Views\mascota\index.php(64): CodeIgniter\Debug\Exceptions->errorHandler(2, 'Invalid argumen...', 'C:\\laragon\\www\\...', 64, Array)
#1 C:\laragon\www\vet\system\View\View.php(210): include('C:\\laragon\\www\\...')
#2 C:\laragon\www\vet\system\View\View.php(213): CodeIgniter\View\View->CodeIgniter\View\{closure}()
#3 C:\laragon\www\vet\system\Common.php(1089): CodeIgniter\View\View->render('mascota/index', Array, true)
#4 C:\laragon\www\vet\app\Controllers\Mascota.php(67): view('mascota/index', Array)
#5 C:\laragon\www\vet\system\CodeIgniter.php(832): App\Controllers\Mascota->index()
#6 C:\laragon\www\vet\system\CodeIgniter.php(419): CodeIgniter\CodeIgniter->runController(Object(App\Controllers\Mascota))
#7 C:\laragon\www\vet\system\CodeIgniter.php(326): CodeIgniter\CodeIgniter->handleRequest(NULL, Object(Config\Cache), false)
#8 C:\laragon\www\vet\public\index.php(37): CodeIgniter\CodeIgniter->run()
#9 {main}
CRITICAL - 2022-05-10 10:31:23 --> Invalid argument supplied for foreach()
#0 C:\laragon\www\vet\app\Views\mascota\index.php(64): CodeIgniter\Debug\Exceptions->errorHandler(2, 'Invalid argumen...', 'C:\\laragon\\www\\...', 64, Array)
#1 C:\laragon\www\vet\system\View\View.php(210): include('C:\\laragon\\www\\...')
#2 C:\laragon\www\vet\system\View\View.php(213): CodeIgniter\View\View->CodeIgniter\View\{closure}()
#3 C:\laragon\www\vet\system\Common.php(1089): CodeIgniter\View\View->render('mascota/index', Array, true)
#4 C:\laragon\www\vet\app\Controllers\Mascota.php(67): view('mascota/index', Array)
#5 C:\laragon\www\vet\system\CodeIgniter.php(832): App\Controllers\Mascota->index()
#6 C:\laragon\www\vet\system\CodeIgniter.php(419): CodeIgniter\CodeIgniter->runController(Object(App\Controllers\Mascota))
#7 C:\laragon\www\vet\system\CodeIgniter.php(326): CodeIgniter\CodeIgniter->handleRequest(NULL, Object(Config\Cache), false)
#8 C:\laragon\www\vet\public\index.php(37): CodeIgniter\CodeIgniter->run()
#9 {main}
CRITICAL - 2022-05-10 10:31:24 --> Invalid argument supplied for foreach()
#0 C:\laragon\www\vet\app\Views\mascota\index.php(64): CodeIgniter\Debug\Exceptions->errorHandler(2, 'Invalid argumen...', 'C:\\laragon\\www\\...', 64, Array)
#1 C:\laragon\www\vet\system\View\View.php(210): include('C:\\laragon\\www\\...')
#2 C:\laragon\www\vet\system\View\View.php(213): CodeIgniter\View\View->CodeIgniter\View\{closure}()
#3 C:\laragon\www\vet\system\Common.php(1089): CodeIgniter\View\View->render('mascota/index', Array, true)
#4 C:\laragon\www\vet\app\Controllers\Mascota.php(67): view('mascota/index', Array)
#5 C:\laragon\www\vet\system\CodeIgniter.php(832): App\Controllers\Mascota->index()
#6 C:\laragon\www\vet\system\CodeIgniter.php(419): CodeIgniter\CodeIgniter->runController(Object(App\Controllers\Mascota))
#7 C:\laragon\www\vet\system\CodeIgniter.php(326): CodeIgniter\CodeIgniter->handleRequest(NULL, Object(Config\Cache), false)
#8 C:\laragon\www\vet\public\index.php(37): CodeIgniter\CodeIgniter->run()
#9 {main}
CRITICAL - 2022-05-10 10:31:26 --> Invalid argument supplied for foreach()
#0 C:\laragon\www\vet\app\Views\mascota\index.php(64): CodeIgniter\Debug\Exceptions->errorHandler(2, 'Invalid argumen...', 'C:\\laragon\\www\\...', 64, Array)
#1 C:\laragon\www\vet\system\View\View.php(210): include('C:\\laragon\\www\\...')
#2 C:\laragon\www\vet\system\View\View.php(213): CodeIgniter\View\View->CodeIgniter\View\{closure}()
#3 C:\laragon\www\vet\system\Common.php(1089): CodeIgniter\View\View->render('mascota/index', Array, true)
#4 C:\laragon\www\vet\app\Controllers\Mascota.php(67): view('mascota/index', Array)
#5 C:\laragon\www\vet\system\CodeIgniter.php(832): App\Controllers\Mascota->index()
#6 C:\laragon\www\vet\system\CodeIgniter.php(419): CodeIgniter\CodeIgniter->runController(Object(App\Controllers\Mascota))
#7 C:\laragon\www\vet\system\CodeIgniter.php(326): CodeIgniter\CodeIgniter->handleRequest(NULL, Object(Config\Cache), false)
#8 C:\laragon\www\vet\public\index.php(37): CodeIgniter\CodeIgniter->run()
#9 {main}
CRITICAL - 2022-05-10 10:31:49 --> Call to undefined method CodeIgniter\Database\MySQLi\Builder::getResultArray()
#0 C:\laragon\www\vet\app\Controllers\Mascota.php(53): App\Models\MascotaModel->getMascotas()
#1 C:\laragon\www\vet\system\CodeIgniter.php(832): App\Controllers\Mascota->index()
#2 C:\laragon\www\vet\system\CodeIgniter.php(419): CodeIgniter\CodeIgniter->runController(Object(App\Controllers\Mascota))
#3 C:\laragon\www\vet\system\CodeIgniter.php(326): CodeIgniter\CodeIgniter->handleRequest(NULL, Object(Config\Cache), false)
#4 C:\laragon\www\vet\public\index.php(37): CodeIgniter\CodeIgniter->run()
#5 {main}
CRITICAL - 2022-05-10 10:32:39 --> Invalid argument supplied for foreach()
#0 C:\laragon\www\vet\app\Views\modals\mascota\crear.php(15): CodeIgniter\Debug\Exceptions->errorHandler(2, 'Invalid argumen...', 'C:\\laragon\\www\\...', 15, Array)
#1 C:\laragon\www\vet\system\View\View.php(210): include('C:\\laragon\\www\\...')
#2 C:\laragon\www\vet\system\View\View.php(213): CodeIgniter\View\View->CodeIgniter\View\{closure}()
#3 C:\laragon\www\vet\system\Common.php(1089): CodeIgniter\View\View->render('modals/mascota/...', Array, true)
#4 C:\laragon\www\vet\app\Views\mascota\index.php(116): view('modals/mascota/...')
#5 C:\laragon\www\vet\system\View\View.php(210): include('C:\\laragon\\www\\...')
#6 C:\laragon\www\vet\system\View\View.php(213): CodeIgniter\View\View->CodeIgniter\View\{closure}()
#7 C:\laragon\www\vet\system\Common.php(1089): CodeIgniter\View\View->render('mascota/index', Array, true)
#8 C:\laragon\www\vet\app\Controllers\Mascota.php(67): view('mascota/index', Array)
#9 C:\laragon\www\vet\system\CodeIgniter.php(832): App\Controllers\Mascota->index()
#10 C:\laragon\www\vet\system\CodeIgniter.php(419): CodeIgniter\CodeIgniter->runController(Object(App\Controllers\Mascota))
#11 C:\laragon\www\vet\system\CodeIgniter.php(326): CodeIgniter\CodeIgniter->handleRequest(NULL, Object(Config\Cache), false)
#12 C:\laragon\www\vet\public\index.php(37): CodeIgniter\CodeIgniter->run()
#13 {main}
CRITICAL - 2022-05-10 10:33:53 --> Invalid argument supplied for foreach()
#0 C:\laragon\www\vet\app\Views\modals\mascota\crear.php(15): CodeIgniter\Debug\Exceptions->errorHandler(2, 'Invalid argumen...', 'C:\\laragon\\www\\...', 15, Array)
#1 C:\laragon\www\vet\system\View\View.php(210): include('C:\\laragon\\www\\...')
#2 C:\laragon\www\vet\system\View\View.php(213): CodeIgniter\View\View->CodeIgniter\View\{closure}()
#3 C:\laragon\www\vet\system\Common.php(1089): CodeIgniter\View\View->render('modals/mascota/...', Array, true)
#4 C:\laragon\www\vet\app\Views\mascota\index.php(116): view('modals/mascota/...')
#5 C:\laragon\www\vet\system\View\View.php(210): include('C:\\laragon\\www\\...')
#6 C:\laragon\www\vet\system\View\View.php(213): CodeIgniter\View\View->CodeIgniter\View\{closure}()
#7 C:\laragon\www\vet\system\Common.php(1089): CodeIgniter\View\View->render('mascota/index', Array, true)
#8 C:\laragon\www\vet\app\Controllers\Mascota.php(64): view('mascota/index', Array)
#9 C:\laragon\www\vet\system\CodeIgniter.php(832): App\Controllers\Mascota->index()
#10 C:\laragon\www\vet\system\CodeIgniter.php(419): CodeIgniter\CodeIgniter->runController(Object(App\Controllers\Mascota))
#11 C:\laragon\www\vet\system\CodeIgniter.php(326): CodeIgniter\CodeIgniter->handleRequest(NULL, Object(Config\Cache), false)
#12 C:\laragon\www\vet\public\index.php(37): CodeIgniter\CodeIgniter->run()
#13 {main}
