CRITICAL - 2022-05-06 17:07:42 --> Call to undefined method App\Models\CitaModel::getCitas
#0 C:\laragon\www\vet\app\Controllers\Cita.php(35): CodeIgniter\Model->__call('getCitas', Array)
#1 C:\laragon\www\vet\system\CodeIgniter.php(832): App\Controllers\Cita->index()
#2 C:\laragon\www\vet\system\CodeIgniter.php(419): CodeIgniter\CodeIgniter->runController(Object(App\Controllers\Cita))
#3 C:\laragon\www\vet\system\CodeIgniter.php(326): CodeIgniter\CodeIgniter->handleRequest(NULL, Object(Config\Cache), false)
#4 C:\laragon\www\vet\public\index.php(37): CodeIgniter\CodeIgniter->run()
#5 {main}
CRITICAL - 2022-05-06 17:07:47 --> Call to undefined method App\Models\CitaModel::getCitas
#0 C:\laragon\www\vet\app\Controllers\Cita.php(35): CodeIgniter\Model->__call('getCitas', Array)
#1 C:\laragon\www\vet\system\CodeIgniter.php(832): App\Controllers\Cita->index()
#2 C:\laragon\www\vet\system\CodeIgniter.php(419): CodeIgniter\CodeIgniter->runController(Object(App\Controllers\Cita))
#3 C:\laragon\www\vet\system\CodeIgniter.php(326): CodeIgniter\CodeIgniter->handleRequest(NULL, Object(Config\Cache), false)
#4 C:\laragon\www\vet\public\index.php(37): CodeIgniter\CodeIgniter->run()
#5 {main}
CRITICAL - 2022-05-06 17:07:48 --> Call to undefined method App\Models\CitaModel::getCitas
#0 C:\laragon\www\vet\app\Controllers\Cita.php(35): CodeIgniter\Model->__call('getCitas', Array)
#1 C:\laragon\www\vet\system\CodeIgniter.php(832): App\Controllers\Cita->index()
#2 C:\laragon\www\vet\system\CodeIgniter.php(419): CodeIgniter\CodeIgniter->runController(Object(App\Controllers\Cita))
#3 C:\laragon\www\vet\system\CodeIgniter.php(326): CodeIgniter\CodeIgniter->handleRequest(NULL, Object(Config\Cache), false)
#4 C:\laragon\www\vet\public\index.php(37): CodeIgniter\CodeIgniter->run()
#5 {main}
CRITICAL - 2022-05-06 17:07:48 --> Call to undefined method App\Models\CitaModel::getCitas
#0 C:\laragon\www\vet\app\Controllers\Cita.php(35): CodeIgniter\Model->__call('getCitas', Array)
#1 C:\laragon\www\vet\system\CodeIgniter.php(832): App\Controllers\Cita->index()
#2 C:\laragon\www\vet\system\CodeIgniter.php(419): CodeIgniter\CodeIgniter->runController(Object(App\Controllers\Cita))
#3 C:\laragon\www\vet\system\CodeIgniter.php(326): CodeIgniter\CodeIgniter->handleRequest(NULL, Object(Config\Cache), false)
#4 C:\laragon\www\vet\public\index.php(37): CodeIgniter\CodeIgniter->run()
#5 {main}
CRITICAL - 2022-05-06 17:07:48 --> Call to undefined method App\Models\CitaModel::getCitas
#0 C:\laragon\www\vet\app\Controllers\Cita.php(35): CodeIgniter\Model->__call('getCitas', Array)
#1 C:\laragon\www\vet\system\CodeIgniter.php(832): App\Controllers\Cita->index()
#2 C:\laragon\www\vet\system\CodeIgniter.php(419): CodeIgniter\CodeIgniter->runController(Object(App\Controllers\Cita))
#3 C:\laragon\www\vet\system\CodeIgniter.php(326): CodeIgniter\CodeIgniter->handleRequest(NULL, Object(Config\Cache), false)
#4 C:\laragon\www\vet\public\index.php(37): CodeIgniter\CodeIgniter->run()
#5 {main}
CRITICAL - 2022-05-06 17:07:49 --> Call to undefined method App\Models\CitaModel::getCitas
#0 C:\laragon\www\vet\app\Controllers\Cita.php(35): CodeIgniter\Model->__call('getCitas', Array)
#1 C:\laragon\www\vet\system\CodeIgniter.php(832): App\Controllers\Cita->index()
#2 C:\laragon\www\vet\system\CodeIgniter.php(419): CodeIgniter\CodeIgniter->runController(Object(App\Controllers\Cita))
#3 C:\laragon\www\vet\system\CodeIgniter.php(326): CodeIgniter\CodeIgniter->handleRequest(NULL, Object(Config\Cache), false)
#4 C:\laragon\www\vet\public\index.php(37): CodeIgniter\CodeIgniter->run()
#5 {main}
CRITICAL - 2022-05-06 17:08:06 --> Call to undefined method App\Models\CitaModel::getCitas
#0 C:\laragon\www\vet\app\Controllers\Cita.php(35): CodeIgniter\Model->__call('getCitas', Array)
#1 C:\laragon\www\vet\system\CodeIgniter.php(832): App\Controllers\Cita->index()
#2 C:\laragon\www\vet\system\CodeIgniter.php(419): CodeIgniter\CodeIgniter->runController(Object(App\Controllers\Cita))
#3 C:\laragon\www\vet\system\CodeIgniter.php(326): CodeIgniter\CodeIgniter->handleRequest(NULL, Object(Config\Cache), false)
#4 C:\laragon\www\vet\public\index.php(37): CodeIgniter\CodeIgniter->run()
#5 {main}
CRITICAL - 2022-05-06 17:08:07 --> Call to undefined method App\Models\CitaModel::getCitas
#0 C:\laragon\www\vet\app\Controllers\Cita.php(35): CodeIgniter\Model->__call('getCitas', Array)
#1 C:\laragon\www\vet\system\CodeIgniter.php(832): App\Controllers\Cita->index()
#2 C:\laragon\www\vet\system\CodeIgniter.php(419): CodeIgniter\CodeIgniter->runController(Object(App\Controllers\Cita))
#3 C:\laragon\www\vet\system\CodeIgniter.php(326): CodeIgniter\CodeIgniter->handleRequest(NULL, Object(Config\Cache), false)
#4 C:\laragon\www\vet\public\index.php(37): CodeIgniter\CodeIgniter->run()
#5 {main}
CRITICAL - 2022-05-06 17:08:11 --> Call to undefined method App\Models\CitaModel::getCitas
#0 C:\laragon\www\vet\app\Controllers\Cita.php(35): CodeIgniter\Model->__call('getCitas', Array)
#1 C:\laragon\www\vet\system\CodeIgniter.php(832): App\Controllers\Cita->index()
#2 C:\laragon\www\vet\system\CodeIgniter.php(419): CodeIgniter\CodeIgniter->runController(Object(App\Controllers\Cita))
#3 C:\laragon\www\vet\system\CodeIgniter.php(326): CodeIgniter\CodeIgniter->handleRequest(NULL, Object(Config\Cache), false)
#4 C:\laragon\www\vet\public\index.php(37): CodeIgniter\CodeIgniter->run()
#5 {main}
CRITICAL - 2022-05-06 17:10:37 --> Call to undefined method App\Models\CitaModel::getCitas
#0 C:\laragon\www\vet\app\Controllers\Cita.php(35): CodeIgniter\Model->__call('getCitas', Array)
#1 C:\laragon\www\vet\system\CodeIgniter.php(832): App\Controllers\Cita->index()
#2 C:\laragon\www\vet\system\CodeIgniter.php(419): CodeIgniter\CodeIgniter->runController(Object(App\Controllers\Cita))
#3 C:\laragon\www\vet\system\CodeIgniter.php(326): CodeIgniter\CodeIgniter->handleRequest(NULL, Object(Config\Cache), false)
#4 C:\laragon\www\vet\public\index.php(37): CodeIgniter\CodeIgniter->run()
#5 {main}
CRITICAL - 2022-05-06 17:10:38 --> Call to undefined method App\Models\CitaModel::getCitas
#0 C:\laragon\www\vet\app\Controllers\Cita.php(35): CodeIgniter\Model->__call('getCitas', Array)
#1 C:\laragon\www\vet\system\CodeIgniter.php(832): App\Controllers\Cita->index()
#2 C:\laragon\www\vet\system\CodeIgniter.php(419): CodeIgniter\CodeIgniter->runController(Object(App\Controllers\Cita))
#3 C:\laragon\www\vet\system\CodeIgniter.php(326): CodeIgniter\CodeIgniter->handleRequest(NULL, Object(Config\Cache), false)
#4 C:\laragon\www\vet\public\index.php(37): CodeIgniter\CodeIgniter->run()
#5 {main}
CRITICAL - 2022-05-06 17:10:38 --> Call to undefined method App\Models\CitaModel::getCitas
#0 C:\laragon\www\vet\app\Controllers\Cita.php(35): CodeIgniter\Model->__call('getCitas', Array)
#1 C:\laragon\www\vet\system\CodeIgniter.php(832): App\Controllers\Cita->index()
#2 C:\laragon\www\vet\system\CodeIgniter.php(419): CodeIgniter\CodeIgniter->runController(Object(App\Controllers\Cita))
#3 C:\laragon\www\vet\system\CodeIgniter.php(326): CodeIgniter\CodeIgniter->handleRequest(NULL, Object(Config\Cache), false)
#4 C:\laragon\www\vet\public\index.php(37): CodeIgniter\CodeIgniter->run()
#5 {main}
CRITICAL - 2022-05-06 17:10:41 --> Call to undefined method App\Models\CitaModel::getCitas
#0 C:\laragon\www\vet\app\Controllers\Cita.php(35): CodeIgniter\Model->__call('getCitas', Array)
#1 C:\laragon\www\vet\system\CodeIgniter.php(832): App\Controllers\Cita->index()
#2 C:\laragon\www\vet\system\CodeIgniter.php(419): CodeIgniter\CodeIgniter->runController(Object(App\Controllers\Cita))
#3 C:\laragon\www\vet\system\CodeIgniter.php(326): CodeIgniter\CodeIgniter->handleRequest(NULL, Object(Config\Cache), false)
#4 C:\laragon\www\vet\public\index.php(37): CodeIgniter\CodeIgniter->run()
#5 {main}
CRITICAL - 2022-05-06 17:10:46 --> Call to undefined method App\Models\CitaModel::getCitas
#0 C:\laragon\www\vet\app\Controllers\Cita.php(35): CodeIgniter\Model->__call('getCitas', Array)
#1 C:\laragon\www\vet\system\CodeIgniter.php(832): App\Controllers\Cita->index()
#2 C:\laragon\www\vet\system\CodeIgniter.php(419): CodeIgniter\CodeIgniter->runController(Object(App\Controllers\Cita))
#3 C:\laragon\www\vet\system\CodeIgniter.php(326): CodeIgniter\CodeIgniter->handleRequest(NULL, Object(Config\Cache), false)
#4 C:\laragon\www\vet\public\index.php(37): CodeIgniter\CodeIgniter->run()
#5 {main}
CRITICAL - 2022-05-06 17:11:23 --> Call to undefined method App\Models\CitaModel::getCitas
#0 C:\laragon\www\vet\app\Controllers\Cita.php(35): CodeIgniter\Model->__call('getCitas', Array)
#1 C:\laragon\www\vet\system\CodeIgniter.php(832): App\Controllers\Cita->index()
#2 C:\laragon\www\vet\system\CodeIgniter.php(419): CodeIgniter\CodeIgniter->runController(Object(App\Controllers\Cita))
#3 C:\laragon\www\vet\system\CodeIgniter.php(326): CodeIgniter\CodeIgniter->handleRequest(NULL, Object(Config\Cache), false)
#4 C:\laragon\www\vet\public\index.php(37): CodeIgniter\CodeIgniter->run()
#5 {main}
CRITICAL - 2022-05-06 17:11:24 --> Call to undefined method App\Models\CitaModel::getCitas
#0 C:\laragon\www\vet\app\Controllers\Cita.php(35): CodeIgniter\Model->__call('getCitas', Array)
#1 C:\laragon\www\vet\system\CodeIgniter.php(832): App\Controllers\Cita->index()
#2 C:\laragon\www\vet\system\CodeIgniter.php(419): CodeIgniter\CodeIgniter->runController(Object(App\Controllers\Cita))
#3 C:\laragon\www\vet\system\CodeIgniter.php(326): CodeIgniter\CodeIgniter->handleRequest(NULL, Object(Config\Cache), false)
#4 C:\laragon\www\vet\public\index.php(37): CodeIgniter\CodeIgniter->run()
#5 {main}
CRITICAL - 2022-05-06 17:11:27 --> Call to undefined method App\Models\CitaModel::getCitas
#0 C:\laragon\www\vet\app\Controllers\Cita.php(35): CodeIgniter\Model->__call('getCitas', Array)
#1 C:\laragon\www\vet\system\CodeIgniter.php(832): App\Controllers\Cita->index()
#2 C:\laragon\www\vet\system\CodeIgniter.php(419): CodeIgniter\CodeIgniter->runController(Object(App\Controllers\Cita))
#3 C:\laragon\www\vet\system\CodeIgniter.php(326): CodeIgniter\CodeIgniter->handleRequest(NULL, Object(Config\Cache), false)
#4 C:\laragon\www\vet\public\index.php(37): CodeIgniter\CodeIgniter->run()
#5 {main}
CRITICAL - 2022-05-06 17:11:31 --> Call to undefined method App\Models\CitaModel::getCitas
#0 C:\laragon\www\vet\app\Controllers\Cita.php(35): CodeIgniter\Model->__call('getCitas', Array)
#1 C:\laragon\www\vet\system\CodeIgniter.php(832): App\Controllers\Cita->index()
#2 C:\laragon\www\vet\system\CodeIgniter.php(419): CodeIgniter\CodeIgniter->runController(Object(App\Controllers\Cita))
#3 C:\laragon\www\vet\system\CodeIgniter.php(326): CodeIgniter\CodeIgniter->handleRequest(NULL, Object(Config\Cache), false)
#4 C:\laragon\www\vet\public\index.php(37): CodeIgniter\CodeIgniter->run()
#5 {main}
CRITICAL - 2022-05-06 17:11:39 --> Call to undefined method App\Models\CitaModel::getCitas
#0 C:\laragon\www\vet\app\Controllers\Cita.php(35): CodeIgniter\Model->__call('getCitas', Array)
#1 C:\laragon\www\vet\system\CodeIgniter.php(832): App\Controllers\Cita->index()
#2 C:\laragon\www\vet\system\CodeIgniter.php(419): CodeIgniter\CodeIgniter->runController(Object(App\Controllers\Cita))
#3 C:\laragon\www\vet\system\CodeIgniter.php(326): CodeIgniter\CodeIgniter->handleRequest(NULL, Object(Config\Cache), false)
#4 C:\laragon\www\vet\public\index.php(37): CodeIgniter\CodeIgniter->run()
#5 {main}
CRITICAL - 2022-05-06 17:14:13 --> Call to undefined method App\Models\CitaModel::getCitas
#0 C:\laragon\www\vet\app\Controllers\Cita.php(35): CodeIgniter\Model->__call('getCitas', Array)
#1 C:\laragon\www\vet\system\CodeIgniter.php(832): App\Controllers\Cita->index()
#2 C:\laragon\www\vet\system\CodeIgniter.php(419): CodeIgniter\CodeIgniter->runController(Object(App\Controllers\Cita))
#3 C:\laragon\www\vet\system\CodeIgniter.php(326): CodeIgniter\CodeIgniter->handleRequest(NULL, Object(Config\Cache), false)
#4 C:\laragon\www\vet\public\index.php(37): CodeIgniter\CodeIgniter->run()
#5 {main}
CRITICAL - 2022-05-06 17:14:16 --> Call to undefined method App\Models\CitaModel::getCitas
#0 C:\laragon\www\vet\app\Controllers\Cita.php(35): CodeIgniter\Model->__call('getCitas', Array)
#1 C:\laragon\www\vet\system\CodeIgniter.php(832): App\Controllers\Cita->index()
#2 C:\laragon\www\vet\system\CodeIgniter.php(419): CodeIgniter\CodeIgniter->runController(Object(App\Controllers\Cita))
#3 C:\laragon\www\vet\system\CodeIgniter.php(326): CodeIgniter\CodeIgniter->handleRequest(NULL, Object(Config\Cache), false)
#4 C:\laragon\www\vet\public\index.php(37): CodeIgniter\CodeIgniter->run()
#5 {main}
CRITICAL - 2022-05-06 17:14:35 --> Use of undefined constant hola - assumed 'hola' (this will throw an Error in a future version of PHP)
#0 C:\laragon\www\vet\app\Views\cita\index.php(1): CodeIgniter\Debug\Exceptions->errorHandler(2, 'Use of undefine...', 'C:\\laragon\\www\\...', 1, Array)
#1 C:\laragon\www\vet\system\View\View.php(210): include('C:\\laragon\\www\\...')
#2 C:\laragon\www\vet\system\View\View.php(213): CodeIgniter\View\View->CodeIgniter\View\{closure}()
#3 C:\laragon\www\vet\system\Common.php(1089): CodeIgniter\View\View->render('cita/index', Array, true)
#4 C:\laragon\www\vet\app\Controllers\Cita.php(48): view('cita/index', Array)
#5 C:\laragon\www\vet\system\CodeIgniter.php(832): App\Controllers\Cita->index()
#6 C:\laragon\www\vet\system\CodeIgniter.php(419): CodeIgniter\CodeIgniter->runController(Object(App\Controllers\Cita))
#7 C:\laragon\www\vet\system\CodeIgniter.php(326): CodeIgniter\CodeIgniter->handleRequest(NULL, Object(Config\Cache), false)
#8 C:\laragon\www\vet\public\index.php(37): CodeIgniter\CodeIgniter->run()
#9 {main}
CRITICAL - 2022-05-06 17:14:36 --> Use of undefined constant hola - assumed 'hola' (this will throw an Error in a future version of PHP)
#0 C:\laragon\www\vet\app\Views\cita\index.php(1): CodeIgniter\Debug\Exceptions->errorHandler(2, 'Use of undefine...', 'C:\\laragon\\www\\...', 1, Array)
#1 C:\laragon\www\vet\system\View\View.php(210): include('C:\\laragon\\www\\...')
#2 C:\laragon\www\vet\system\View\View.php(213): CodeIgniter\View\View->CodeIgniter\View\{closure}()
#3 C:\laragon\www\vet\system\Common.php(1089): CodeIgniter\View\View->render('cita/index', Array, true)
#4 C:\laragon\www\vet\app\Controllers\Cita.php(48): view('cita/index', Array)
#5 C:\laragon\www\vet\system\CodeIgniter.php(832): App\Controllers\Cita->index()
#6 C:\laragon\www\vet\system\CodeIgniter.php(419): CodeIgniter\CodeIgniter->runController(Object(App\Controllers\Cita))
#7 C:\laragon\www\vet\system\CodeIgniter.php(326): CodeIgniter\CodeIgniter->handleRequest(NULL, Object(Config\Cache), false)
#8 C:\laragon\www\vet\public\index.php(37): CodeIgniter\CodeIgniter->run()
#9 {main}
CRITICAL - 2022-05-06 17:14:36 --> Use of undefined constant hola - assumed 'hola' (this will throw an Error in a future version of PHP)
#0 C:\laragon\www\vet\app\Views\cita\index.php(1): CodeIgniter\Debug\Exceptions->errorHandler(2, 'Use of undefine...', 'C:\\laragon\\www\\...', 1, Array)
#1 C:\laragon\www\vet\system\View\View.php(210): include('C:\\laragon\\www\\...')
#2 C:\laragon\www\vet\system\View\View.php(213): CodeIgniter\View\View->CodeIgniter\View\{closure}()
#3 C:\laragon\www\vet\system\Common.php(1089): CodeIgniter\View\View->render('cita/index', Array, true)
#4 C:\laragon\www\vet\app\Controllers\Cita.php(48): view('cita/index', Array)
#5 C:\laragon\www\vet\system\CodeIgniter.php(832): App\Controllers\Cita->index()
#6 C:\laragon\www\vet\system\CodeIgniter.php(419): CodeIgniter\CodeIgniter->runController(Object(App\Controllers\Cita))
#7 C:\laragon\www\vet\system\CodeIgniter.php(326): CodeIgniter\CodeIgniter->handleRequest(NULL, Object(Config\Cache), false)
#8 C:\laragon\www\vet\public\index.php(37): CodeIgniter\CodeIgniter->run()
#9 {main}
CRITICAL - 2022-05-06 17:14:36 --> Use of undefined constant hola - assumed 'hola' (this will throw an Error in a future version of PHP)
#0 C:\laragon\www\vet\app\Views\cita\index.php(1): CodeIgniter\Debug\Exceptions->errorHandler(2, 'Use of undefine...', 'C:\\laragon\\www\\...', 1, Array)
#1 C:\laragon\www\vet\system\View\View.php(210): include('C:\\laragon\\www\\...')
#2 C:\laragon\www\vet\system\View\View.php(213): CodeIgniter\View\View->CodeIgniter\View\{closure}()
#3 C:\laragon\www\vet\system\Common.php(1089): CodeIgniter\View\View->render('cita/index', Array, true)
#4 C:\laragon\www\vet\app\Controllers\Cita.php(48): view('cita/index', Array)
#5 C:\laragon\www\vet\system\CodeIgniter.php(832): App\Controllers\Cita->index()
#6 C:\laragon\www\vet\system\CodeIgniter.php(419): CodeIgniter\CodeIgniter->runController(Object(App\Controllers\Cita))
#7 C:\laragon\www\vet\system\CodeIgniter.php(326): CodeIgniter\CodeIgniter->handleRequest(NULL, Object(Config\Cache), false)
#8 C:\laragon\www\vet\public\index.php(37): CodeIgniter\CodeIgniter->run()
#9 {main}
CRITICAL - 2022-05-06 17:14:37 --> Use of undefined constant hola - assumed 'hola' (this will throw an Error in a future version of PHP)
#0 C:\laragon\www\vet\app\Views\cita\index.php(1): CodeIgniter\Debug\Exceptions->errorHandler(2, 'Use of undefine...', 'C:\\laragon\\www\\...', 1, Array)
#1 C:\laragon\www\vet\system\View\View.php(210): include('C:\\laragon\\www\\...')
#2 C:\laragon\www\vet\system\View\View.php(213): CodeIgniter\View\View->CodeIgniter\View\{closure}()
#3 C:\laragon\www\vet\system\Common.php(1089): CodeIgniter\View\View->render('cita/index', Array, true)
#4 C:\laragon\www\vet\app\Controllers\Cita.php(48): view('cita/index', Array)
#5 C:\laragon\www\vet\system\CodeIgniter.php(832): App\Controllers\Cita->index()
#6 C:\laragon\www\vet\system\CodeIgniter.php(419): CodeIgniter\CodeIgniter->runController(Object(App\Controllers\Cita))
#7 C:\laragon\www\vet\system\CodeIgniter.php(326): CodeIgniter\CodeIgniter->handleRequest(NULL, Object(Config\Cache), false)
#8 C:\laragon\www\vet\public\index.php(37): CodeIgniter\CodeIgniter->run()
#9 {main}
CRITICAL - 2022-05-06 17:14:37 --> Use of undefined constant hola - assumed 'hola' (this will throw an Error in a future version of PHP)
#0 C:\laragon\www\vet\app\Views\cita\index.php(1): CodeIgniter\Debug\Exceptions->errorHandler(2, 'Use of undefine...', 'C:\\laragon\\www\\...', 1, Array)
#1 C:\laragon\www\vet\system\View\View.php(210): include('C:\\laragon\\www\\...')
#2 C:\laragon\www\vet\system\View\View.php(213): CodeIgniter\View\View->CodeIgniter\View\{closure}()
#3 C:\laragon\www\vet\system\Common.php(1089): CodeIgniter\View\View->render('cita/index', Array, true)
#4 C:\laragon\www\vet\app\Controllers\Cita.php(48): view('cita/index', Array)
#5 C:\laragon\www\vet\system\CodeIgniter.php(832): App\Controllers\Cita->index()
#6 C:\laragon\www\vet\system\CodeIgniter.php(419): CodeIgniter\CodeIgniter->runController(Object(App\Controllers\Cita))
#7 C:\laragon\www\vet\system\CodeIgniter.php(326): CodeIgniter\CodeIgniter->handleRequest(NULL, Object(Config\Cache), false)
#8 C:\laragon\www\vet\public\index.php(37): CodeIgniter\CodeIgniter->run()
#9 {main}
CRITICAL - 2022-05-06 17:14:37 --> Use of undefined constant hola - assumed 'hola' (this will throw an Error in a future version of PHP)
#0 C:\laragon\www\vet\app\Views\cita\index.php(1): CodeIgniter\Debug\Exceptions->errorHandler(2, 'Use of undefine...', 'C:\\laragon\\www\\...', 1, Array)
#1 C:\laragon\www\vet\system\View\View.php(210): include('C:\\laragon\\www\\...')
#2 C:\laragon\www\vet\system\View\View.php(213): CodeIgniter\View\View->CodeIgniter\View\{closure}()
#3 C:\laragon\www\vet\system\Common.php(1089): CodeIgniter\View\View->render('cita/index', Array, true)
#4 C:\laragon\www\vet\app\Controllers\Cita.php(48): view('cita/index', Array)
#5 C:\laragon\www\vet\system\CodeIgniter.php(832): App\Controllers\Cita->index()
#6 C:\laragon\www\vet\system\CodeIgniter.php(419): CodeIgniter\CodeIgniter->runController(Object(App\Controllers\Cita))
#7 C:\laragon\www\vet\system\CodeIgniter.php(326): CodeIgniter\CodeIgniter->handleRequest(NULL, Object(Config\Cache), false)
#8 C:\laragon\www\vet\public\index.php(37): CodeIgniter\CodeIgniter->run()
#9 {main}
CRITICAL - 2022-05-06 17:14:54 --> Use of undefined constant hola - assumed 'hola' (this will throw an Error in a future version of PHP)
#0 C:\laragon\www\vet\app\Views\cita\index.php(1): CodeIgniter\Debug\Exceptions->errorHandler(2, 'Use of undefine...', 'C:\\laragon\\www\\...', 1, Array)
#1 C:\laragon\www\vet\system\View\View.php(210): include('C:\\laragon\\www\\...')
#2 C:\laragon\www\vet\system\View\View.php(213): CodeIgniter\View\View->CodeIgniter\View\{closure}()
#3 C:\laragon\www\vet\system\Common.php(1089): CodeIgniter\View\View->render('cita/index', Array, true)
#4 C:\laragon\www\vet\app\Controllers\Cita.php(48): view('cita/index', Array)
#5 C:\laragon\www\vet\system\CodeIgniter.php(832): App\Controllers\Cita->index()
#6 C:\laragon\www\vet\system\CodeIgniter.php(419): CodeIgniter\CodeIgniter->runController(Object(App\Controllers\Cita))
#7 C:\laragon\www\vet\system\CodeIgniter.php(326): CodeIgniter\CodeIgniter->handleRequest(NULL, Object(Config\Cache), false)
#8 C:\laragon\www\vet\public\index.php(37): CodeIgniter\CodeIgniter->run()
#9 {main}
CRITICAL - 2022-05-06 17:14:54 --> Use of undefined constant hola - assumed 'hola' (this will throw an Error in a future version of PHP)
#0 C:\laragon\www\vet\app\Views\cita\index.php(1): CodeIgniter\Debug\Exceptions->errorHandler(2, 'Use of undefine...', 'C:\\laragon\\www\\...', 1, Array)
#1 C:\laragon\www\vet\system\View\View.php(210): include('C:\\laragon\\www\\...')
#2 C:\laragon\www\vet\system\View\View.php(213): CodeIgniter\View\View->CodeIgniter\View\{closure}()
#3 C:\laragon\www\vet\system\Common.php(1089): CodeIgniter\View\View->render('cita/index', Array, true)
#4 C:\laragon\www\vet\app\Controllers\Cita.php(48): view('cita/index', Array)
#5 C:\laragon\www\vet\system\CodeIgniter.php(832): App\Controllers\Cita->index()
#6 C:\laragon\www\vet\system\CodeIgniter.php(419): CodeIgniter\CodeIgniter->runController(Object(App\Controllers\Cita))
#7 C:\laragon\www\vet\system\CodeIgniter.php(326): CodeIgniter\CodeIgniter->handleRequest(NULL, Object(Config\Cache), false)
#8 C:\laragon\www\vet\public\index.php(37): CodeIgniter\CodeIgniter->run()
#9 {main}
CRITICAL - 2022-05-06 17:14:54 --> Use of undefined constant hola - assumed 'hola' (this will throw an Error in a future version of PHP)
#0 C:\laragon\www\vet\app\Views\cita\index.php(1): CodeIgniter\Debug\Exceptions->errorHandler(2, 'Use of undefine...', 'C:\\laragon\\www\\...', 1, Array)
#1 C:\laragon\www\vet\system\View\View.php(210): include('C:\\laragon\\www\\...')
#2 C:\laragon\www\vet\system\View\View.php(213): CodeIgniter\View\View->CodeIgniter\View\{closure}()
#3 C:\laragon\www\vet\system\Common.php(1089): CodeIgniter\View\View->render('cita/index', Array, true)
#4 C:\laragon\www\vet\app\Controllers\Cita.php(48): view('cita/index', Array)
#5 C:\laragon\www\vet\system\CodeIgniter.php(832): App\Controllers\Cita->index()
#6 C:\laragon\www\vet\system\CodeIgniter.php(419): CodeIgniter\CodeIgniter->runController(Object(App\Controllers\Cita))
#7 C:\laragon\www\vet\system\CodeIgniter.php(326): CodeIgniter\CodeIgniter->handleRequest(NULL, Object(Config\Cache), false)
#8 C:\laragon\www\vet\public\index.php(37): CodeIgniter\CodeIgniter->run()
#9 {main}
CRITICAL - 2022-05-06 17:14:55 --> Use of undefined constant hola - assumed 'hola' (this will throw an Error in a future version of PHP)
#0 C:\laragon\www\vet\app\Views\cita\index.php(1): CodeIgniter\Debug\Exceptions->errorHandler(2, 'Use of undefine...', 'C:\\laragon\\www\\...', 1, Array)
#1 C:\laragon\www\vet\system\View\View.php(210): include('C:\\laragon\\www\\...')
#2 C:\laragon\www\vet\system\View\View.php(213): CodeIgniter\View\View->CodeIgniter\View\{closure}()
#3 C:\laragon\www\vet\system\Common.php(1089): CodeIgniter\View\View->render('cita/index', Array, true)
#4 C:\laragon\www\vet\app\Controllers\Cita.php(48): view('cita/index', Array)
#5 C:\laragon\www\vet\system\CodeIgniter.php(832): App\Controllers\Cita->index()
#6 C:\laragon\www\vet\system\CodeIgniter.php(419): CodeIgniter\CodeIgniter->runController(Object(App\Controllers\Cita))
#7 C:\laragon\www\vet\system\CodeIgniter.php(326): CodeIgniter\CodeIgniter->handleRequest(NULL, Object(Config\Cache), false)
#8 C:\laragon\www\vet\public\index.php(37): CodeIgniter\CodeIgniter->run()
#9 {main}
CRITICAL - 2022-05-06 17:14:55 --> Use of undefined constant hola - assumed 'hola' (this will throw an Error in a future version of PHP)
#0 C:\laragon\www\vet\app\Views\cita\index.php(1): CodeIgniter\Debug\Exceptions->errorHandler(2, 'Use of undefine...', 'C:\\laragon\\www\\...', 1, Array)
#1 C:\laragon\www\vet\system\View\View.php(210): include('C:\\laragon\\www\\...')
#2 C:\laragon\www\vet\system\View\View.php(213): CodeIgniter\View\View->CodeIgniter\View\{closure}()
#3 C:\laragon\www\vet\system\Common.php(1089): CodeIgniter\View\View->render('cita/index', Array, true)
#4 C:\laragon\www\vet\app\Controllers\Cita.php(48): view('cita/index', Array)
#5 C:\laragon\www\vet\system\CodeIgniter.php(832): App\Controllers\Cita->index()
#6 C:\laragon\www\vet\system\CodeIgniter.php(419): CodeIgniter\CodeIgniter->runController(Object(App\Controllers\Cita))
#7 C:\laragon\www\vet\system\CodeIgniter.php(326): CodeIgniter\CodeIgniter->handleRequest(NULL, Object(Config\Cache), false)
#8 C:\laragon\www\vet\public\index.php(37): CodeIgniter\CodeIgniter->run()
#9 {main}
CRITICAL - 2022-05-06 17:14:55 --> Use of undefined constant hola - assumed 'hola' (this will throw an Error in a future version of PHP)
#0 C:\laragon\www\vet\app\Views\cita\index.php(1): CodeIgniter\Debug\Exceptions->errorHandler(2, 'Use of undefine...', 'C:\\laragon\\www\\...', 1, Array)
#1 C:\laragon\www\vet\system\View\View.php(210): include('C:\\laragon\\www\\...')
#2 C:\laragon\www\vet\system\View\View.php(213): CodeIgniter\View\View->CodeIgniter\View\{closure}()
#3 C:\laragon\www\vet\system\Common.php(1089): CodeIgniter\View\View->render('cita/index', Array, true)
#4 C:\laragon\www\vet\app\Controllers\Cita.php(48): view('cita/index', Array)
#5 C:\laragon\www\vet\system\CodeIgniter.php(832): App\Controllers\Cita->index()
#6 C:\laragon\www\vet\system\CodeIgniter.php(419): CodeIgniter\CodeIgniter->runController(Object(App\Controllers\Cita))
#7 C:\laragon\www\vet\system\CodeIgniter.php(326): CodeIgniter\CodeIgniter->handleRequest(NULL, Object(Config\Cache), false)
#8 C:\laragon\www\vet\public\index.php(37): CodeIgniter\CodeIgniter->run()
#9 {main}
CRITICAL - 2022-05-06 17:14:55 --> Use of undefined constant hola - assumed 'hola' (this will throw an Error in a future version of PHP)
#0 C:\laragon\www\vet\app\Views\cita\index.php(1): CodeIgniter\Debug\Exceptions->errorHandler(2, 'Use of undefine...', 'C:\\laragon\\www\\...', 1, Array)
#1 C:\laragon\www\vet\system\View\View.php(210): include('C:\\laragon\\www\\...')
#2 C:\laragon\www\vet\system\View\View.php(213): CodeIgniter\View\View->CodeIgniter\View\{closure}()
#3 C:\laragon\www\vet\system\Common.php(1089): CodeIgniter\View\View->render('cita/index', Array, true)
#4 C:\laragon\www\vet\app\Controllers\Cita.php(48): view('cita/index', Array)
#5 C:\laragon\www\vet\system\CodeIgniter.php(832): App\Controllers\Cita->index()
#6 C:\laragon\www\vet\system\CodeIgniter.php(419): CodeIgniter\CodeIgniter->runController(Object(App\Controllers\Cita))
#7 C:\laragon\www\vet\system\CodeIgniter.php(326): CodeIgniter\CodeIgniter->handleRequest(NULL, Object(Config\Cache), false)
#8 C:\laragon\www\vet\public\index.php(37): CodeIgniter\CodeIgniter->run()
#9 {main}
CRITICAL - 2022-05-06 17:14:55 --> Use of undefined constant hola - assumed 'hola' (this will throw an Error in a future version of PHP)
#0 C:\laragon\www\vet\app\Views\cita\index.php(1): CodeIgniter\Debug\Exceptions->errorHandler(2, 'Use of undefine...', 'C:\\laragon\\www\\...', 1, Array)
#1 C:\laragon\www\vet\system\View\View.php(210): include('C:\\laragon\\www\\...')
#2 C:\laragon\www\vet\system\View\View.php(213): CodeIgniter\View\View->CodeIgniter\View\{closure}()
#3 C:\laragon\www\vet\system\Common.php(1089): CodeIgniter\View\View->render('cita/index', Array, true)
#4 C:\laragon\www\vet\app\Controllers\Cita.php(48): view('cita/index', Array)
#5 C:\laragon\www\vet\system\CodeIgniter.php(832): App\Controllers\Cita->index()
#6 C:\laragon\www\vet\system\CodeIgniter.php(419): CodeIgniter\CodeIgniter->runController(Object(App\Controllers\Cita))
#7 C:\laragon\www\vet\system\CodeIgniter.php(326): CodeIgniter\CodeIgniter->handleRequest(NULL, Object(Config\Cache), false)
#8 C:\laragon\www\vet\public\index.php(37): CodeIgniter\CodeIgniter->run()
#9 {main}
CRITICAL - 2022-05-06 17:14:55 --> Use of undefined constant hola - assumed 'hola' (this will throw an Error in a future version of PHP)
#0 C:\laragon\www\vet\app\Views\cita\index.php(1): CodeIgniter\Debug\Exceptions->errorHandler(2, 'Use of undefine...', 'C:\\laragon\\www\\...', 1, Array)
#1 C:\laragon\www\vet\system\View\View.php(210): include('C:\\laragon\\www\\...')
#2 C:\laragon\www\vet\system\View\View.php(213): CodeIgniter\View\View->CodeIgniter\View\{closure}()
#3 C:\laragon\www\vet\system\Common.php(1089): CodeIgniter\View\View->render('cita/index', Array, true)
#4 C:\laragon\www\vet\app\Controllers\Cita.php(48): view('cita/index', Array)
#5 C:\laragon\www\vet\system\CodeIgniter.php(832): App\Controllers\Cita->index()
#6 C:\laragon\www\vet\system\CodeIgniter.php(419): CodeIgniter\CodeIgniter->runController(Object(App\Controllers\Cita))
#7 C:\laragon\www\vet\system\CodeIgniter.php(326): CodeIgniter\CodeIgniter->handleRequest(NULL, Object(Config\Cache), false)
#8 C:\laragon\www\vet\public\index.php(37): CodeIgniter\CodeIgniter->run()
#9 {main}
CRITICAL - 2022-05-06 17:14:56 --> Use of undefined constant hola - assumed 'hola' (this will throw an Error in a future version of PHP)
#0 C:\laragon\www\vet\app\Views\cita\index.php(1): CodeIgniter\Debug\Exceptions->errorHandler(2, 'Use of undefine...', 'C:\\laragon\\www\\...', 1, Array)
#1 C:\laragon\www\vet\system\View\View.php(210): include('C:\\laragon\\www\\...')
#2 C:\laragon\www\vet\system\View\View.php(213): CodeIgniter\View\View->CodeIgniter\View\{closure}()
#3 C:\laragon\www\vet\system\Common.php(1089): CodeIgniter\View\View->render('cita/index', Array, true)
#4 C:\laragon\www\vet\app\Controllers\Cita.php(48): view('cita/index', Array)
#5 C:\laragon\www\vet\system\CodeIgniter.php(832): App\Controllers\Cita->index()
#6 C:\laragon\www\vet\system\CodeIgniter.php(419): CodeIgniter\CodeIgniter->runController(Object(App\Controllers\Cita))
#7 C:\laragon\www\vet\system\CodeIgniter.php(326): CodeIgniter\CodeIgniter->handleRequest(NULL, Object(Config\Cache), false)
#8 C:\laragon\www\vet\public\index.php(37): CodeIgniter\CodeIgniter->run()
#9 {main}
CRITICAL - 2022-05-06 17:14:56 --> Use of undefined constant hola - assumed 'hola' (this will throw an Error in a future version of PHP)
#0 C:\laragon\www\vet\app\Views\cita\index.php(1): CodeIgniter\Debug\Exceptions->errorHandler(2, 'Use of undefine...', 'C:\\laragon\\www\\...', 1, Array)
#1 C:\laragon\www\vet\system\View\View.php(210): include('C:\\laragon\\www\\...')
#2 C:\laragon\www\vet\system\View\View.php(213): CodeIgniter\View\View->CodeIgniter\View\{closure}()
#3 C:\laragon\www\vet\system\Common.php(1089): CodeIgniter\View\View->render('cita/index', Array, true)
#4 C:\laragon\www\vet\app\Controllers\Cita.php(48): view('cita/index', Array)
#5 C:\laragon\www\vet\system\CodeIgniter.php(832): App\Controllers\Cita->index()
#6 C:\laragon\www\vet\system\CodeIgniter.php(419): CodeIgniter\CodeIgniter->runController(Object(App\Controllers\Cita))
#7 C:\laragon\www\vet\system\CodeIgniter.php(326): CodeIgniter\CodeIgniter->handleRequest(NULL, Object(Config\Cache), false)
#8 C:\laragon\www\vet\public\index.php(37): CodeIgniter\CodeIgniter->run()
#9 {main}
CRITICAL - 2022-05-06 17:14:56 --> Use of undefined constant hola - assumed 'hola' (this will throw an Error in a future version of PHP)
#0 C:\laragon\www\vet\app\Views\cita\index.php(1): CodeIgniter\Debug\Exceptions->errorHandler(2, 'Use of undefine...', 'C:\\laragon\\www\\...', 1, Array)
#1 C:\laragon\www\vet\system\View\View.php(210): include('C:\\laragon\\www\\...')
#2 C:\laragon\www\vet\system\View\View.php(213): CodeIgniter\View\View->CodeIgniter\View\{closure}()
#3 C:\laragon\www\vet\system\Common.php(1089): CodeIgniter\View\View->render('cita/index', Array, true)
#4 C:\laragon\www\vet\app\Controllers\Cita.php(48): view('cita/index', Array)
#5 C:\laragon\www\vet\system\CodeIgniter.php(832): App\Controllers\Cita->index()
#6 C:\laragon\www\vet\system\CodeIgniter.php(419): CodeIgniter\CodeIgniter->runController(Object(App\Controllers\Cita))
#7 C:\laragon\www\vet\system\CodeIgniter.php(326): CodeIgniter\CodeIgniter->handleRequest(NULL, Object(Config\Cache), false)
#8 C:\laragon\www\vet\public\index.php(37): CodeIgniter\CodeIgniter->run()
#9 {main}
CRITICAL - 2022-05-06 17:14:56 --> Use of undefined constant hola - assumed 'hola' (this will throw an Error in a future version of PHP)
#0 C:\laragon\www\vet\app\Views\cita\index.php(1): CodeIgniter\Debug\Exceptions->errorHandler(2, 'Use of undefine...', 'C:\\laragon\\www\\...', 1, Array)
#1 C:\laragon\www\vet\system\View\View.php(210): include('C:\\laragon\\www\\...')
#2 C:\laragon\www\vet\system\View\View.php(213): CodeIgniter\View\View->CodeIgniter\View\{closure}()
#3 C:\laragon\www\vet\system\Common.php(1089): CodeIgniter\View\View->render('cita/index', Array, true)
#4 C:\laragon\www\vet\app\Controllers\Cita.php(48): view('cita/index', Array)
#5 C:\laragon\www\vet\system\CodeIgniter.php(832): App\Controllers\Cita->index()
#6 C:\laragon\www\vet\system\CodeIgniter.php(419): CodeIgniter\CodeIgniter->runController(Object(App\Controllers\Cita))
#7 C:\laragon\www\vet\system\CodeIgniter.php(326): CodeIgniter\CodeIgniter->handleRequest(NULL, Object(Config\Cache), false)
#8 C:\laragon\www\vet\public\index.php(37): CodeIgniter\CodeIgniter->run()
#9 {main}
CRITICAL - 2022-05-06 17:14:56 --> Use of undefined constant hola - assumed 'hola' (this will throw an Error in a future version of PHP)
#0 C:\laragon\www\vet\app\Views\cita\index.php(1): CodeIgniter\Debug\Exceptions->errorHandler(2, 'Use of undefine...', 'C:\\laragon\\www\\...', 1, Array)
#1 C:\laragon\www\vet\system\View\View.php(210): include('C:\\laragon\\www\\...')
#2 C:\laragon\www\vet\system\View\View.php(213): CodeIgniter\View\View->CodeIgniter\View\{closure}()
#3 C:\laragon\www\vet\system\Common.php(1089): CodeIgniter\View\View->render('cita/index', Array, true)
#4 C:\laragon\www\vet\app\Controllers\Cita.php(48): view('cita/index', Array)
#5 C:\laragon\www\vet\system\CodeIgniter.php(832): App\Controllers\Cita->index()
#6 C:\laragon\www\vet\system\CodeIgniter.php(419): CodeIgniter\CodeIgniter->runController(Object(App\Controllers\Cita))
#7 C:\laragon\www\vet\system\CodeIgniter.php(326): CodeIgniter\CodeIgniter->handleRequest(NULL, Object(Config\Cache), false)
#8 C:\laragon\www\vet\public\index.php(37): CodeIgniter\CodeIgniter->run()
#9 {main}
CRITICAL - 2022-05-06 17:14:56 --> Use of undefined constant hola - assumed 'hola' (this will throw an Error in a future version of PHP)
#0 C:\laragon\www\vet\app\Views\cita\index.php(1): CodeIgniter\Debug\Exceptions->errorHandler(2, 'Use of undefine...', 'C:\\laragon\\www\\...', 1, Array)
#1 C:\laragon\www\vet\system\View\View.php(210): include('C:\\laragon\\www\\...')
#2 C:\laragon\www\vet\system\View\View.php(213): CodeIgniter\View\View->CodeIgniter\View\{closure}()
#3 C:\laragon\www\vet\system\Common.php(1089): CodeIgniter\View\View->render('cita/index', Array, true)
#4 C:\laragon\www\vet\app\Controllers\Cita.php(48): view('cita/index', Array)
#5 C:\laragon\www\vet\system\CodeIgniter.php(832): App\Controllers\Cita->index()
#6 C:\laragon\www\vet\system\CodeIgniter.php(419): CodeIgniter\CodeIgniter->runController(Object(App\Controllers\Cita))
#7 C:\laragon\www\vet\system\CodeIgniter.php(326): CodeIgniter\CodeIgniter->handleRequest(NULL, Object(Config\Cache), false)
#8 C:\laragon\www\vet\public\index.php(37): CodeIgniter\CodeIgniter->run()
#9 {main}
CRITICAL - 2022-05-06 17:14:57 --> Use of undefined constant hola - assumed 'hola' (this will throw an Error in a future version of PHP)
#0 C:\laragon\www\vet\app\Views\cita\index.php(1): CodeIgniter\Debug\Exceptions->errorHandler(2, 'Use of undefine...', 'C:\\laragon\\www\\...', 1, Array)
#1 C:\laragon\www\vet\system\View\View.php(210): include('C:\\laragon\\www\\...')
#2 C:\laragon\www\vet\system\View\View.php(213): CodeIgniter\View\View->CodeIgniter\View\{closure}()
#3 C:\laragon\www\vet\system\Common.php(1089): CodeIgniter\View\View->render('cita/index', Array, true)
#4 C:\laragon\www\vet\app\Controllers\Cita.php(48): view('cita/index', Array)
#5 C:\laragon\www\vet\system\CodeIgniter.php(832): App\Controllers\Cita->index()
#6 C:\laragon\www\vet\system\CodeIgniter.php(419): CodeIgniter\CodeIgniter->runController(Object(App\Controllers\Cita))
#7 C:\laragon\www\vet\system\CodeIgniter.php(326): CodeIgniter\CodeIgniter->handleRequest(NULL, Object(Config\Cache), false)
#8 C:\laragon\www\vet\public\index.php(37): CodeIgniter\CodeIgniter->run()
#9 {main}
CRITICAL - 2022-05-06 17:17:51 --> Use of undefined constant hola - assumed 'hola' (this will throw an Error in a future version of PHP)
#0 C:\laragon\www\vet\app\Views\cita\index.php(1): CodeIgniter\Debug\Exceptions->errorHandler(2, 'Use of undefine...', 'C:\\laragon\\www\\...', 1, Array)
#1 C:\laragon\www\vet\system\View\View.php(210): include('C:\\laragon\\www\\...')
#2 C:\laragon\www\vet\system\View\View.php(213): CodeIgniter\View\View->CodeIgniter\View\{closure}()
#3 C:\laragon\www\vet\system\Common.php(1089): CodeIgniter\View\View->render('cita/index', Array, true)
#4 C:\laragon\www\vet\app\Controllers\Cita.php(49): view('cita/index', Array)
#5 C:\laragon\www\vet\system\CodeIgniter.php(832): App\Controllers\Cita->index()
#6 C:\laragon\www\vet\system\CodeIgniter.php(419): CodeIgniter\CodeIgniter->runController(Object(App\Controllers\Cita))
#7 C:\laragon\www\vet\system\CodeIgniter.php(326): CodeIgniter\CodeIgniter->handleRequest(NULL, Object(Config\Cache), false)
#8 C:\laragon\www\vet\public\index.php(37): CodeIgniter\CodeIgniter->run()
#9 {main}
CRITICAL - 2022-05-06 17:17:52 --> Use of undefined constant hola - assumed 'hola' (this will throw an Error in a future version of PHP)
#0 C:\laragon\www\vet\app\Views\cita\index.php(1): CodeIgniter\Debug\Exceptions->errorHandler(2, 'Use of undefine...', 'C:\\laragon\\www\\...', 1, Array)
#1 C:\laragon\www\vet\system\View\View.php(210): include('C:\\laragon\\www\\...')
#2 C:\laragon\www\vet\system\View\View.php(213): CodeIgniter\View\View->CodeIgniter\View\{closure}()
#3 C:\laragon\www\vet\system\Common.php(1089): CodeIgniter\View\View->render('cita/index', Array, true)
#4 C:\laragon\www\vet\app\Controllers\Cita.php(49): view('cita/index', Array)
#5 C:\laragon\www\vet\system\CodeIgniter.php(832): App\Controllers\Cita->index()
#6 C:\laragon\www\vet\system\CodeIgniter.php(419): CodeIgniter\CodeIgniter->runController(Object(App\Controllers\Cita))
#7 C:\laragon\www\vet\system\CodeIgniter.php(326): CodeIgniter\CodeIgniter->handleRequest(NULL, Object(Config\Cache), false)
#8 C:\laragon\www\vet\public\index.php(37): CodeIgniter\CodeIgniter->run()
#9 {main}
CRITICAL - 2022-05-06 17:17:52 --> Use of undefined constant hola - assumed 'hola' (this will throw an Error in a future version of PHP)
#0 C:\laragon\www\vet\app\Views\cita\index.php(1): CodeIgniter\Debug\Exceptions->errorHandler(2, 'Use of undefine...', 'C:\\laragon\\www\\...', 1, Array)
#1 C:\laragon\www\vet\system\View\View.php(210): include('C:\\laragon\\www\\...')
#2 C:\laragon\www\vet\system\View\View.php(213): CodeIgniter\View\View->CodeIgniter\View\{closure}()
#3 C:\laragon\www\vet\system\Common.php(1089): CodeIgniter\View\View->render('cita/index', Array, true)
#4 C:\laragon\www\vet\app\Controllers\Cita.php(49): view('cita/index', Array)
#5 C:\laragon\www\vet\system\CodeIgniter.php(832): App\Controllers\Cita->index()
#6 C:\laragon\www\vet\system\CodeIgniter.php(419): CodeIgniter\CodeIgniter->runController(Object(App\Controllers\Cita))
#7 C:\laragon\www\vet\system\CodeIgniter.php(326): CodeIgniter\CodeIgniter->handleRequest(NULL, Object(Config\Cache), false)
#8 C:\laragon\www\vet\public\index.php(37): CodeIgniter\CodeIgniter->run()
#9 {main}
CRITICAL - 2022-05-06 17:17:53 --> Use of undefined constant hola - assumed 'hola' (this will throw an Error in a future version of PHP)
#0 C:\laragon\www\vet\app\Views\cita\index.php(1): CodeIgniter\Debug\Exceptions->errorHandler(2, 'Use of undefine...', 'C:\\laragon\\www\\...', 1, Array)
#1 C:\laragon\www\vet\system\View\View.php(210): include('C:\\laragon\\www\\...')
#2 C:\laragon\www\vet\system\View\View.php(213): CodeIgniter\View\View->CodeIgniter\View\{closure}()
#3 C:\laragon\www\vet\system\Common.php(1089): CodeIgniter\View\View->render('cita/index', Array, true)
#4 C:\laragon\www\vet\app\Controllers\Cita.php(49): view('cita/index', Array)
#5 C:\laragon\www\vet\system\CodeIgniter.php(832): App\Controllers\Cita->index()
#6 C:\laragon\www\vet\system\CodeIgniter.php(419): CodeIgniter\CodeIgniter->runController(Object(App\Controllers\Cita))
#7 C:\laragon\www\vet\system\CodeIgniter.php(326): CodeIgniter\CodeIgniter->handleRequest(NULL, Object(Config\Cache), false)
#8 C:\laragon\www\vet\public\index.php(37): CodeIgniter\CodeIgniter->run()
#9 {main}
CRITICAL - 2022-05-06 17:17:53 --> Use of undefined constant hola - assumed 'hola' (this will throw an Error in a future version of PHP)
#0 C:\laragon\www\vet\app\Views\cita\index.php(1): CodeIgniter\Debug\Exceptions->errorHandler(2, 'Use of undefine...', 'C:\\laragon\\www\\...', 1, Array)
#1 C:\laragon\www\vet\system\View\View.php(210): include('C:\\laragon\\www\\...')
#2 C:\laragon\www\vet\system\View\View.php(213): CodeIgniter\View\View->CodeIgniter\View\{closure}()
#3 C:\laragon\www\vet\system\Common.php(1089): CodeIgniter\View\View->render('cita/index', Array, true)
#4 C:\laragon\www\vet\app\Controllers\Cita.php(49): view('cita/index', Array)
#5 C:\laragon\www\vet\system\CodeIgniter.php(832): App\Controllers\Cita->index()
#6 C:\laragon\www\vet\system\CodeIgniter.php(419): CodeIgniter\CodeIgniter->runController(Object(App\Controllers\Cita))
#7 C:\laragon\www\vet\system\CodeIgniter.php(326): CodeIgniter\CodeIgniter->handleRequest(NULL, Object(Config\Cache), false)
#8 C:\laragon\www\vet\public\index.php(37): CodeIgniter\CodeIgniter->run()
#9 {main}
CRITICAL - 2022-05-06 17:17:53 --> Use of undefined constant hola - assumed 'hola' (this will throw an Error in a future version of PHP)
#0 C:\laragon\www\vet\app\Views\cita\index.php(1): CodeIgniter\Debug\Exceptions->errorHandler(2, 'Use of undefine...', 'C:\\laragon\\www\\...', 1, Array)
#1 C:\laragon\www\vet\system\View\View.php(210): include('C:\\laragon\\www\\...')
#2 C:\laragon\www\vet\system\View\View.php(213): CodeIgniter\View\View->CodeIgniter\View\{closure}()
#3 C:\laragon\www\vet\system\Common.php(1089): CodeIgniter\View\View->render('cita/index', Array, true)
#4 C:\laragon\www\vet\app\Controllers\Cita.php(49): view('cita/index', Array)
#5 C:\laragon\www\vet\system\CodeIgniter.php(832): App\Controllers\Cita->index()
#6 C:\laragon\www\vet\system\CodeIgniter.php(419): CodeIgniter\CodeIgniter->runController(Object(App\Controllers\Cita))
#7 C:\laragon\www\vet\system\CodeIgniter.php(326): CodeIgniter\CodeIgniter->handleRequest(NULL, Object(Config\Cache), false)
#8 C:\laragon\www\vet\public\index.php(37): CodeIgniter\CodeIgniter->run()
#9 {main}
CRITICAL - 2022-05-06 17:17:53 --> Use of undefined constant hola - assumed 'hola' (this will throw an Error in a future version of PHP)
#0 C:\laragon\www\vet\app\Views\cita\index.php(1): CodeIgniter\Debug\Exceptions->errorHandler(2, 'Use of undefine...', 'C:\\laragon\\www\\...', 1, Array)
#1 C:\laragon\www\vet\system\View\View.php(210): include('C:\\laragon\\www\\...')
#2 C:\laragon\www\vet\system\View\View.php(213): CodeIgniter\View\View->CodeIgniter\View\{closure}()
#3 C:\laragon\www\vet\system\Common.php(1089): CodeIgniter\View\View->render('cita/index', Array, true)
#4 C:\laragon\www\vet\app\Controllers\Cita.php(49): view('cita/index', Array)
#5 C:\laragon\www\vet\system\CodeIgniter.php(832): App\Controllers\Cita->index()
#6 C:\laragon\www\vet\system\CodeIgniter.php(419): CodeIgniter\CodeIgniter->runController(Object(App\Controllers\Cita))
#7 C:\laragon\www\vet\system\CodeIgniter.php(326): CodeIgniter\CodeIgniter->handleRequest(NULL, Object(Config\Cache), false)
#8 C:\laragon\www\vet\public\index.php(37): CodeIgniter\CodeIgniter->run()
#9 {main}
CRITICAL - 2022-05-06 17:18:12 --> Use of undefined constant hola - assumed 'hola' (this will throw an Error in a future version of PHP)
#0 C:\laragon\www\vet\app\Views\cita\index.php(1): CodeIgniter\Debug\Exceptions->errorHandler(2, 'Use of undefine...', 'C:\\laragon\\www\\...', 1, Array)
#1 C:\laragon\www\vet\system\View\View.php(210): include('C:\\laragon\\www\\...')
#2 C:\laragon\www\vet\system\View\View.php(213): CodeIgniter\View\View->CodeIgniter\View\{closure}()
#3 C:\laragon\www\vet\system\Common.php(1089): CodeIgniter\View\View->render('cita/index', Array, true)
#4 C:\laragon\www\vet\app\Controllers\Cita.php(49): view('cita/index', Array)
#5 C:\laragon\www\vet\system\CodeIgniter.php(832): App\Controllers\Cita->index()
#6 C:\laragon\www\vet\system\CodeIgniter.php(419): CodeIgniter\CodeIgniter->runController(Object(App\Controllers\Cita))
#7 C:\laragon\www\vet\system\CodeIgniter.php(326): CodeIgniter\CodeIgniter->handleRequest(NULL, Object(Config\Cache), false)
#8 C:\laragon\www\vet\public\index.php(37): CodeIgniter\CodeIgniter->run()
#9 {main}
CRITICAL - 2022-05-06 17:25:58 --> Call to undefined method App\Models\CitaModel::getCitas
#0 C:\laragon\www\vet\app\Controllers\Cita.php(18): CodeIgniter\Model->__call('getCitas', Array)
#1 C:\laragon\www\vet\system\CodeIgniter.php(832): App\Controllers\Cita->index()
#2 C:\laragon\www\vet\system\CodeIgniter.php(419): CodeIgniter\CodeIgniter->runController(Object(App\Controllers\Cita))
#3 C:\laragon\www\vet\system\CodeIgniter.php(326): CodeIgniter\CodeIgniter->handleRequest(NULL, Object(Config\Cache), false)
#4 C:\laragon\www\vet\public\index.php(37): CodeIgniter\CodeIgniter->run()
#5 {main}
CRITICAL - 2022-05-06 17:26:00 --> Call to undefined method App\Models\CitaModel::getCitas
#0 C:\laragon\www\vet\app\Controllers\Cita.php(18): CodeIgniter\Model->__call('getCitas', Array)
#1 C:\laragon\www\vet\system\CodeIgniter.php(832): App\Controllers\Cita->index()
#2 C:\laragon\www\vet\system\CodeIgniter.php(419): CodeIgniter\CodeIgniter->runController(Object(App\Controllers\Cita))
#3 C:\laragon\www\vet\system\CodeIgniter.php(326): CodeIgniter\CodeIgniter->handleRequest(NULL, Object(Config\Cache), false)
#4 C:\laragon\www\vet\public\index.php(37): CodeIgniter\CodeIgniter->run()
#5 {main}
CRITICAL - 2022-05-06 17:28:05 --> Call to undefined method App\Models\CitaModel::getCitas
#0 C:\laragon\www\vet\app\Controllers\Cita.php(18): CodeIgniter\Model->__call('getCitas', Array)
#1 C:\laragon\www\vet\system\CodeIgniter.php(832): App\Controllers\Cita->index()
#2 C:\laragon\www\vet\system\CodeIgniter.php(419): CodeIgniter\CodeIgniter->runController(Object(App\Controllers\Cita))
#3 C:\laragon\www\vet\system\CodeIgniter.php(326): CodeIgniter\CodeIgniter->handleRequest(NULL, Object(Config\Cache), false)
#4 C:\laragon\www\vet\public\index.php(37): CodeIgniter\CodeIgniter->run()
#5 {main}
CRITICAL - 2022-05-06 17:28:07 --> Call to undefined method App\Models\CitaModel::getCitas
#0 C:\laragon\www\vet\app\Controllers\Cita.php(18): CodeIgniter\Model->__call('getCitas', Array)
#1 C:\laragon\www\vet\system\CodeIgniter.php(832): App\Controllers\Cita->index()
#2 C:\laragon\www\vet\system\CodeIgniter.php(419): CodeIgniter\CodeIgniter->runController(Object(App\Controllers\Cita))
#3 C:\laragon\www\vet\system\CodeIgniter.php(326): CodeIgniter\CodeIgniter->handleRequest(NULL, Object(Config\Cache), false)
#4 C:\laragon\www\vet\public\index.php(37): CodeIgniter\CodeIgniter->run()
#5 {main}
CRITICAL - 2022-05-06 17:28:10 --> Call to undefined method App\Models\CitaModel::getCitas
#0 C:\laragon\www\vet\app\Controllers\Cita.php(18): CodeIgniter\Model->__call('getCitas', Array)
#1 C:\laragon\www\vet\system\CodeIgniter.php(832): App\Controllers\Cita->index()
#2 C:\laragon\www\vet\system\CodeIgniter.php(419): CodeIgniter\CodeIgniter->runController(Object(App\Controllers\Cita))
#3 C:\laragon\www\vet\system\CodeIgniter.php(326): CodeIgniter\CodeIgniter->handleRequest(NULL, Object(Config\Cache), false)
#4 C:\laragon\www\vet\public\index.php(37): CodeIgniter\CodeIgniter->run()
#5 {main}
CRITICAL - 2022-05-06 17:28:27 --> Call to undefined method App\Models\CitaModel::getCitas
#0 C:\laragon\www\vet\app\Controllers\Cita.php(18): CodeIgniter\Model->__call('getCitas', Array)
#1 C:\laragon\www\vet\system\CodeIgniter.php(832): App\Controllers\Cita->index()
#2 C:\laragon\www\vet\system\CodeIgniter.php(419): CodeIgniter\CodeIgniter->runController(Object(App\Controllers\Cita))
#3 C:\laragon\www\vet\system\CodeIgniter.php(326): CodeIgniter\CodeIgniter->handleRequest(NULL, Object(Config\Cache), false)
#4 C:\laragon\www\vet\public\index.php(37): CodeIgniter\CodeIgniter->run()
#5 {main}
CRITICAL - 2022-05-06 17:28:28 --> Call to undefined method App\Models\CitaModel::getCitas
#0 C:\laragon\www\vet\app\Controllers\Cita.php(18): CodeIgniter\Model->__call('getCitas', Array)
#1 C:\laragon\www\vet\system\CodeIgniter.php(832): App\Controllers\Cita->index()
#2 C:\laragon\www\vet\system\CodeIgniter.php(419): CodeIgniter\CodeIgniter->runController(Object(App\Controllers\Cita))
#3 C:\laragon\www\vet\system\CodeIgniter.php(326): CodeIgniter\CodeIgniter->handleRequest(NULL, Object(Config\Cache), false)
#4 C:\laragon\www\vet\public\index.php(37): CodeIgniter\CodeIgniter->run()
#5 {main}
CRITICAL - 2022-05-06 17:30:47 --> Invalid argument supplied for foreach()
#0 C:\laragon\www\vet\app\Views\modals\mascota\crear.php(15): CodeIgniter\Debug\Exceptions->errorHandler(2, 'Invalid argumen...', 'C:\\laragon\\www\\...', 15, Array)
#1 C:\laragon\www\vet\system\View\View.php(210): include('C:\\laragon\\www\\...')
#2 C:\laragon\www\vet\system\View\View.php(213): CodeIgniter\View\View->CodeIgniter\View\{closure}()
#3 C:\laragon\www\vet\system\Common.php(1089): CodeIgniter\View\View->render('modals/mascota/...', Array, true)
#4 C:\laragon\www\vet\app\Views\cita\index.php(111): view('modals/mascota/...')
#5 C:\laragon\www\vet\system\View\View.php(210): include('C:\\laragon\\www\\...')
#6 C:\laragon\www\vet\system\View\View.php(213): CodeIgniter\View\View->CodeIgniter\View\{closure}()
#7 C:\laragon\www\vet\system\Common.php(1089): CodeIgniter\View\View->render('cita/index', Array, true)
#8 C:\laragon\www\vet\app\Controllers\Cita.php(31): view('cita/index', Array)
#9 C:\laragon\www\vet\system\CodeIgniter.php(832): App\Controllers\Cita->index()
#10 C:\laragon\www\vet\system\CodeIgniter.php(419): CodeIgniter\CodeIgniter->runController(Object(App\Controllers\Cita))
#11 C:\laragon\www\vet\system\CodeIgniter.php(326): CodeIgniter\CodeIgniter->handleRequest(NULL, Object(Config\Cache), false)
#12 C:\laragon\www\vet\public\index.php(37): CodeIgniter\CodeIgniter->run()
#13 {main}
CRITICAL - 2022-05-06 17:32:40 --> Invalid argument supplied for foreach()
#0 C:\laragon\www\vet\app\Views\modals\mascota\crear.php(15): CodeIgniter\Debug\Exceptions->errorHandler(2, 'Invalid argumen...', 'C:\\laragon\\www\\...', 15, Array)
#1 C:\laragon\www\vet\system\View\View.php(210): include('C:\\laragon\\www\\...')
#2 C:\laragon\www\vet\system\View\View.php(213): CodeIgniter\View\View->CodeIgniter\View\{closure}()
#3 C:\laragon\www\vet\system\Common.php(1089): CodeIgniter\View\View->render('modals/mascota/...', Array, true)
#4 C:\laragon\www\vet\app\Views\cita\index.php(111): view('modals/mascota/...')
#5 C:\laragon\www\vet\system\View\View.php(210): include('C:\\laragon\\www\\...')
#6 C:\laragon\www\vet\system\View\View.php(213): CodeIgniter\View\View->CodeIgniter\View\{closure}()
#7 C:\laragon\www\vet\system\Common.php(1089): CodeIgniter\View\View->render('cita/index', Array, true)
#8 C:\laragon\www\vet\app\Controllers\Cita.php(31): view('cita/index', Array)
#9 C:\laragon\www\vet\system\CodeIgniter.php(832): App\Controllers\Cita->index()
#10 C:\laragon\www\vet\system\CodeIgniter.php(419): CodeIgniter\CodeIgniter->runController(Object(App\Controllers\Cita))
#11 C:\laragon\www\vet\system\CodeIgniter.php(326): CodeIgniter\CodeIgniter->handleRequest(NULL, Object(Config\Cache), false)
#12 C:\laragon\www\vet\public\index.php(37): CodeIgniter\CodeIgniter->run()
#13 {main}
CRITICAL - 2022-05-06 17:32:41 --> Invalid argument supplied for foreach()
#0 C:\laragon\www\vet\app\Views\modals\mascota\crear.php(15): CodeIgniter\Debug\Exceptions->errorHandler(2, 'Invalid argumen...', 'C:\\laragon\\www\\...', 15, Array)
#1 C:\laragon\www\vet\system\View\View.php(210): include('C:\\laragon\\www\\...')
#2 C:\laragon\www\vet\system\View\View.php(213): CodeIgniter\View\View->CodeIgniter\View\{closure}()
#3 C:\laragon\www\vet\system\Common.php(1089): CodeIgniter\View\View->render('modals/mascota/...', Array, true)
#4 C:\laragon\www\vet\app\Views\cita\index.php(111): view('modals/mascota/...')
#5 C:\laragon\www\vet\system\View\View.php(210): include('C:\\laragon\\www\\...')
#6 C:\laragon\www\vet\system\View\View.php(213): CodeIgniter\View\View->CodeIgniter\View\{closure}()
#7 C:\laragon\www\vet\system\Common.php(1089): CodeIgniter\View\View->render('cita/index', Array, true)
#8 C:\laragon\www\vet\app\Controllers\Cita.php(31): view('cita/index', Array)
#9 C:\laragon\www\vet\system\CodeIgniter.php(832): App\Controllers\Cita->index()
#10 C:\laragon\www\vet\system\CodeIgniter.php(419): CodeIgniter\CodeIgniter->runController(Object(App\Controllers\Cita))
#11 C:\laragon\www\vet\system\CodeIgniter.php(326): CodeIgniter\CodeIgniter->handleRequest(NULL, Object(Config\Cache), false)
#12 C:\laragon\www\vet\public\index.php(37): CodeIgniter\CodeIgniter->run()
#13 {main}
CRITICAL - 2022-05-06 17:32:42 --> Invalid argument supplied for foreach()
#0 C:\laragon\www\vet\app\Views\modals\mascota\crear.php(15): CodeIgniter\Debug\Exceptions->errorHandler(2, 'Invalid argumen...', 'C:\\laragon\\www\\...', 15, Array)
#1 C:\laragon\www\vet\system\View\View.php(210): include('C:\\laragon\\www\\...')
#2 C:\laragon\www\vet\system\View\View.php(213): CodeIgniter\View\View->CodeIgniter\View\{closure}()
#3 C:\laragon\www\vet\system\Common.php(1089): CodeIgniter\View\View->render('modals/mascota/...', Array, true)
#4 C:\laragon\www\vet\app\Views\cita\index.php(111): view('modals/mascota/...')
#5 C:\laragon\www\vet\system\View\View.php(210): include('C:\\laragon\\www\\...')
#6 C:\laragon\www\vet\system\View\View.php(213): CodeIgniter\View\View->CodeIgniter\View\{closure}()
#7 C:\laragon\www\vet\system\Common.php(1089): CodeIgniter\View\View->render('cita/index', Array, true)
#8 C:\laragon\www\vet\app\Controllers\Cita.php(31): view('cita/index', Array)
#9 C:\laragon\www\vet\system\CodeIgniter.php(832): App\Controllers\Cita->index()
#10 C:\laragon\www\vet\system\CodeIgniter.php(419): CodeIgniter\CodeIgniter->runController(Object(App\Controllers\Cita))
#11 C:\laragon\www\vet\system\CodeIgniter.php(326): CodeIgniter\CodeIgniter->handleRequest(NULL, Object(Config\Cache), false)
#12 C:\laragon\www\vet\public\index.php(37): CodeIgniter\CodeIgniter->run()
#13 {main}
CRITICAL - 2022-05-06 17:32:52 --> Invalid argument supplied for foreach()
#0 C:\laragon\www\vet\app\Views\modals\mascota\crear.php(15): CodeIgniter\Debug\Exceptions->errorHandler(2, 'Invalid argumen...', 'C:\\laragon\\www\\...', 15, Array)
#1 C:\laragon\www\vet\system\View\View.php(210): include('C:\\laragon\\www\\...')
#2 C:\laragon\www\vet\system\View\View.php(213): CodeIgniter\View\View->CodeIgniter\View\{closure}()
#3 C:\laragon\www\vet\system\Common.php(1089): CodeIgniter\View\View->render('modals/mascota/...', Array, true)
#4 C:\laragon\www\vet\app\Views\cita\index.php(111): view('modals/mascota/...')
#5 C:\laragon\www\vet\system\View\View.php(210): include('C:\\laragon\\www\\...')
#6 C:\laragon\www\vet\system\View\View.php(213): CodeIgniter\View\View->CodeIgniter\View\{closure}()
#7 C:\laragon\www\vet\system\Common.php(1089): CodeIgniter\View\View->render('cita/index', Array, true)
#8 C:\laragon\www\vet\app\Controllers\Cita.php(31): view('cita/index', Array)
#9 C:\laragon\www\vet\system\CodeIgniter.php(832): App\Controllers\Cita->index()
#10 C:\laragon\www\vet\system\CodeIgniter.php(419): CodeIgniter\CodeIgniter->runController(Object(App\Controllers\Cita))
#11 C:\laragon\www\vet\system\CodeIgniter.php(326): CodeIgniter\CodeIgniter->handleRequest(NULL, Object(Config\Cache), false)
#12 C:\laragon\www\vet\public\index.php(37): CodeIgniter\CodeIgniter->run()
#13 {main}
CRITICAL - 2022-05-06 17:32:52 --> Invalid argument supplied for foreach()
#0 C:\laragon\www\vet\app\Views\modals\mascota\crear.php(15): CodeIgniter\Debug\Exceptions->errorHandler(2, 'Invalid argumen...', 'C:\\laragon\\www\\...', 15, Array)
#1 C:\laragon\www\vet\system\View\View.php(210): include('C:\\laragon\\www\\...')
#2 C:\laragon\www\vet\system\View\View.php(213): CodeIgniter\View\View->CodeIgniter\View\{closure}()
#3 C:\laragon\www\vet\system\Common.php(1089): CodeIgniter\View\View->render('modals/mascota/...', Array, true)
#4 C:\laragon\www\vet\app\Views\cita\index.php(111): view('modals/mascota/...')
#5 C:\laragon\www\vet\system\View\View.php(210): include('C:\\laragon\\www\\...')
#6 C:\laragon\www\vet\system\View\View.php(213): CodeIgniter\View\View->CodeIgniter\View\{closure}()
#7 C:\laragon\www\vet\system\Common.php(1089): CodeIgniter\View\View->render('cita/index', Array, true)
#8 C:\laragon\www\vet\app\Controllers\Cita.php(31): view('cita/index', Array)
#9 C:\laragon\www\vet\system\CodeIgniter.php(832): App\Controllers\Cita->index()
#10 C:\laragon\www\vet\system\CodeIgniter.php(419): CodeIgniter\CodeIgniter->runController(Object(App\Controllers\Cita))
#11 C:\laragon\www\vet\system\CodeIgniter.php(326): CodeIgniter\CodeIgniter->handleRequest(NULL, Object(Config\Cache), false)
#12 C:\laragon\www\vet\public\index.php(37): CodeIgniter\CodeIgniter->run()
#13 {main}
CRITICAL - 2022-05-06 17:32:53 --> Invalid argument supplied for foreach()
#0 C:\laragon\www\vet\app\Views\modals\mascota\crear.php(15): CodeIgniter\Debug\Exceptions->errorHandler(2, 'Invalid argumen...', 'C:\\laragon\\www\\...', 15, Array)
#1 C:\laragon\www\vet\system\View\View.php(210): include('C:\\laragon\\www\\...')
#2 C:\laragon\www\vet\system\View\View.php(213): CodeIgniter\View\View->CodeIgniter\View\{closure}()
#3 C:\laragon\www\vet\system\Common.php(1089): CodeIgniter\View\View->render('modals/mascota/...', Array, true)
#4 C:\laragon\www\vet\app\Views\cita\index.php(111): view('modals/mascota/...')
#5 C:\laragon\www\vet\system\View\View.php(210): include('C:\\laragon\\www\\...')
#6 C:\laragon\www\vet\system\View\View.php(213): CodeIgniter\View\View->CodeIgniter\View\{closure}()
#7 C:\laragon\www\vet\system\Common.php(1089): CodeIgniter\View\View->render('cita/index', Array, true)
#8 C:\laragon\www\vet\app\Controllers\Cita.php(31): view('cita/index', Array)
#9 C:\laragon\www\vet\system\CodeIgniter.php(832): App\Controllers\Cita->index()
#10 C:\laragon\www\vet\system\CodeIgniter.php(419): CodeIgniter\CodeIgniter->runController(Object(App\Controllers\Cita))
#11 C:\laragon\www\vet\system\CodeIgniter.php(326): CodeIgniter\CodeIgniter->handleRequest(NULL, Object(Config\Cache), false)
#12 C:\laragon\www\vet\public\index.php(37): CodeIgniter\CodeIgniter->run()
#13 {main}
CRITICAL - 2022-05-06 17:32:53 --> Invalid argument supplied for foreach()
#0 C:\laragon\www\vet\app\Views\modals\mascota\crear.php(15): CodeIgniter\Debug\Exceptions->errorHandler(2, 'Invalid argumen...', 'C:\\laragon\\www\\...', 15, Array)
#1 C:\laragon\www\vet\system\View\View.php(210): include('C:\\laragon\\www\\...')
#2 C:\laragon\www\vet\system\View\View.php(213): CodeIgniter\View\View->CodeIgniter\View\{closure}()
#3 C:\laragon\www\vet\system\Common.php(1089): CodeIgniter\View\View->render('modals/mascota/...', Array, true)
#4 C:\laragon\www\vet\app\Views\cita\index.php(111): view('modals/mascota/...')
#5 C:\laragon\www\vet\system\View\View.php(210): include('C:\\laragon\\www\\...')
#6 C:\laragon\www\vet\system\View\View.php(213): CodeIgniter\View\View->CodeIgniter\View\{closure}()
#7 C:\laragon\www\vet\system\Common.php(1089): CodeIgniter\View\View->render('cita/index', Array, true)
#8 C:\laragon\www\vet\app\Controllers\Cita.php(31): view('cita/index', Array)
#9 C:\laragon\www\vet\system\CodeIgniter.php(832): App\Controllers\Cita->index()
#10 C:\laragon\www\vet\system\CodeIgniter.php(419): CodeIgniter\CodeIgniter->runController(Object(App\Controllers\Cita))
#11 C:\laragon\www\vet\system\CodeIgniter.php(326): CodeIgniter\CodeIgniter->handleRequest(NULL, Object(Config\Cache), false)
#12 C:\laragon\www\vet\public\index.php(37): CodeIgniter\CodeIgniter->run()
#13 {main}
CRITICAL - 2022-05-06 17:32:53 --> Invalid argument supplied for foreach()
#0 C:\laragon\www\vet\app\Views\modals\mascota\crear.php(15): CodeIgniter\Debug\Exceptions->errorHandler(2, 'Invalid argumen...', 'C:\\laragon\\www\\...', 15, Array)
#1 C:\laragon\www\vet\system\View\View.php(210): include('C:\\laragon\\www\\...')
#2 C:\laragon\www\vet\system\View\View.php(213): CodeIgniter\View\View->CodeIgniter\View\{closure}()
#3 C:\laragon\www\vet\system\Common.php(1089): CodeIgniter\View\View->render('modals/mascota/...', Array, true)
#4 C:\laragon\www\vet\app\Views\cita\index.php(111): view('modals/mascota/...')
#5 C:\laragon\www\vet\system\View\View.php(210): include('C:\\laragon\\www\\...')
#6 C:\laragon\www\vet\system\View\View.php(213): CodeIgniter\View\View->CodeIgniter\View\{closure}()
#7 C:\laragon\www\vet\system\Common.php(1089): CodeIgniter\View\View->render('cita/index', Array, true)
#8 C:\laragon\www\vet\app\Controllers\Cita.php(31): view('cita/index', Array)
#9 C:\laragon\www\vet\system\CodeIgniter.php(832): App\Controllers\Cita->index()
#10 C:\laragon\www\vet\system\CodeIgniter.php(419): CodeIgniter\CodeIgniter->runController(Object(App\Controllers\Cita))
#11 C:\laragon\www\vet\system\CodeIgniter.php(326): CodeIgniter\CodeIgniter->handleRequest(NULL, Object(Config\Cache), false)
#12 C:\laragon\www\vet\public\index.php(37): CodeIgniter\CodeIgniter->run()
#13 {main}
CRITICAL - 2022-05-06 17:32:53 --> Invalid argument supplied for foreach()
#0 C:\laragon\www\vet\app\Views\modals\mascota\crear.php(15): CodeIgniter\Debug\Exceptions->errorHandler(2, 'Invalid argumen...', 'C:\\laragon\\www\\...', 15, Array)
#1 C:\laragon\www\vet\system\View\View.php(210): include('C:\\laragon\\www\\...')
#2 C:\laragon\www\vet\system\View\View.php(213): CodeIgniter\View\View->CodeIgniter\View\{closure}()
#3 C:\laragon\www\vet\system\Common.php(1089): CodeIgniter\View\View->render('modals/mascota/...', Array, true)
#4 C:\laragon\www\vet\app\Views\cita\index.php(111): view('modals/mascota/...')
#5 C:\laragon\www\vet\system\View\View.php(210): include('C:\\laragon\\www\\...')
#6 C:\laragon\www\vet\system\View\View.php(213): CodeIgniter\View\View->CodeIgniter\View\{closure}()
#7 C:\laragon\www\vet\system\Common.php(1089): CodeIgniter\View\View->render('cita/index', Array, true)
#8 C:\laragon\www\vet\app\Controllers\Cita.php(31): view('cita/index', Array)
#9 C:\laragon\www\vet\system\CodeIgniter.php(832): App\Controllers\Cita->index()
#10 C:\laragon\www\vet\system\CodeIgniter.php(419): CodeIgniter\CodeIgniter->runController(Object(App\Controllers\Cita))
#11 C:\laragon\www\vet\system\CodeIgniter.php(326): CodeIgniter\CodeIgniter->handleRequest(NULL, Object(Config\Cache), false)
#12 C:\laragon\www\vet\public\index.php(37): CodeIgniter\CodeIgniter->run()
#13 {main}
CRITICAL - 2022-05-06 17:33:42 --> Call to undefined method App\Models\CitaModel::getCitas
#0 C:\laragon\www\vet\app\Controllers\Cita.php(18): CodeIgniter\Model->__call('getCitas', Array)
#1 C:\laragon\www\vet\system\CodeIgniter.php(832): App\Controllers\Cita->index()
#2 C:\laragon\www\vet\system\CodeIgniter.php(419): CodeIgniter\CodeIgniter->runController(Object(App\Controllers\Cita))
#3 C:\laragon\www\vet\system\CodeIgniter.php(326): CodeIgniter\CodeIgniter->handleRequest(NULL, Object(Config\Cache), false)
#4 C:\laragon\www\vet\public\index.php(37): CodeIgniter\CodeIgniter->run()
#5 {main}
CRITICAL - 2022-05-06 17:34:32 --> Call to undefined method App\Models\CitaModel::getCitas
#0 C:\laragon\www\vet\app\Controllers\Cita.php(18): CodeIgniter\Model->__call('getCitas', Array)
#1 C:\laragon\www\vet\system\CodeIgniter.php(832): App\Controllers\Cita->index()
#2 C:\laragon\www\vet\system\CodeIgniter.php(419): CodeIgniter\CodeIgniter->runController(Object(App\Controllers\Cita))
#3 C:\laragon\www\vet\system\CodeIgniter.php(326): CodeIgniter\CodeIgniter->handleRequest(NULL, Object(Config\Cache), false)
#4 C:\laragon\www\vet\public\index.php(37): CodeIgniter\CodeIgniter->run()
#5 {main}
CRITICAL - 2022-05-06 17:34:32 --> Call to undefined method App\Models\CitaModel::getCitas
#0 C:\laragon\www\vet\app\Controllers\Cita.php(18): CodeIgniter\Model->__call('getCitas', Array)
#1 C:\laragon\www\vet\system\CodeIgniter.php(832): App\Controllers\Cita->index()
#2 C:\laragon\www\vet\system\CodeIgniter.php(419): CodeIgniter\CodeIgniter->runController(Object(App\Controllers\Cita))
#3 C:\laragon\www\vet\system\CodeIgniter.php(326): CodeIgniter\CodeIgniter->handleRequest(NULL, Object(Config\Cache), false)
#4 C:\laragon\www\vet\public\index.php(37): CodeIgniter\CodeIgniter->run()
#5 {main}
CRITICAL - 2022-05-06 17:34:33 --> Call to undefined method App\Models\CitaModel::getCitas
#0 C:\laragon\www\vet\app\Controllers\Cita.php(18): CodeIgniter\Model->__call('getCitas', Array)
#1 C:\laragon\www\vet\system\CodeIgniter.php(832): App\Controllers\Cita->index()
#2 C:\laragon\www\vet\system\CodeIgniter.php(419): CodeIgniter\CodeIgniter->runController(Object(App\Controllers\Cita))
#3 C:\laragon\www\vet\system\CodeIgniter.php(326): CodeIgniter\CodeIgniter->handleRequest(NULL, Object(Config\Cache), false)
#4 C:\laragon\www\vet\public\index.php(37): CodeIgniter\CodeIgniter->run()
#5 {main}
CRITICAL - 2022-05-06 17:34:33 --> Call to undefined method App\Models\CitaModel::getCitas
#0 C:\laragon\www\vet\app\Controllers\Cita.php(18): CodeIgniter\Model->__call('getCitas', Array)
#1 C:\laragon\www\vet\system\CodeIgniter.php(832): App\Controllers\Cita->index()
#2 C:\laragon\www\vet\system\CodeIgniter.php(419): CodeIgniter\CodeIgniter->runController(Object(App\Controllers\Cita))
#3 C:\laragon\www\vet\system\CodeIgniter.php(326): CodeIgniter\CodeIgniter->handleRequest(NULL, Object(Config\Cache), false)
#4 C:\laragon\www\vet\public\index.php(37): CodeIgniter\CodeIgniter->run()
#5 {main}
CRITICAL - 2022-05-06 17:34:33 --> Call to undefined method App\Models\CitaModel::getCitas
#0 C:\laragon\www\vet\app\Controllers\Cita.php(18): CodeIgniter\Model->__call('getCitas', Array)
#1 C:\laragon\www\vet\system\CodeIgniter.php(832): App\Controllers\Cita->index()
#2 C:\laragon\www\vet\system\CodeIgniter.php(419): CodeIgniter\CodeIgniter->runController(Object(App\Controllers\Cita))
#3 C:\laragon\www\vet\system\CodeIgniter.php(326): CodeIgniter\CodeIgniter->handleRequest(NULL, Object(Config\Cache), false)
#4 C:\laragon\www\vet\public\index.php(37): CodeIgniter\CodeIgniter->run()
#5 {main}
CRITICAL - 2022-05-06 17:34:33 --> Call to undefined method App\Models\CitaModel::getCitas
#0 C:\laragon\www\vet\app\Controllers\Cita.php(18): CodeIgniter\Model->__call('getCitas', Array)
#1 C:\laragon\www\vet\system\CodeIgniter.php(832): App\Controllers\Cita->index()
#2 C:\laragon\www\vet\system\CodeIgniter.php(419): CodeIgniter\CodeIgniter->runController(Object(App\Controllers\Cita))
#3 C:\laragon\www\vet\system\CodeIgniter.php(326): CodeIgniter\CodeIgniter->handleRequest(NULL, Object(Config\Cache), false)
#4 C:\laragon\www\vet\public\index.php(37): CodeIgniter\CodeIgniter->run()
#5 {main}
CRITICAL - 2022-05-06 17:34:33 --> Call to undefined method App\Models\CitaModel::getCitas
#0 C:\laragon\www\vet\app\Controllers\Cita.php(18): CodeIgniter\Model->__call('getCitas', Array)
#1 C:\laragon\www\vet\system\CodeIgniter.php(832): App\Controllers\Cita->index()
#2 C:\laragon\www\vet\system\CodeIgniter.php(419): CodeIgniter\CodeIgniter->runController(Object(App\Controllers\Cita))
#3 C:\laragon\www\vet\system\CodeIgniter.php(326): CodeIgniter\CodeIgniter->handleRequest(NULL, Object(Config\Cache), false)
#4 C:\laragon\www\vet\public\index.php(37): CodeIgniter\CodeIgniter->run()
#5 {main}
CRITICAL - 2022-05-06 17:34:33 --> Call to undefined method App\Models\CitaModel::getCitas
#0 C:\laragon\www\vet\app\Controllers\Cita.php(18): CodeIgniter\Model->__call('getCitas', Array)
#1 C:\laragon\www\vet\system\CodeIgniter.php(832): App\Controllers\Cita->index()
#2 C:\laragon\www\vet\system\CodeIgniter.php(419): CodeIgniter\CodeIgniter->runController(Object(App\Controllers\Cita))
#3 C:\laragon\www\vet\system\CodeIgniter.php(326): CodeIgniter\CodeIgniter->handleRequest(NULL, Object(Config\Cache), false)
#4 C:\laragon\www\vet\public\index.php(37): CodeIgniter\CodeIgniter->run()
#5 {main}
CRITICAL - 2022-05-06 17:34:34 --> Call to undefined method App\Models\CitaModel::getCitas
#0 C:\laragon\www\vet\app\Controllers\Cita.php(18): CodeIgniter\Model->__call('getCitas', Array)
#1 C:\laragon\www\vet\system\CodeIgniter.php(832): App\Controllers\Cita->index()
#2 C:\laragon\www\vet\system\CodeIgniter.php(419): CodeIgniter\CodeIgniter->runController(Object(App\Controllers\Cita))
#3 C:\laragon\www\vet\system\CodeIgniter.php(326): CodeIgniter\CodeIgniter->handleRequest(NULL, Object(Config\Cache), false)
#4 C:\laragon\www\vet\public\index.php(37): CodeIgniter\CodeIgniter->run()
#5 {main}
ERROR - 2022-05-06 17:37:07 --> Unknown column 'm.idUsuario' in 'on clause'
CRITICAL - 2022-05-06 17:37:07 --> Call to a member function getResult() on bool
#0 C:\laragon\www\vet\app\Controllers\Cita.php(19): App\Models\CitaModel->getCitas()
#1 C:\laragon\www\vet\system\CodeIgniter.php(832): App\Controllers\Cita->index()
#2 C:\laragon\www\vet\system\CodeIgniter.php(419): CodeIgniter\CodeIgniter->runController(Object(App\Controllers\Cita))
#3 C:\laragon\www\vet\system\CodeIgniter.php(326): CodeIgniter\CodeIgniter->handleRequest(NULL, Object(Config\Cache), false)
#4 C:\laragon\www\vet\public\index.php(37): CodeIgniter\CodeIgniter->run()
#5 {main}
ERROR - 2022-05-06 17:37:08 --> Unknown column 'm.idUsuario' in 'on clause'
CRITICAL - 2022-05-06 17:37:08 --> Call to a member function getResult() on bool
#0 C:\laragon\www\vet\app\Controllers\Cita.php(19): App\Models\CitaModel->getCitas()
#1 C:\laragon\www\vet\system\CodeIgniter.php(832): App\Controllers\Cita->index()
#2 C:\laragon\www\vet\system\CodeIgniter.php(419): CodeIgniter\CodeIgniter->runController(Object(App\Controllers\Cita))
#3 C:\laragon\www\vet\system\CodeIgniter.php(326): CodeIgniter\CodeIgniter->handleRequest(NULL, Object(Config\Cache), false)
#4 C:\laragon\www\vet\public\index.php(37): CodeIgniter\CodeIgniter->run()
#5 {main}
ERROR - 2022-05-06 17:40:44 --> Unknown column 'c.idUsuario' in 'on clause'
CRITICAL - 2022-05-06 17:40:44 --> Call to a member function getResult() on bool
#0 C:\laragon\www\vet\app\Controllers\Cita.php(19): App\Models\CitaModel->getCitas()
#1 C:\laragon\www\vet\system\CodeIgniter.php(832): App\Controllers\Cita->index()
#2 C:\laragon\www\vet\system\CodeIgniter.php(419): CodeIgniter\CodeIgniter->runController(Object(App\Controllers\Cita))
#3 C:\laragon\www\vet\system\CodeIgniter.php(326): CodeIgniter\CodeIgniter->handleRequest(NULL, Object(Config\Cache), false)
#4 C:\laragon\www\vet\public\index.php(37): CodeIgniter\CodeIgniter->run()
#5 {main}
ERROR - 2022-05-06 17:40:47 --> Unknown column 'c.idUsuario' in 'on clause'
CRITICAL - 2022-05-06 17:40:47 --> Call to a member function getResult() on bool
#0 C:\laragon\www\vet\app\Controllers\Cita.php(19): App\Models\CitaModel->getCitas()
#1 C:\laragon\www\vet\system\CodeIgniter.php(832): App\Controllers\Cita->index()
#2 C:\laragon\www\vet\system\CodeIgniter.php(419): CodeIgniter\CodeIgniter->runController(Object(App\Controllers\Cita))
#3 C:\laragon\www\vet\system\CodeIgniter.php(326): CodeIgniter\CodeIgniter->handleRequest(NULL, Object(Config\Cache), false)
#4 C:\laragon\www\vet\public\index.php(37): CodeIgniter\CodeIgniter->run()
#5 {main}
CRITICAL - 2022-05-06 17:41:30 --> Invalid argument supplied for foreach()
#0 C:\laragon\www\vet\app\Views\modals\mascota\crear.php(15): CodeIgniter\Debug\Exceptions->errorHandler(2, 'Invalid argumen...', 'C:\\laragon\\www\\...', 15, Array)
#1 C:\laragon\www\vet\system\View\View.php(210): include('C:\\laragon\\www\\...')
#2 C:\laragon\www\vet\system\View\View.php(213): CodeIgniter\View\View->CodeIgniter\View\{closure}()
#3 C:\laragon\www\vet\system\Common.php(1089): CodeIgniter\View\View->render('modals/mascota/...', Array, true)
#4 C:\laragon\www\vet\app\Views\cita\index.php(111): view('modals/mascota/...')
#5 C:\laragon\www\vet\system\View\View.php(210): include('C:\\laragon\\www\\...')
#6 C:\laragon\www\vet\system\View\View.php(213): CodeIgniter\View\View->CodeIgniter\View\{closure}()
#7 C:\laragon\www\vet\system\Common.php(1089): CodeIgniter\View\View->render('cita/index', Array, true)
#8 C:\laragon\www\vet\app\Controllers\Cita.php(23): view('cita/index', Array)
#9 C:\laragon\www\vet\system\CodeIgniter.php(832): App\Controllers\Cita->index()
#10 C:\laragon\www\vet\system\CodeIgniter.php(419): CodeIgniter\CodeIgniter->runController(Object(App\Controllers\Cita))
#11 C:\laragon\www\vet\system\CodeIgniter.php(326): CodeIgniter\CodeIgniter->handleRequest(NULL, Object(Config\Cache), false)
#12 C:\laragon\www\vet\public\index.php(37): CodeIgniter\CodeIgniter->run()
#13 {main}
CRITICAL - 2022-05-06 18:36:43 --> Invalid file: cita/index.php
#0 C:\Users\jesus\Documents\GitHub\vet\system\View\View.php(198): CodeIgniter\Exceptions\FrameworkException::forInvalidFile('cita/index.php')
#1 C:\Users\jesus\Documents\GitHub\vet\system\Common.php(1089): CodeIgniter\View\View->render('cita/index', Array, true)
#2 C:\Users\jesus\Documents\GitHub\vet\app\Controllers\Cita.php(23): view('cita/index', Array)
#3 C:\Users\jesus\Documents\GitHub\vet\system\CodeIgniter.php(832): App\Controllers\Cita->index()
#4 C:\Users\jesus\Documents\GitHub\vet\system\CodeIgniter.php(419): CodeIgniter\CodeIgniter->runController(Object(App\Controllers\Cita))
#5 C:\Users\jesus\Documents\GitHub\vet\system\CodeIgniter.php(326): CodeIgniter\CodeIgniter->handleRequest(NULL, Object(Config\Cache), false)
#6 C:\Users\jesus\Documents\GitHub\vet\public\index.php(37): CodeIgniter\CodeIgniter->run()
#7 {main}
CRITICAL - 2022-05-06 18:36:53 --> Invalid file: cita/index.php
#0 C:\Users\jesus\Documents\GitHub\vet\system\View\View.php(198): CodeIgniter\Exceptions\FrameworkException::forInvalidFile('cita/index.php')
#1 C:\Users\jesus\Documents\GitHub\vet\system\Common.php(1089): CodeIgniter\View\View->render('cita/index', Array, true)
#2 C:\Users\jesus\Documents\GitHub\vet\app\Controllers\Cita.php(23): view('cita/index', Array)
#3 C:\Users\jesus\Documents\GitHub\vet\system\CodeIgniter.php(832): App\Controllers\Cita->index()
#4 C:\Users\jesus\Documents\GitHub\vet\system\CodeIgniter.php(419): CodeIgniter\CodeIgniter->runController(Object(App\Controllers\Cita))
#5 C:\Users\jesus\Documents\GitHub\vet\system\CodeIgniter.php(326): CodeIgniter\CodeIgniter->handleRequest(NULL, Object(Config\Cache), false)
#6 C:\Users\jesus\Documents\GitHub\vet\public\index.php(37): CodeIgniter\CodeIgniter->run()
#7 {main}
CRITICAL - 2022-05-06 18:58:22 --> Invalid argument supplied for foreach()
#0 C:\Users\jesus\Documents\GitHub\vet\app\Views\modals\venta\crear.php(15): CodeIgniter\Debug\Exceptions->errorHandler(2, 'Invalid argumen...', 'C:\\Users\\jesus\\...', 15, Array)
#1 C:\Users\jesus\Documents\GitHub\vet\system\View\View.php(210): include('C:\\Users\\jesus\\...')
#2 C:\Users\jesus\Documents\GitHub\vet\system\View\View.php(213): CodeIgniter\View\View->CodeIgniter\View\{closure}()
#3 C:\Users\jesus\Documents\GitHub\vet\system\Common.php(1089): CodeIgniter\View\View->render('modals/venta/cr...', Array, true)
#4 C:\Users\jesus\Documents\GitHub\vet\app\Views\venta\index.php(109): view('modals/venta/cr...')
#5 C:\Users\jesus\Documents\GitHub\vet\system\View\View.php(210): include('C:\\Users\\jesus\\...')
#6 C:\Users\jesus\Documents\GitHub\vet\system\View\View.php(213): CodeIgniter\View\View->CodeIgniter\View\{closure}()
#7 C:\Users\jesus\Documents\GitHub\vet\system\Common.php(1089): CodeIgniter\View\View->render('venta/index', Array, true)
#8 C:\Users\jesus\Documents\GitHub\vet\app\Controllers\Venta.php(17): view('venta/index', Array)
#9 C:\Users\jesus\Documents\GitHub\vet\system\CodeIgniter.php(832): App\Controllers\Venta->index()
#10 C:\Users\jesus\Documents\GitHub\vet\system\CodeIgniter.php(419): CodeIgniter\CodeIgniter->runController(Object(App\Controllers\Venta))
#11 C:\Users\jesus\Documents\GitHub\vet\system\CodeIgniter.php(326): CodeIgniter\CodeIgniter->handleRequest(NULL, Object(Config\Cache), false)
#12 C:\Users\jesus\Documents\GitHub\vet\public\index.php(37): CodeIgniter\CodeIgniter->run()
#13 {main}
ERROR - 2022-05-06 21:16:24 --> Column 'productos' cannot be null
ERROR - 2022-05-06 21:16:31 --> Column 'productos' cannot be null
ERROR - 2022-05-06 21:16:34 --> Column 'productos' cannot be null
ERROR - 2022-05-06 21:17:01 --> Column 'productos' cannot be null
ERROR - 2022-05-06 21:17:07 --> Column 'productos' cannot be null
ERROR - 2022-05-06 21:17:19 --> Column 'productos' cannot be null
ERROR - 2022-05-06 21:18:33 --> Column 'productos' cannot be null
ERROR - 2022-05-06 21:23:50 --> Column 'productos' cannot be null
ERROR - 2022-05-06 21:25:48 --> Column 'descripcion' cannot be null
ERROR - 2022-05-06 21:26:49 --> Column 'descripcion' cannot be null
ERROR - 2022-05-06 21:27:42 --> Column 'descripcion' cannot be null
ERROR - 2022-05-06 21:27:49 --> Column 'descripcion' cannot be null
ERROR - 2022-05-06 21:27:49 --> Column 'descripcion' cannot be null
ERROR - 2022-05-06 21:27:49 --> Column 'descripcion' cannot be null
ERROR - 2022-05-06 21:28:03 --> Column 'descripcion' cannot be null
ERROR - 2022-05-06 21:29:52 --> Column 'descripcion' cannot be null
CRITICAL - 2022-05-06 21:33:51 --> There is no data to insert.
#0 C:\Users\jesus\Documents\GitHub\vet\system\BaseModel.php(718): CodeIgniter\Database\Exceptions\DataException::forEmptyDataset('insert')
#1 C:\Users\jesus\Documents\GitHub\vet\system\Model.php(625): CodeIgniter\BaseModel->insert(Array, true)
#2 C:\Users\jesus\Documents\GitHub\vet\app\Controllers\Venta.php(43): CodeIgniter\Model->insert(Array)
#3 C:\Users\jesus\Documents\GitHub\vet\system\CodeIgniter.php(832): App\Controllers\Venta->add_cart()
#4 C:\Users\jesus\Documents\GitHub\vet\system\CodeIgniter.php(419): CodeIgniter\CodeIgniter->runController(Object(App\Controllers\Venta))
#5 C:\Users\jesus\Documents\GitHub\vet\system\CodeIgniter.php(326): CodeIgniter\CodeIgniter->handleRequest(NULL, Object(Config\Cache), false)
#6 C:\Users\jesus\Documents\GitHub\vet\public\index.php(37): CodeIgniter\CodeIgniter->run()
#7 {main}
CRITICAL - 2022-05-06 21:35:51 --> Call to a member function insert() on null
#0 C:\Users\jesus\Documents\GitHub\vet\system\CodeIgniter.php(832): App\Controllers\Venta->add_cart()
#1 C:\Users\jesus\Documents\GitHub\vet\system\CodeIgniter.php(419): CodeIgniter\CodeIgniter->runController(Object(App\Controllers\Venta))
#2 C:\Users\jesus\Documents\GitHub\vet\system\CodeIgniter.php(326): CodeIgniter\CodeIgniter->handleRequest(NULL, Object(Config\Cache), false)
#3 C:\Users\jesus\Documents\GitHub\vet\public\index.php(37): CodeIgniter\CodeIgniter->run()
#4 {main}
CRITICAL - 2022-05-06 21:42:58 --> Invalid file: cita/index.php
#0 C:\Users\jesus\Documents\GitHub\vet\system\View\View.php(198): CodeIgniter\Exceptions\FrameworkException::forInvalidFile('cita/index.php')
#1 C:\Users\jesus\Documents\GitHub\vet\system\Common.php(1089): CodeIgniter\View\View->render('cita/index', Array, true)
#2 C:\Users\jesus\Documents\GitHub\vet\app\Controllers\Cita.php(23): view('cita/index', Array)
#3 C:\Users\jesus\Documents\GitHub\vet\system\CodeIgniter.php(832): App\Controllers\Cita->index()
#4 C:\Users\jesus\Documents\GitHub\vet\system\CodeIgniter.php(419): CodeIgniter\CodeIgniter->runController(Object(App\Controllers\Cita))
#5 C:\Users\jesus\Documents\GitHub\vet\system\CodeIgniter.php(326): CodeIgniter\CodeIgniter->handleRequest(NULL, Object(Config\Cache), false)
#6 C:\Users\jesus\Documents\GitHub\vet\public\index.php(37): CodeIgniter\CodeIgniter->run()
#7 {main}
