CRITICAL - 2022-05-07 14:55:02 --> Invalid file: cita/index.php
#0 C:\Users\maste\OneDrive\Documents\GitHub\vet\system\View\View.php(198): CodeIgniter\Exceptions\FrameworkException::forInvalidFile('cita/index.php')
#1 C:\Users\maste\OneDrive\Documents\GitHub\vet\system\Common.php(1089): CodeIgniter\View\View->render('cita/index', Array, true)
#2 C:\Users\maste\OneDrive\Documents\GitHub\vet\app\Controllers\Cita.php(23): view('cita/index', Array)
#3 C:\Users\maste\OneDrive\Documents\GitHub\vet\system\CodeIgniter.php(832): App\Controllers\Cita->index()
#4 C:\Users\maste\OneDrive\Documents\GitHub\vet\system\CodeIgniter.php(419): CodeIgniter\CodeIgniter->runController(Object(App\Controllers\Cita))
#5 C:\Users\maste\OneDrive\Documents\GitHub\vet\system\CodeIgniter.php(326): CodeIgniter\CodeIgniter->handleRequest(NULL, Object(Config\Cache), false)
#6 C:\Users\maste\OneDrive\Documents\GitHub\vet\public\index.php(37): CodeIgniter\CodeIgniter->run()
#7 {main}
CRITICAL - 2022-05-07 15:03:58 --> Invalid file: cita/index.php
#0 C:\Users\maste\OneDrive\Documents\GitHub\vet\system\View\View.php(198): CodeIgniter\Exceptions\FrameworkException::forInvalidFile('cita/index.php')
#1 C:\Users\maste\OneDrive\Documents\GitHub\vet\system\Common.php(1089): CodeIgniter\View\View->render('cita/index', Array, true)
#2 C:\Users\maste\OneDrive\Documents\GitHub\vet\app\Controllers\Cita.php(23): view('cita/index', Array)
#3 C:\Users\maste\OneDrive\Documents\GitHub\vet\system\CodeIgniter.php(832): App\Controllers\Cita->index()
#4 C:\Users\maste\OneDrive\Documents\GitHub\vet\system\CodeIgniter.php(419): CodeIgniter\CodeIgniter->runController(Object(App\Controllers\Cita))
#5 C:\Users\maste\OneDrive\Documents\GitHub\vet\system\CodeIgniter.php(326): CodeIgniter\CodeIgniter->handleRequest(NULL, Object(Config\Cache), false)
#6 C:\Users\maste\OneDrive\Documents\GitHub\vet\public\index.php(37): CodeIgniter\CodeIgniter->run()
#7 {main}
CRITICAL - 2022-05-07 15:18:12 --> Invalid argument supplied for foreach()
#0 C:\Users\maste\OneDrive\Documents\GitHub\vet\app\Views\cita\index.php(61): CodeIgniter\Debug\Exceptions->errorHandler(2, 'Invalid argumen...', 'C:\\Users\\maste\\...', 61, Array)
#1 C:\Users\maste\OneDrive\Documents\GitHub\vet\system\View\View.php(210): include('C:\\Users\\maste\\...')
#2 C:\Users\maste\OneDrive\Documents\GitHub\vet\system\View\View.php(213): CodeIgniter\View\View->CodeIgniter\View\{closure}()
#3 C:\Users\maste\OneDrive\Documents\GitHub\vet\system\Common.php(1089): CodeIgniter\View\View->render('cita/index', Array, true)
#4 C:\Users\maste\OneDrive\Documents\GitHub\vet\app\Controllers\Cita.php(23): view('cita/index', Array)
#5 C:\Users\maste\OneDrive\Documents\GitHub\vet\system\CodeIgniter.php(832): App\Controllers\Cita->index()
#6 C:\Users\maste\OneDrive\Documents\GitHub\vet\system\CodeIgniter.php(419): CodeIgniter\CodeIgniter->runController(Object(App\Controllers\Cita))
#7 C:\Users\maste\OneDrive\Documents\GitHub\vet\system\CodeIgniter.php(326): CodeIgniter\CodeIgniter->handleRequest(NULL, Object(Config\Cache), false)
#8 C:\Users\maste\OneDrive\Documents\GitHub\vet\public\index.php(37): CodeIgniter\CodeIgniter->run()
#9 {main}
CRITICAL - 2022-05-07 15:18:15 --> Invalid argument supplied for foreach()
#0 C:\Users\maste\OneDrive\Documents\GitHub\vet\app\Views\cita\index.php(61): CodeIgniter\Debug\Exceptions->errorHandler(2, 'Invalid argumen...', 'C:\\Users\\maste\\...', 61, Array)
#1 C:\Users\maste\OneDrive\Documents\GitHub\vet\system\View\View.php(210): include('C:\\Users\\maste\\...')
#2 C:\Users\maste\OneDrive\Documents\GitHub\vet\system\View\View.php(213): CodeIgniter\View\View->CodeIgniter\View\{closure}()
#3 C:\Users\maste\OneDrive\Documents\GitHub\vet\system\Common.php(1089): CodeIgniter\View\View->render('cita/index', Array, true)
#4 C:\Users\maste\OneDrive\Documents\GitHub\vet\app\Controllers\Cita.php(23): view('cita/index', Array)
#5 C:\Users\maste\OneDrive\Documents\GitHub\vet\system\CodeIgniter.php(832): App\Controllers\Cita->index()
#6 C:\Users\maste\OneDrive\Documents\GitHub\vet\system\CodeIgniter.php(419): CodeIgniter\CodeIgniter->runController(Object(App\Controllers\Cita))
#7 C:\Users\maste\OneDrive\Documents\GitHub\vet\system\CodeIgniter.php(326): CodeIgniter\CodeIgniter->handleRequest(NULL, Object(Config\Cache), false)
#8 C:\Users\maste\OneDrive\Documents\GitHub\vet\public\index.php(37): CodeIgniter\CodeIgniter->run()
#9 {main}
CRITICAL - 2022-05-07 15:22:12 --> Invalid argument supplied for foreach()
#0 C:\Users\maste\OneDrive\Documents\GitHub\vet\app\Views\cita\index.php(61): CodeIgniter\Debug\Exceptions->errorHandler(2, 'Invalid argumen...', 'C:\\Users\\maste\\...', 61, Array)
#1 C:\Users\maste\OneDrive\Documents\GitHub\vet\system\View\View.php(210): include('C:\\Users\\maste\\...')
#2 C:\Users\maste\OneDrive\Documents\GitHub\vet\system\View\View.php(213): CodeIgniter\View\View->CodeIgniter\View\{closure}()
#3 C:\Users\maste\OneDrive\Documents\GitHub\vet\system\Common.php(1089): CodeIgniter\View\View->render('cita/index', Array, true)
#4 C:\Users\maste\OneDrive\Documents\GitHub\vet\app\Controllers\Cita.php(23): view('cita/index', Array)
#5 C:\Users\maste\OneDrive\Documents\GitHub\vet\system\CodeIgniter.php(832): App\Controllers\Cita->index()
#6 C:\Users\maste\OneDrive\Documents\GitHub\vet\system\CodeIgniter.php(419): CodeIgniter\CodeIgniter->runController(Object(App\Controllers\Cita))
#7 C:\Users\maste\OneDrive\Documents\GitHub\vet\system\CodeIgniter.php(326): CodeIgniter\CodeIgniter->handleRequest(NULL, Object(Config\Cache), false)
#8 C:\Users\maste\OneDrive\Documents\GitHub\vet\public\index.php(37): CodeIgniter\CodeIgniter->run()
#9 {main}
CRITICAL - 2022-05-07 15:23:42 --> Invalid argument supplied for foreach()
#0 C:\Users\maste\OneDrive\Documents\GitHub\vet\app\Views\cita\index.php(61): CodeIgniter\Debug\Exceptions->errorHandler(2, 'Invalid argumen...', 'C:\\Users\\maste\\...', 61, Array)
#1 C:\Users\maste\OneDrive\Documents\GitHub\vet\system\View\View.php(210): include('C:\\Users\\maste\\...')
#2 C:\Users\maste\OneDrive\Documents\GitHub\vet\system\View\View.php(213): CodeIgniter\View\View->CodeIgniter\View\{closure}()
#3 C:\Users\maste\OneDrive\Documents\GitHub\vet\system\Common.php(1089): CodeIgniter\View\View->render('cita/index', Array, true)
#4 C:\Users\maste\OneDrive\Documents\GitHub\vet\app\Controllers\Cita.php(23): view('cita/index', Array)
#5 C:\Users\maste\OneDrive\Documents\GitHub\vet\system\CodeIgniter.php(832): App\Controllers\Cita->index()
#6 C:\Users\maste\OneDrive\Documents\GitHub\vet\system\CodeIgniter.php(419): CodeIgniter\CodeIgniter->runController(Object(App\Controllers\Cita))
#7 C:\Users\maste\OneDrive\Documents\GitHub\vet\system\CodeIgniter.php(326): CodeIgniter\CodeIgniter->handleRequest(NULL, Object(Config\Cache), false)
#8 C:\Users\maste\OneDrive\Documents\GitHub\vet\public\index.php(37): CodeIgniter\CodeIgniter->run()
#9 {main}
CRITICAL - 2022-05-07 15:25:08 --> Invalid argument supplied for foreach()
#0 C:\Users\maste\OneDrive\Documents\GitHub\vet\app\Views\cita\index.php(61): CodeIgniter\Debug\Exceptions->errorHandler(2, 'Invalid argumen...', 'C:\\Users\\maste\\...', 61, Array)
#1 C:\Users\maste\OneDrive\Documents\GitHub\vet\system\View\View.php(210): include('C:\\Users\\maste\\...')
#2 C:\Users\maste\OneDrive\Documents\GitHub\vet\system\View\View.php(213): CodeIgniter\View\View->CodeIgniter\View\{closure}()
#3 C:\Users\maste\OneDrive\Documents\GitHub\vet\system\Common.php(1089): CodeIgniter\View\View->render('cita/index', Array, true)
#4 C:\Users\maste\OneDrive\Documents\GitHub\vet\app\Controllers\Cita.php(23): view('cita/index', Array)
#5 C:\Users\maste\OneDrive\Documents\GitHub\vet\system\CodeIgniter.php(832): App\Controllers\Cita->index()
#6 C:\Users\maste\OneDrive\Documents\GitHub\vet\system\CodeIgniter.php(419): CodeIgniter\CodeIgniter->runController(Object(App\Controllers\Cita))
#7 C:\Users\maste\OneDrive\Documents\GitHub\vet\system\CodeIgniter.php(326): CodeIgniter\CodeIgniter->handleRequest(NULL, Object(Config\Cache), false)
#8 C:\Users\maste\OneDrive\Documents\GitHub\vet\public\index.php(37): CodeIgniter\CodeIgniter->run()
#9 {main}
CRITICAL - 2022-05-07 15:25:29 --> Invalid argument supplied for foreach()
#0 C:\Users\maste\OneDrive\Documents\GitHub\vet\app\Views\cita\index.php(61): CodeIgniter\Debug\Exceptions->errorHandler(2, 'Invalid argumen...', 'C:\\Users\\maste\\...', 61, Array)
#1 C:\Users\maste\OneDrive\Documents\GitHub\vet\system\View\View.php(210): include('C:\\Users\\maste\\...')
#2 C:\Users\maste\OneDrive\Documents\GitHub\vet\system\View\View.php(213): CodeIgniter\View\View->CodeIgniter\View\{closure}()
#3 C:\Users\maste\OneDrive\Documents\GitHub\vet\system\Common.php(1089): CodeIgniter\View\View->render('cita/index', Array, true)
#4 C:\Users\maste\OneDrive\Documents\GitHub\vet\app\Controllers\Cita.php(23): view('cita/index', Array)
#5 C:\Users\maste\OneDrive\Documents\GitHub\vet\system\CodeIgniter.php(832): App\Controllers\Cita->index()
#6 C:\Users\maste\OneDrive\Documents\GitHub\vet\system\CodeIgniter.php(419): CodeIgniter\CodeIgniter->runController(Object(App\Controllers\Cita))
#7 C:\Users\maste\OneDrive\Documents\GitHub\vet\system\CodeIgniter.php(326): CodeIgniter\CodeIgniter->handleRequest(NULL, Object(Config\Cache), false)
#8 C:\Users\maste\OneDrive\Documents\GitHub\vet\public\index.php(37): CodeIgniter\CodeIgniter->run()
#9 {main}
CRITICAL - 2022-05-07 15:25:37 --> Invalid argument supplied for foreach()
#0 C:\Users\maste\OneDrive\Documents\GitHub\vet\app\Views\cita\index.php(61): CodeIgniter\Debug\Exceptions->errorHandler(2, 'Invalid argumen...', 'C:\\Users\\maste\\...', 61, Array)
#1 C:\Users\maste\OneDrive\Documents\GitHub\vet\system\View\View.php(210): include('C:\\Users\\maste\\...')
#2 C:\Users\maste\OneDrive\Documents\GitHub\vet\system\View\View.php(213): CodeIgniter\View\View->CodeIgniter\View\{closure}()
#3 C:\Users\maste\OneDrive\Documents\GitHub\vet\system\Common.php(1089): CodeIgniter\View\View->render('cita/index', Array, true)
#4 C:\Users\maste\OneDrive\Documents\GitHub\vet\app\Controllers\Cita.php(23): view('cita/index', Array)
#5 C:\Users\maste\OneDrive\Documents\GitHub\vet\system\CodeIgniter.php(832): App\Controllers\Cita->index()
#6 C:\Users\maste\OneDrive\Documents\GitHub\vet\system\CodeIgniter.php(419): CodeIgniter\CodeIgniter->runController(Object(App\Controllers\Cita))
#7 C:\Users\maste\OneDrive\Documents\GitHub\vet\system\CodeIgniter.php(326): CodeIgniter\CodeIgniter->handleRequest(NULL, Object(Config\Cache), false)
#8 C:\Users\maste\OneDrive\Documents\GitHub\vet\public\index.php(37): CodeIgniter\CodeIgniter->run()
#9 {main}
CRITICAL - 2022-05-07 21:59:43 --> Invalid argument supplied for foreach()
#0 C:\Users\maste\OneDrive\Documents\GitHub\vet\app\Views\modals\cita\crear.php(15): CodeIgniter\Debug\Exceptions->errorHandler(2, 'Invalid argumen...', 'C:\\Users\\maste\\...', 15, Array)
#1 C:\Users\maste\OneDrive\Documents\GitHub\vet\system\View\View.php(210): include('C:\\Users\\maste\\...')
#2 C:\Users\maste\OneDrive\Documents\GitHub\vet\system\View\View.php(213): CodeIgniter\View\View->CodeIgniter\View\{closure}()
#3 C:\Users\maste\OneDrive\Documents\GitHub\vet\system\Common.php(1089): CodeIgniter\View\View->render('modals/cita/cre...', Array, true)
#4 C:\Users\maste\OneDrive\Documents\GitHub\vet\app\Views\cita\index.php(114): view('modals/cita/cre...')
#5 C:\Users\maste\OneDrive\Documents\GitHub\vet\system\View\View.php(210): include('C:\\Users\\maste\\...')
#6 C:\Users\maste\OneDrive\Documents\GitHub\vet\system\View\View.php(213): CodeIgniter\View\View->CodeIgniter\View\{closure}()
#7 C:\Users\maste\OneDrive\Documents\GitHub\vet\system\Common.php(1089): CodeIgniter\View\View->render('cita/index', Array, true)
#8 C:\Users\maste\OneDrive\Documents\GitHub\vet\app\Controllers\Cita.php(23): view('cita/index', Array)
#9 C:\Users\maste\OneDrive\Documents\GitHub\vet\system\CodeIgniter.php(832): App\Controllers\Cita->index()
#10 C:\Users\maste\OneDrive\Documents\GitHub\vet\system\CodeIgniter.php(419): CodeIgniter\CodeIgniter->runController(Object(App\Controllers\Cita))
#11 C:\Users\maste\OneDrive\Documents\GitHub\vet\system\CodeIgniter.php(326): CodeIgniter\CodeIgniter->handleRequest(NULL, Object(Config\Cache), false)
#12 C:\Users\maste\OneDrive\Documents\GitHub\vet\public\index.php(37): CodeIgniter\CodeIgniter->run()
#13 {main}
CRITICAL - 2022-05-07 22:01:55 --> Invalid argument supplied for foreach()
#0 C:\Users\maste\OneDrive\Documents\GitHub\vet\app\Views\modals\cita\crear.php(15): CodeIgniter\Debug\Exceptions->errorHandler(2, 'Invalid argumen...', 'C:\\Users\\maste\\...', 15, Array)
#1 C:\Users\maste\OneDrive\Documents\GitHub\vet\system\View\View.php(210): include('C:\\Users\\maste\\...')
#2 C:\Users\maste\OneDrive\Documents\GitHub\vet\system\View\View.php(213): CodeIgniter\View\View->CodeIgniter\View\{closure}()
#3 C:\Users\maste\OneDrive\Documents\GitHub\vet\system\Common.php(1089): CodeIgniter\View\View->render('modals/cita/cre...', Array, true)
#4 C:\Users\maste\OneDrive\Documents\GitHub\vet\app\Views\cita\index.php(114): view('modals/cita/cre...')
#5 C:\Users\maste\OneDrive\Documents\GitHub\vet\system\View\View.php(210): include('C:\\Users\\maste\\...')
#6 C:\Users\maste\OneDrive\Documents\GitHub\vet\system\View\View.php(213): CodeIgniter\View\View->CodeIgniter\View\{closure}()
#7 C:\Users\maste\OneDrive\Documents\GitHub\vet\system\Common.php(1089): CodeIgniter\View\View->render('cita/index', Array, true)
#8 C:\Users\maste\OneDrive\Documents\GitHub\vet\app\Controllers\Cita.php(23): view('cita/index', Array)
#9 C:\Users\maste\OneDrive\Documents\GitHub\vet\system\CodeIgniter.php(832): App\Controllers\Cita->index()
#10 C:\Users\maste\OneDrive\Documents\GitHub\vet\system\CodeIgniter.php(419): CodeIgniter\CodeIgniter->runController(Object(App\Controllers\Cita))
#11 C:\Users\maste\OneDrive\Documents\GitHub\vet\system\CodeIgniter.php(326): CodeIgniter\CodeIgniter->handleRequest(NULL, Object(Config\Cache), false)
#12 C:\Users\maste\OneDrive\Documents\GitHub\vet\public\index.php(37): CodeIgniter\CodeIgniter->run()
#13 {main}
CRITICAL - 2022-05-07 22:04:38 --> Invalid argument supplied for foreach()
#0 C:\Users\maste\OneDrive\Documents\GitHub\vet\app\Views\modals\cita\crear.php(15): CodeIgniter\Debug\Exceptions->errorHandler(2, 'Invalid argumen...', 'C:\\Users\\maste\\...', 15, Array)
#1 C:\Users\maste\OneDrive\Documents\GitHub\vet\system\View\View.php(210): include('C:\\Users\\maste\\...')
#2 C:\Users\maste\OneDrive\Documents\GitHub\vet\system\View\View.php(213): CodeIgniter\View\View->CodeIgniter\View\{closure}()
#3 C:\Users\maste\OneDrive\Documents\GitHub\vet\system\Common.php(1089): CodeIgniter\View\View->render('modals/cita/cre...', Array, true)
#4 C:\Users\maste\OneDrive\Documents\GitHub\vet\app\Views\cita\index.php(114): view('modals/cita/cre...')
#5 C:\Users\maste\OneDrive\Documents\GitHub\vet\system\View\View.php(210): include('C:\\Users\\maste\\...')
#6 C:\Users\maste\OneDrive\Documents\GitHub\vet\system\View\View.php(213): CodeIgniter\View\View->CodeIgniter\View\{closure}()
#7 C:\Users\maste\OneDrive\Documents\GitHub\vet\system\Common.php(1089): CodeIgniter\View\View->render('cita/index', Array, true)
#8 C:\Users\maste\OneDrive\Documents\GitHub\vet\app\Controllers\Cita.php(23): view('cita/index', Array)
#9 C:\Users\maste\OneDrive\Documents\GitHub\vet\system\CodeIgniter.php(832): App\Controllers\Cita->index()
#10 C:\Users\maste\OneDrive\Documents\GitHub\vet\system\CodeIgniter.php(419): CodeIgniter\CodeIgniter->runController(Object(App\Controllers\Cita))
#11 C:\Users\maste\OneDrive\Documents\GitHub\vet\system\CodeIgniter.php(326): CodeIgniter\CodeIgniter->handleRequest(NULL, Object(Config\Cache), false)
#12 C:\Users\maste\OneDrive\Documents\GitHub\vet\public\index.php(37): CodeIgniter\CodeIgniter->run()
#13 {main}
CRITICAL - 2022-05-07 22:18:50 --> Invalid argument supplied for foreach()
#0 C:\Users\maste\OneDrive\Documents\GitHub\vet\app\Views\modals\cita\crear.php(15): CodeIgniter\Debug\Exceptions->errorHandler(2, 'Invalid argumen...', 'C:\\Users\\maste\\...', 15, Array)
#1 C:\Users\maste\OneDrive\Documents\GitHub\vet\system\View\View.php(210): include('C:\\Users\\maste\\...')
#2 C:\Users\maste\OneDrive\Documents\GitHub\vet\system\View\View.php(213): CodeIgniter\View\View->CodeIgniter\View\{closure}()
#3 C:\Users\maste\OneDrive\Documents\GitHub\vet\system\Common.php(1089): CodeIgniter\View\View->render('modals/cita/cre...', Array, true)
#4 C:\Users\maste\OneDrive\Documents\GitHub\vet\app\Views\cita\index.php(114): view('modals/cita/cre...')
#5 C:\Users\maste\OneDrive\Documents\GitHub\vet\system\View\View.php(210): include('C:\\Users\\maste\\...')
#6 C:\Users\maste\OneDrive\Documents\GitHub\vet\system\View\View.php(213): CodeIgniter\View\View->CodeIgniter\View\{closure}()
#7 C:\Users\maste\OneDrive\Documents\GitHub\vet\system\Common.php(1089): CodeIgniter\View\View->render('cita/index', Array, true)
#8 C:\Users\maste\OneDrive\Documents\GitHub\vet\app\Controllers\Cita.php(23): view('cita/index', Array)
#9 C:\Users\maste\OneDrive\Documents\GitHub\vet\system\CodeIgniter.php(832): App\Controllers\Cita->index()
#10 C:\Users\maste\OneDrive\Documents\GitHub\vet\system\CodeIgniter.php(419): CodeIgniter\CodeIgniter->runController(Object(App\Controllers\Cita))
#11 C:\Users\maste\OneDrive\Documents\GitHub\vet\system\CodeIgniter.php(326): CodeIgniter\CodeIgniter->handleRequest(NULL, Object(Config\Cache), false)
#12 C:\Users\maste\OneDrive\Documents\GitHub\vet\public\index.php(37): CodeIgniter\CodeIgniter->run()
#13 {main}
CRITICAL - 2022-05-07 22:24:48 --> Invalid argument supplied for foreach()
#0 C:\Users\maste\OneDrive\Documents\GitHub\vet\app\Views\modals\cita\crear.php(15): CodeIgniter\Debug\Exceptions->errorHandler(2, 'Invalid argumen...', 'C:\\Users\\maste\\...', 15, Array)
#1 C:\Users\maste\OneDrive\Documents\GitHub\vet\system\View\View.php(210): include('C:\\Users\\maste\\...')
#2 C:\Users\maste\OneDrive\Documents\GitHub\vet\system\View\View.php(213): CodeIgniter\View\View->CodeIgniter\View\{closure}()
#3 C:\Users\maste\OneDrive\Documents\GitHub\vet\system\Common.php(1089): CodeIgniter\View\View->render('modals/cita/cre...', Array, true)
#4 C:\Users\maste\OneDrive\Documents\GitHub\vet\app\Views\cita\index.php(114): view('modals/cita/cre...')
#5 C:\Users\maste\OneDrive\Documents\GitHub\vet\system\View\View.php(210): include('C:\\Users\\maste\\...')
#6 C:\Users\maste\OneDrive\Documents\GitHub\vet\system\View\View.php(213): CodeIgniter\View\View->CodeIgniter\View\{closure}()
#7 C:\Users\maste\OneDrive\Documents\GitHub\vet\system\Common.php(1089): CodeIgniter\View\View->render('cita/index', Array, true)
#8 C:\Users\maste\OneDrive\Documents\GitHub\vet\app\Controllers\Cita.php(23): view('cita/index', Array)
#9 C:\Users\maste\OneDrive\Documents\GitHub\vet\system\CodeIgniter.php(832): App\Controllers\Cita->index()
#10 C:\Users\maste\OneDrive\Documents\GitHub\vet\system\CodeIgniter.php(419): CodeIgniter\CodeIgniter->runController(Object(App\Controllers\Cita))
#11 C:\Users\maste\OneDrive\Documents\GitHub\vet\system\CodeIgniter.php(326): CodeIgniter\CodeIgniter->handleRequest(NULL, Object(Config\Cache), false)
#12 C:\Users\maste\OneDrive\Documents\GitHub\vet\public\index.php(37): CodeIgniter\CodeIgniter->run()
#13 {main}
CRITICAL - 2022-05-07 22:24:56 --> Invalid argument supplied for foreach()
#0 C:\Users\maste\OneDrive\Documents\GitHub\vet\app\Views\modals\cita\crear.php(15): CodeIgniter\Debug\Exceptions->errorHandler(2, 'Invalid argumen...', 'C:\\Users\\maste\\...', 15, Array)
#1 C:\Users\maste\OneDrive\Documents\GitHub\vet\system\View\View.php(210): include('C:\\Users\\maste\\...')
#2 C:\Users\maste\OneDrive\Documents\GitHub\vet\system\View\View.php(213): CodeIgniter\View\View->CodeIgniter\View\{closure}()
#3 C:\Users\maste\OneDrive\Documents\GitHub\vet\system\Common.php(1089): CodeIgniter\View\View->render('modals/cita/cre...', Array, true)
#4 C:\Users\maste\OneDrive\Documents\GitHub\vet\app\Views\cita\index.php(114): view('modals/cita/cre...')
#5 C:\Users\maste\OneDrive\Documents\GitHub\vet\system\View\View.php(210): include('C:\\Users\\maste\\...')
#6 C:\Users\maste\OneDrive\Documents\GitHub\vet\system\View\View.php(213): CodeIgniter\View\View->CodeIgniter\View\{closure}()
#7 C:\Users\maste\OneDrive\Documents\GitHub\vet\system\Common.php(1089): CodeIgniter\View\View->render('cita/index', Array, true)
#8 C:\Users\maste\OneDrive\Documents\GitHub\vet\app\Controllers\Cita.php(23): view('cita/index', Array)
#9 C:\Users\maste\OneDrive\Documents\GitHub\vet\system\CodeIgniter.php(832): App\Controllers\Cita->index()
#10 C:\Users\maste\OneDrive\Documents\GitHub\vet\system\CodeIgniter.php(419): CodeIgniter\CodeIgniter->runController(Object(App\Controllers\Cita))
#11 C:\Users\maste\OneDrive\Documents\GitHub\vet\system\CodeIgniter.php(326): CodeIgniter\CodeIgniter->handleRequest(NULL, Object(Config\Cache), false)
#12 C:\Users\maste\OneDrive\Documents\GitHub\vet\public\index.php(37): CodeIgniter\CodeIgniter->run()
#13 {main}
CRITICAL - 2022-05-07 22:25:06 --> Invalid argument supplied for foreach()
#0 C:\Users\maste\OneDrive\Documents\GitHub\vet\app\Views\modals\cita\crear.php(15): CodeIgniter\Debug\Exceptions->errorHandler(2, 'Invalid argumen...', 'C:\\Users\\maste\\...', 15, Array)
#1 C:\Users\maste\OneDrive\Documents\GitHub\vet\system\View\View.php(210): include('C:\\Users\\maste\\...')
#2 C:\Users\maste\OneDrive\Documents\GitHub\vet\system\View\View.php(213): CodeIgniter\View\View->CodeIgniter\View\{closure}()
#3 C:\Users\maste\OneDrive\Documents\GitHub\vet\system\Common.php(1089): CodeIgniter\View\View->render('modals/cita/cre...', Array, true)
#4 C:\Users\maste\OneDrive\Documents\GitHub\vet\app\Views\cita\index.php(114): view('modals/cita/cre...')
#5 C:\Users\maste\OneDrive\Documents\GitHub\vet\system\View\View.php(210): include('C:\\Users\\maste\\...')
#6 C:\Users\maste\OneDrive\Documents\GitHub\vet\system\View\View.php(213): CodeIgniter\View\View->CodeIgniter\View\{closure}()
#7 C:\Users\maste\OneDrive\Documents\GitHub\vet\system\Common.php(1089): CodeIgniter\View\View->render('cita/index', Array, true)
#8 C:\Users\maste\OneDrive\Documents\GitHub\vet\app\Controllers\Cita.php(23): view('cita/index', Array)
#9 C:\Users\maste\OneDrive\Documents\GitHub\vet\system\CodeIgniter.php(832): App\Controllers\Cita->index()
#10 C:\Users\maste\OneDrive\Documents\GitHub\vet\system\CodeIgniter.php(419): CodeIgniter\CodeIgniter->runController(Object(App\Controllers\Cita))
#11 C:\Users\maste\OneDrive\Documents\GitHub\vet\system\CodeIgniter.php(326): CodeIgniter\CodeIgniter->handleRequest(NULL, Object(Config\Cache), false)
#12 C:\Users\maste\OneDrive\Documents\GitHub\vet\public\index.php(37): CodeIgniter\CodeIgniter->run()
#13 {main}
